Change Component Footprint: Designator=R23 Old Footprint=SM-RES-0805 New Footprint=SM-RES-1206
Change Component Footprint: Designator=R25 Old Footprint=SM-RES-1206 New Footprint=SM-RES-0805
Added Component: Designator=C14(SM-CAP-0805)
Added Component: Designator=C15(SM-CAP-0805)
Added Component: Designator=C16(SM-CAP-0805)
Added Component: Designator=C17(SM-CAP-0805)
Added Component: Designator=C18(SM-CAP-0805)
Added Component: Designator=C19(SM-CAP-0805)
Added Component: Designator=C20(SM-CAP-0805)
Added Component: Designator=C22(SM-CAP-0805)
Added Pin To Net: NetName=+12V Pin=C14-1
Added Pin To Net: NetName=AGND Pin=C14-2
Added Pin To Net: NetName=+12V Pin=C15-1
Added Pin To Net: NetName=AGND Pin=C15-2
Added Pin To Net: NetName=AGND Pin=C16-1
Added Pin To Net: NetName=Net*1_2 Pin=C16-2
Added Pin To Net: NetName=AGND Pin=C17-1
Added Pin To Net: NetName=NetC17_2 Pin=C17-2
Added Pin To Net: NetName=AGND Pin=C18-1
Added Pin To Net: NetName=NetC18_2 Pin=C18-2
Added Pin To Net: NetName=AGND Pin=C19-1
Added Pin To Net: NetName=NetC19_2 Pin=C19-2
Added Pin To Net: NetName=AGND Pin=C20-1
Added Pin To Net: NetName=NetC20_2 Pin=C20-2
Added Pin To Net: NetName=AGND Pin=C22-1
Added Pin To Net: NetName=NetC22_2 Pin=C22-2
Added Member To Class: ClassName=Sheet3 Member=Component C14 0.1uF
Added Member To Class: ClassName=Sheet3 Member=Component C15 1uF
Added Member To Class: ClassName=Sheet3 Member=Component C16 470pF
Added Member To Class: ClassName=Sheet3 Member=Component C17 470pF
Added Member To Class: ClassName=Sheet3 Member=Component C18 470pF
Added Member To Class: ClassName=Sheet3 Member=Component C19 470pF
Added Member To Class: ClassName=Sheet3 Member=Component C20 470pF
Added Member To Class: ClassName=Sheet3 Member=Component C22 0.47pF
