Added Component: Designator=*1(D1A)
Added Component: Designator=+DC1(Connector)
Added Component: Designator=-DC1(Connector)
Added Component: Designator=C1(CP4.5/19)
Added Component: Designator=C2(C1uF 28mm)
Added Component: Designator=C3(CP4.5/19)
Added Component: Designator=C4(CP4.5/19)
Added Component: Designator=C5(CAP 11x22)
Added Component: Designator=C6(CAP 11x22)
Added Component: Designator=C7(CN4)
Added Component: Designator=C8(CN4)
Added Component: Designator=C12(CN4)
Added Component: Designator=C13(CN4)
Added Component: Designator=C21(CP4.5/19)
Added Component: Designator=D1(D5AN)
Added Component: Designator=D4(D0.5A)
Added Component: Designator=DR1(D25XB60)
Added Component: Designator=DR2(D25XB60)
Added Component: Designator=F1(Fuse)
Added Component: Designator=HD1(HED2)
Added Component: Designator=L1(L/0.4)
Added Component: Designator=L2(L/0.4)
Added Component: Designator=L3(Connector)
Added Component: Designator=LED1(LED-3)
Added Component: Designator=LED2(LED-3)
Added Component: Designator=N1(Connector)
Added Component: Designator=PE1(Connector)
Added Component: Designator=Q1(QTO-220)
Added Component: Designator=Q2(QTO-220)
Added Component: Designator=Q3(QTO-220)
Added Component: Designator=Q4(TO-92A)
Added Component: Designator=Q5(QTO-220)
Added Component: Designator=R1(SM-RES-1206)
Added Component: Designator=R2(SM-RES-1206)
Added Component: Designator=R3(SM-RES-1206)
Added Component: Designator=R4(SM-RES-1206)
Added Component: Designator=R5(SM-RES-1206)
Added Component: Designator=R6(SM-RES-1206)
Added Component: Designator=R7(SM-RES-0805)
Added Component: Designator=R8(SM-RES-1206)
Added Component: Designator=R9(SM-RES-1206)
Added Component: Designator=R10(SM-RES-1206)
Added Component: Designator=R11(SM-RES-1206)
Added Component: Designator=R12(SM-RES-1206)
Added Component: Designator=R13(SM-RES-1206)
Added Component: Designator=R14(SM-RES-1206)
Added Component: Designator=R15(SM-RES-1206)
Added Component: Designator=R16(SM-RES-1206)
Added Component: Designator=R17(SM-RES-1206)
Added Component: Designator=R18(SM-RES-1206)
Added Component: Designator=R19(SM-RES-1206)
Added Component: Designator=R20(SM-RES-0805)
Added Component: Designator=R21(SM-RES-0805)
Added Component: Designator=R22(SM-RES-0805)
Added Component: Designator=R23(SM-RES-0805)
Added Component: Designator=R24(SM-RES-0805)
Added Component: Designator=R25(SM-RES-1206)
Added Component: Designator=R26(SM-RES-0805)
Added Component: Designator=R27(SM-RES-0805)
Added Component: Designator=R28(SM-RES-0805)
Added Component: Designator=T1(EMI tranformer)
Added Component: Designator=T2(EMI tranformer)
Added Component: Designator=TP1(TP1)
Added Component: Designator=TP2(TP1)
Added Component: Designator=TP3(TP1)
Added Component: Designator=TP4(TP1)
Added Component: Designator=U1(DIP8/W0.3)
Added Component: Designator=W1(RAD-0.2)
Added Component: Designator=ZN1(RT 7mm)
Added Pin To Net: NetName=AGND Pin=*1-1
Added Pin To Net: NetName=Net*1_2 Pin=*1-2
Added Pin To Net: NetName=Net+DC1_0 Pin=+DC1-0
Added Pin To Net: NetName=Net+DC1_0 Pin=+DC1-0
Added Pin To Net: NetName=Net+DC1_0 Pin=+DC1-0
Added Pin To Net: NetName=Net+DC1_0 Pin=+DC1-0
Added Pin To Net: NetName=AGND Pin=-DC1-0
Added Pin To Net: NetName=AGND Pin=-DC1-0
Added Pin To Net: NetName=AGND Pin=-DC1-0
Added Pin To Net: NetName=AGND Pin=-DC1-0
Added Pin To Net: NetName=Net+DC1_0 Pin=C1-1
Added Pin To Net: NetName=AGND Pin=C1-2
Added Pin To Net: NetName=NetC2_1 Pin=C2-1
Added Pin To Net: NetName=NetC2_2 Pin=C2-2
Added Pin To Net: NetName=Net+DC1_0 Pin=C3-1
Added Pin To Net: NetName=AGND Pin=C3-2
Added Pin To Net: NetName=Net+DC1_0 Pin=C4-1
Added Pin To Net: NetName=AGND Pin=C4-2
Added Pin To Net: NetName=NetC5_1 Pin=C5-1
Added Pin To Net: NetName=NetC5_2 Pin=C5-2
Added Pin To Net: NetName=NetC6_1 Pin=C6-1
Added Pin To Net: NetName=NetC6_2 Pin=C6-2
Added Pin To Net: NetName=NetC7_1 Pin=C7-1
Added Pin To Net: NetName=NetC6_2 Pin=C7-2
Added Pin To Net: NetName=NetC6_1 Pin=C8-1
Added Pin To Net: NetName=NetC7_1 Pin=C8-2
Added Pin To Net: NetName=NetC12_1 Pin=C12-1
Added Pin To Net: NetName=NetC11_2 Pin=C12-2
Added Pin To Net: NetName=NetC11_1 Pin=C13-1
Added Pin To Net: NetName=NetC12_1 Pin=C13-2
Added Pin To Net: NetName=+12V Pin=C21-1
Added Pin To Net: NetName=AGND Pin=C21-2
Added Pin To Net: NetName=NetC2_2 Pin=D1-1
Added Pin To Net: NetName=Net+DC1_0 Pin=D1-2
Added Pin To Net: NetName=NetD4_1 Pin=D4-1
Added Pin To Net: NetName=NetD4_2 Pin=D4-2
Added Pin To Net: NetName=NetC2_2 Pin=DR1-1
Added Pin To Net: NetName=NetC5_2 Pin=DR1-2
Added Pin To Net: NetName=NetC5_1 Pin=DR1-3
Added Pin To Net: NetName=NetC2_1 Pin=DR1-4
Added Pin To Net: NetName=NetC2_2 Pin=DR2-1
Added Pin To Net: NetName=NetC5_2 Pin=DR2-2
Added Pin To Net: NetName=NetC5_1 Pin=DR2-3
Added Pin To Net: NetName=NetC2_1 Pin=DR2-4
Added Pin To Net: NetName=NetF1_1 Pin=F1-1
Added Pin To Net: NetName=NetF1_1 Pin=F1-1
Added Pin To Net: NetName=NetC11_2 Pin=F1-2
Added Pin To Net: NetName=NetC11_2 Pin=F1-2
Added Pin To Net: NetName=AGND Pin=HD1-1
Added Pin To Net: NetName=NetHD1_2 Pin=HD1-2
Added Pin To Net: NetName=NetC2_2 Pin=L1-1
Added Pin To Net: NetName=NetL1_2 Pin=L1-2
Added Pin To Net: NetName=NetL1_2 Pin=L2-1
Added Pin To Net: NetName=NetD2_2 Pin=L2-2
Added Pin To Net: NetName=NetF1_1 Pin=L3-0
Added Pin To Net: NetName=NetF1_1 Pin=L3-0
Added Pin To Net: NetName=NetF1_1 Pin=L3-0
Added Pin To Net: NetName=NetF1_1 Pin=L3-0
Added Pin To Net: NetName=NetLED1_1 Pin=LED1-1
Added Pin To Net: NetName=NetC9_1 Pin=LED1-2
Added Pin To Net: NetName=NetLED2_1 Pin=LED2-1
Added Pin To Net: NetName=AGND Pin=LED2-2
Added Pin To Net: NetName=NetC11_1 Pin=N1-0
Added Pin To Net: NetName=NetC11_1 Pin=N1-0
Added Pin To Net: NetName=NetC11_1 Pin=N1-0
Added Pin To Net: NetName=NetC11_1 Pin=N1-0
Added Pin To Net: NetName=NetC12_1 Pin=PE1-0
Added Pin To Net: NetName=NetC12_1 Pin=PE1-0
Added Pin To Net: NetName=NetC12_1 Pin=PE1-0
Added Pin To Net: NetName=NetC12_1 Pin=PE1-0
Added Pin To Net: NetName=NetQ1_1 Pin=Q1-1
Added Pin To Net: NetName=NetD2_2 Pin=Q1-2
Added Pin To Net: NetName=AGND Pin=Q1-3
Added Pin To Net: NetName=NetQ2_1 Pin=Q2-1
Added Pin To Net: NetName=NetD2_2 Pin=Q2-2
Added Pin To Net: NetName=AGND Pin=Q2-3
Added Pin To Net: NetName=NetQ3_1 Pin=Q3-1
Added Pin To Net: NetName=NetD2_2 Pin=Q3-2
Added Pin To Net: NetName=AGND Pin=Q3-3
Added Pin To Net: NetName=NetHD1_2 Pin=Q4-1
Added Pin To Net: NetName=NetQ4_2 Pin=Q4-2
Added Pin To Net: NetName=NetQ4_3 Pin=Q4-3
Added Pin To Net: NetName=NetC22_2 Pin=Q5-1
Added Pin To Net: NetName=NetQ5_2 Pin=Q5-2
Added Pin To Net: NetName=AGND Pin=Q5-3
Added Pin To Net: NetName=AGND Pin=R1-1
Added Pin To Net: NetName=AGND Pin=R1-2
Added Pin To Net: NetName=NetR2_1 Pin=R2-1
Added Pin To Net: NetName=Net+DC1_0 Pin=R2-2
Added Pin To Net: NetName=NetR3_1 Pin=R3-1
Added Pin To Net: NetName=NetR2_1 Pin=R3-2
Added Pin To Net: NetName=NetC19_2 Pin=R4-1
Added Pin To Net: NetName=NetR3_1 Pin=R4-2
Added Pin To Net: NetName=NetR5_1 Pin=R5-1
Added Pin To Net: NetName=NetQ1_1 Pin=R5-2
Added Pin To Net: NetName=NetR5_1 Pin=R6-1
Added Pin To Net: NetName=NetQ2_1 Pin=R6-2
Added Pin To Net: NetName=NetC19_2 Pin=R7-1
Added Pin To Net: NetName=AGND Pin=R7-2
Added Pin To Net: NetName=NetR5_1 Pin=R8-1
Added Pin To Net: NetName=NetQ3_1 Pin=R8-2
Added Pin To Net: NetName=AGND Pin=R9-1
Added Pin To Net: NetName=NetC2_1 Pin=R9-2
Added Pin To Net: NetName=AGND Pin=R10-1
Added Pin To Net: NetName=NetC2_1 Pin=R10-2
Added Pin To Net: NetName=NetLED1_1 Pin=R11-1
Added Pin To Net: NetName=+12V Pin=R11-2
Added Pin To Net: NetName=NetD4_1 Pin=R12-1
Added Pin To Net: NetName=NetR5_1 Pin=R12-2
Added Pin To Net: NetName=NetC9_1 Pin=R13-1
Added Pin To Net: NetName=NetR13_2 Pin=R13-2
Added Pin To Net: NetName=NetR5_1 Pin=R14-1
Added Pin To Net: NetName=NetD4_2 Pin=R14-2
Added Pin To Net: NetName=NetC9_1 Pin=R15-1
Added Pin To Net: NetName=AGND Pin=R15-2
Added Pin To Net: NetName=NetR5_1 Pin=R16-1
Added Pin To Net: NetName=AGND Pin=R16-2
Added Pin To Net: NetName=NetR17_1 Pin=R17-1
Added Pin To Net: NetName=NetC11_2 Pin=R17-2
Added Pin To Net: NetName=NetR18_1 Pin=R18-1
Added Pin To Net: NetName=NetR17_1 Pin=R18-2
Added Pin To Net: NetName=NetC11_1 Pin=R19-1
Added Pin To Net: NetName=NetR18_1 Pin=R19-2
Added Pin To Net: NetName=NetC2_1 Pin=R20-1
Added Pin To Net: NetName=Net*1_2 Pin=R20-2
Added Pin To Net: NetName=NetC18_2 Pin=R21-1
Added Pin To Net: NetName=NetC20_2 Pin=R21-2
Added Pin To Net: NetName=NetR22_1 Pin=R22-1
Added Pin To Net: NetName=AGND Pin=R22-2
Added Pin To Net: NetName=NetQ4_3 Pin=R23-1
Added Pin To Net: NetName=+12V Pin=R23-2
Added Pin To Net: NetName=NetHD1_2 Pin=R24-1
Added Pin To Net: NetName=NetQ4_2 Pin=R24-2
Added Pin To Net: NetName=NetHD1_2 Pin=R25-1
Added Pin To Net: NetName=NetLED2_1 Pin=R25-2
Added Pin To Net: NetName=NetQ4_2 Pin=R26-1
Added Pin To Net: NetName=NetQ5_2 Pin=R26-2
Added Pin To Net: NetName=NetR27_1 Pin=R27-1
Added Pin To Net: NetName=NetC22_2 Pin=R27-2
Added Pin To Net: NetName=AGND Pin=R28-1
Added Pin To Net: NetName=NetC22_2 Pin=R28-2
Added Pin To Net: NetName=NetC6_2 Pin=T1-1
Added Pin To Net: NetName=NetC5_2 Pin=T1-2
Added Pin To Net: NetName=NetC6_1 Pin=T1-3
Added Pin To Net: NetName=NetC5_1 Pin=T1-4
Added Pin To Net: NetName=NetC11_2 Pin=T2-1
Added Pin To Net: NetName=NetC6_2 Pin=T2-2
Added Pin To Net: NetName=NetC11_1 Pin=T2-3
Added Pin To Net: NetName=NetC6_1 Pin=T2-4
Added Pin To Net: NetName=AGND Pin=TP1-1
Added Pin To Net: NetName=NetC9_1 Pin=TP2-1
Added Pin To Net: NetName=Net*1_2 Pin=TP3-1
Added Pin To Net: NetName=NetC19_2 Pin=TP4-1
Added Pin To Net: NetName=+12V Pin=U1-1
Added Pin To Net: NetName=NetC9_1 Pin=U1-2
Added Pin To Net: NetName=AGND Pin=U1-4
Added Pin To Net: NetName=AGND Pin=U1-5
Added Pin To Net: NetName=NetD4_2 Pin=U1-6
Added Pin To Net: NetName=NetD4_2 Pin=U1-7
Added Pin To Net: NetName=+12V Pin=U1-8
Added Pin To Net: NetName=NetR27_1 Pin=W1-1
Added Pin To Net: NetName=NetHD1_2 Pin=W1-2
Added Pin To Net: NetName=NetC11_2 Pin=ZN1-1
Added Pin To Net: NetName=NetC11_1 Pin=ZN1-2
Added Member To Class: ClassName=Sheet3 Member=Component *1 BAT54
Added Member To Class: ClassName=Sheet1 Member=Component +DC1 ERNI
Added Member To Class: ClassName=Sheet1 Member=Component -DC1 ERNI
Added Member To Class: ClassName=Sheet1 Member=Component C1 330uF/450V
Added Member To Class: ClassName=Sheet1 Member=Component C2 PP105/630V
Added Member To Class: ClassName=Sheet1 Member=Component C3 330uF/450V
Added Member To Class: ClassName=Sheet1 Member=Component C4 330uF/450V
Added Member To Class: ClassName=Sheet1 Member=Component C5 1uF 275Vac
Added Member To Class: ClassName=Sheet1 Member=Component C6 1uF 275Vac
Added Member To Class: ClassName=Sheet1 Member=Component C7 1.5nF 250Vac
Added Member To Class: ClassName=Sheet1 Member=Component C8 1.5nF 250Vac
Added Member To Class: ClassName=Sheet1 Member=Component C12 1.5nF 250Vac
Added Member To Class: ClassName=Sheet1 Member=Component C13 1.5nF 250Vac
Added Member To Class: ClassName=Sheet3 Member=Component C21 10uF50V
Added Member To Class: ClassName=Sheet1 Member=Component D1 Diode
Added Member To Class: ClassName=Sheet1 Member=Component D4 1N5819HW
Added Member To Class: ClassName=Sheet1 Member=Component DR1 D25XB60
Added Member To Class: ClassName=Sheet1 Member=Component DR2 D25XB60
Added Member To Class: ClassName=Sheet1 Member=Component F1 F20A
Added Member To Class: ClassName=Sheet3 Member=Component HD1 12V Supply
Added Member To Class: ClassName=Sheet1 Member=Component L1 250mH
Added Member To Class: ClassName=Sheet1 Member=Component L2 250mH
Added Member To Class: ClassName=Sheet1 Member=Component L3 ERNI
Added Member To Class: ClassName=Sheet1 Member=Component LED1 LED
Added Member To Class: ClassName=Sheet3 Member=Component LED2 LED
Added Member To Class: ClassName=Sheet1 Member=Component N1 ERNI
Added Member To Class: ClassName=Sheet1 Member=Component PE1 ERNI
Added Member To Class: ClassName=Sheet1 Member=Component Q1 TPB60R125
Added Member To Class: ClassName=Sheet1 Member=Component Q2 TPB60R125
Added Member To Class: ClassName=Sheet1 Member=Component Q3 TPB60R125
Added Member To Class: ClassName=Sheet3 Member=Component Q4 MMBT3906
Added Member To Class: ClassName=Sheet3 Member=Component Q5 2N7002-7-F
Added Member To Class: ClassName=Sheet1 Member=Component R1 0 (3216)
Added Member To Class: ClassName=Sheet1 Member=Component R2 400K (3216)
Added Member To Class: ClassName=Sheet1 Member=Component R3 400K (3216)
Added Member To Class: ClassName=Sheet1 Member=Component R4 400K (3216)
Added Member To Class: ClassName=Sheet1 Member=Component R5 1F(3216)
Added Member To Class: ClassName=Sheet1 Member=Component R6 1F(3216)
Added Member To Class: ClassName=Sheet1 Member=Component R7 1k
Added Member To Class: ClassName=Sheet1 Member=Component R8 1F(3216)
Added Member To Class: ClassName=Sheet1 Member=Component R9 0.01
Added Member To Class: ClassName=Sheet1 Member=Component R10 0.05
Added Member To Class: ClassName=Sheet1 Member=Component R11 3k
Added Member To Class: ClassName=Sheet1 Member=Component R12 0
Added Member To Class: ClassName=Sheet1 Member=Component R13 4k
Added Member To Class: ClassName=Sheet1 Member=Component R14 1
Added Member To Class: ClassName=Sheet1 Member=Component R15 10k
Added Member To Class: ClassName=Sheet1 Member=Component R16 10k
Added Member To Class: ClassName=Sheet1 Member=Component R17 300K(3216)
Added Member To Class: ClassName=Sheet1 Member=Component R18 300K(3216)
Added Member To Class: ClassName=Sheet1 Member=Component R19 300K(3216)
Added Member To Class: ClassName=Sheet3 Member=Component R20 1k
Added Member To Class: ClassName=Sheet3 Member=Component R21 1k
Added Member To Class: ClassName=Sheet3 Member=Component R22 1k
Added Member To Class: ClassName=Sheet3 Member=Component R23 15.4
Added Member To Class: ClassName=Sheet3 Member=Component R24 10k
Added Member To Class: ClassName=Sheet3 Member=Component R25 3k
Added Member To Class: ClassName=Sheet3 Member=Component R26 6.8k
Added Member To Class: ClassName=Sheet3 Member=Component R27 10k
Added Member To Class: ClassName=Sheet3 Member=Component R28 6.8k
Added Member To Class: ClassName=Sheet1 Member=Component T1 LF
Added Member To Class: ClassName=Sheet1 Member=Component T2 LF
Added Member To Class: ClassName=Sheet1 Member=Component TP1 TP
Added Member To Class: ClassName=Sheet1 Member=Component TP2 TP
Added Member To Class: ClassName=Sheet3 Member=Component TP3 TP
Added Member To Class: ClassName=Sheet3 Member=Component TP4 TP
Added Member To Class: ClassName=Sheet1 Member=Component U1 TC4422
Added Member To Class: ClassName=Sheet3 Member=Component W1 Jumper
Added Member To Class: ClassName=Sheet1 Member=Component ZN1 Z
Added Room: Name=Sheet1
Added Room: Name=Sheet3
