Removed Pin From Net: NetName=NetC11_2 Pin=T?-1
Removed Pin From Net: NetName=NetC11_1 Pin=T?-3
Removed Member From Class: ClassName=Sheet1 Member=T?
Added Component: Designator=C6(CAP 11x22)
Added Component: Designator=C7(CN4)
Added Component: Designator=C8(CN4)
Added Component: Designator=T1(EMI tranformer)
Added Pin To Net: NetName=NetC6_1 Pin=C6-1
Added Pin To Net: NetName=NetC6_2 Pin=C6-2
Added Pin To Net: NetName=NetC7_1 Pin=C7-1
Added Pin To Net: NetName=NetC6_2 Pin=C7-2
Added Pin To Net: NetName=NetC6_1 Pin=C8-1
Added Pin To Net: NetName=NetC7_1 Pin=C8-2
Added Pin To Net: NetName=NetC6_2 Pin=T1-1
Added Pin To Net: NetName=NetC5_2 Pin=T1-2
Added Pin To Net: NetName=NetC6_1 Pin=T1-3
Added Pin To Net: NetName=NetC5_1 Pin=T1-4
Added Member To Class: ClassName=Sheet1 Member=Component C6 1uF 275Vac
Added Member To Class: ClassName=Sheet1 Member=Component C7 1.5nF 250Vac
Added Member To Class: ClassName=Sheet1 Member=Component C8 1.5nF 250Vac
Added Member To Class: ClassName=Sheet1 Member=Component T1 LF
