Removed Pin From Net: NetName=Net*1_2 Pin=C16-2
Removed Pin From Net: NetName=NetC19_2 Pin=R7-1
Removed Pin From Net: NetName=AGND Pin=R7-2
Removed Member From Class: ClassName=Sheet1 Member=R19
Change Component Designator: OldDesignator=+DC1 NewDesignator=+DC
Change Component Designator: OldDesignator=-DC1 NewDesignator=-DC
Change Component Designator: OldDesignator=C17 NewDesignator=C18
Change Component Designator: OldDesignator=C18 NewDesignator=C19
Change Component Designator: OldDesignator=C19 NewDesignator=C20
Change Component Designator: OldDesignator=C20 NewDesignator=C21
Change Component Designator: OldDesignator=C21 NewDesignator=C22
Change Component Designator: OldDesignator=C22 NewDesignator=C23
Change Component Designator: OldDesignator=MMBT3906 NewDesignator=MMBT1
Change Component Designator: OldDesignator=Q5 NewDesignator=Q4
Change Component Designator: OldDesignator=R8 NewDesignator=R7
Change Component Designator: OldDesignator=R9 NewDesignator=R8
Change Component Designator: OldDesignator=R10 NewDesignator=R9
Change Component Designator: OldDesignator=R11 NewDesignator=R10
Change Component Designator: OldDesignator=R12 NewDesignator=R11
Change Component Designator: OldDesignator=R13 NewDesignator=R12
Change Component Designator: OldDesignator=R14 NewDesignator=R13
Change Component Designator: OldDesignator=R15 NewDesignator=R14
Change Component Designator: OldDesignator=R16 NewDesignator=R15
Change Component Designator: OldDesignator=R17 NewDesignator=R16
Change Component Designator: OldDesignator=R18 NewDesignator=R17
Change Component Designator: OldDesignator=R19 NewDesignator=R18
Change Component Designator: OldDesignator=R20 NewDesignator=R19
Added Component: Designator=C17(SM-CAP-0805)
Added Component: Designator=R20(SM-RES-0805)
Added Pin To Net: NetName=AGND Pin=C16-1
Added Pin To Net: NetName=Net*1_2 Pin=C16-2
Change Net Name : Old Net Name=Net+DC1_0 New Net Name=Net+DC_0
Change Net Name : Old Net Name=NetC18_2 New Net Name=NetC19_2
Change Net Name : Old Net Name=NetC19_2 New Net Name=NetC20_2
Change Net Name : Old Net Name=NetC20_2 New Net Name=NetC21_2
Change Net Name : Old Net Name=NetC22_2 New Net Name=NetC23_2
Change Net Name : Old Net Name=NetMMBT3906_1 New Net Name=NetMMBT1_1
Change Net Name : Old Net Name=NetMMBT3906_3 New Net Name=NetMMBT1_3
Change Net Name : Old Net Name=NetQ5_3 New Net Name=NetQ4_3
Change Net Name : Old Net Name=NetR13_2 New Net Name=NetR12_2
Change Net Name : Old Net Name=NetR17_1 New Net Name=NetR16_1
Change Net Name : Old Net Name=NetR18_1 New Net Name=NetR17_1
Added Pin To Net: NetName=NetC16_2 Pin=C16-2
Added Pin To Net: NetName=NetC16_2 Pin=R20-2
Added Net: Name=NetC16_2
Added Pin To Net: NetName=NetC18_2 Pin=C18-2
Added Pin To Net: NetName=NetC18_2 Pin=R20-1
Added Pin To Net: NetName=NetC18_2 Pin=U2-2
Added Net: Name=NetC18_2
Added Member To Class: ClassName=Sheet3 Member=Component C23 0.47pF
Added Member To Class: ClassName=Sheet3 Member=Component R20 1k
