Removed Pin From Net: NetName=AGND Pin=-DC-0
Removed Pin From Net: NetName=AGND Pin=-DC-0
Removed Pin From Net: NetName=AGND Pin=-DC-0
Removed Pin From Net: NetName=AGND Pin=-DC-0
Removed Pin From Net: NetName=AGND Pin=C1-2
Removed Pin From Net: NetName=AGND Pin=C3-2
Removed Pin From Net: NetName=AGND Pin=C4-2
Removed Pin From Net: NetName=AGND Pin=Q1-3
Removed Pin From Net: NetName=AGND Pin=Q2-3
Removed Pin From Net: NetName=AGND Pin=Q3-3
Removed Pin From Net: NetName=AGND Pin=R1-2
Removed Pin From Net: NetName=AGND Pin=R8-1
Removed Pin From Net: NetName=AGND Pin=R9-1
Removed Pin From Net: NetName=AGND Pin=R15-2
Removed Pin From Net: NetName=AGND Pin=TP1-1
Removed Pin From Net: NetName=AGND Pin=U1-5
Removed Pin From Net: NetName=AGND Pin=Z1-1
Removed Pin From Net: NetName=AGND Pin=Z2-1
Removed Pin From Net: NetName=AGND Pin=Z3-1
Added Pin To Net: NetName=PGND Pin=-DC-0
Added Pin To Net: NetName=PGND Pin=-DC-0
Added Pin To Net: NetName=PGND Pin=-DC-0
Added Pin To Net: NetName=PGND Pin=-DC-0
Added Pin To Net: NetName=PGND Pin=C1-2
Added Pin To Net: NetName=PGND Pin=C3-2
Added Pin To Net: NetName=PGND Pin=C4-2
Added Pin To Net: NetName=PGND Pin=Q1-3
Added Pin To Net: NetName=PGND Pin=Q2-3
Added Pin To Net: NetName=PGND Pin=Q3-3
Added Pin To Net: NetName=PGND Pin=R1-2
Added Pin To Net: NetName=PGND Pin=R8-1
Added Pin To Net: NetName=PGND Pin=R9-1
Added Pin To Net: NetName=PGND Pin=R15-2
Added Pin To Net: NetName=PGND Pin=TP1-1
Added Pin To Net: NetName=PGND Pin=U1-5
Added Pin To Net: NetName=PGND Pin=Z1-1
Added Pin To Net: NetName=PGND Pin=Z2-1
Added Pin To Net: NetName=PGND Pin=Z3-1
Added Net: Name=PGND
Added Room: Name=Sheet1
Added Room: Name=Sheet3
