Change Component Footprint: Designator=C13 Old Footprint=CN2 New Footprint=CN3
Change Component Designator: OldDesignator=* NewDesignator=*1
Change Component Designator: OldDesignator=+DC NewDesignator=+DC1
Change Component Designator: OldDesignator=-DC NewDesignator=-DC1
Change Component Designator: OldDesignator=C26 NewDesignator=C21
Change Component Designator: OldDesignator=INR14D751 NewDesignator=INR1
Change Component Designator: OldDesignator=L NewDesignator=L3
Change Component Designator: OldDesignator=LED3 NewDesignator=LED2
Change Component Designator: OldDesignator=N NewDesignator=N1
Change Component Designator: OldDesignator=PE NewDesignator=PE1
Change Component Designator: OldDesignator=R3 NewDesignator=R2
Change Component Designator: OldDesignator=R6 NewDesignator=R3
Change Component Designator: OldDesignator=R7 NewDesignator=R6
Change Component Designator: OldDesignator=R10 NewDesignator=R4
Change Component Designator: OldDesignator=R11 NewDesignator=R9
Change Component Designator: OldDesignator=R12 NewDesignator=R10
Change Component Designator: OldDesignator=R14 NewDesignator=R11
Change Component Designator: OldDesignator=R15 NewDesignator=R12
Change Component Designator: OldDesignator=R16 NewDesignator=R13
Change Component Designator: OldDesignator=R17 NewDesignator=R14
Change Component Designator: OldDesignator=R18 NewDesignator=R15
Change Component Designator: OldDesignator=R19 NewDesignator=R16
Change Component Designator: OldDesignator=R20 NewDesignator=R17
Change Component Designator: OldDesignator=R21 NewDesignator=R18
Change Component Designator: OldDesignator=R22 NewDesignator=R19
Change Component Designator: OldDesignator=R38 NewDesignator=R23
Change Component Designator: OldDesignator=R39 NewDesignator=R24
Change Component Designator: OldDesignator=R40 NewDesignator=R25
Change Component Designator: OldDesignator=R41 NewDesignator=R26
Change Component Designator: OldDesignator=R42 NewDesignator=R27
Change Component Designator: OldDesignator=R43 NewDesignator=R28
Change Component Designator: OldDesignator=R44 NewDesignator=R20
Change Component Designator: OldDesignator=R46 NewDesignator=R21
Change Component Designator: OldDesignator=R47 NewDesignator=R22
Change Component Designator: OldDesignator=R48 NewDesignator=R7
Change Component Designator: OldDesignator=TP1 NewDesignator=TP2
Change Component Designator: OldDesignator=TP2 NewDesignator=TP1
Change Component Designator: OldDesignator=TP? NewDesignator=TP3
Change Component Designator: OldDesignator=TP? NewDesignator=TP4
Change Net Name : Old Net Name=Net*_2 New Net Name=Net*1_2
Change Net Name : Old Net Name=Net+DC_0 New Net Name=Net+DC1_0
Change Net Name : Old Net Name=NetC27_2 New Net Name=NetC22_2
Change Net Name : Old Net Name=NetC34_2 New Net Name=NetC19_2
Change Net Name : Old Net Name=NetLED3_1 New Net Name=NetLED2_1
Change Net Name : Old Net Name=NetR3_1 New Net Name=NetR2_1
Change Net Name : Old Net Name=NetR6_1 New Net Name=NetR3_1
Change Net Name : Old Net Name=NetR20_1 New Net Name=NetR17_1
Change Net Name : Old Net Name=NetR21_1 New Net Name=NetR18_1
Change Net Name : Old Net Name=NetR42_1 New Net Name=NetR27_1
Added Net: Name=NetC17_2
Added Pin To Net: NetName=NetC18_2 Pin=R21-1
Added Net: Name=NetC18_2
Added Pin To Net: NetName=NetC20_2 Pin=R21-2
Added Net: Name=NetC20_2
Added Pin To Net: NetName=NetR13_2 Pin=R13-2
Added Net: Name=NetR13_2
Added Pin To Net: NetName=NetR22_1 Pin=R22-1
Added Net: Name=NetR22_1
Added Member To Class: ClassName=Sheet3 Member=Component TP4 TP
