Change Component Designator: Old Designator=* New Designator=*1
Change Component Designator: Old Designator=C26 New Designator=C21
Change Component Designator: Old Designator=C27 New Designator=C22
Change Component Designator: Old Designator=C28 New Designator=C14
Change Component Designator: Old Designator=C29 New Designator=C15
Change Component Designator: Old Designator=C30 New Designator=C16
Change Component Designator: Old Designator=C32 New Designator=C17
Change Component Designator: Old Designator=C33 New Designator=C18
Change Component Designator: Old Designator=C34 New Designator=C19
Change Component Designator: Old Designator=C35 New Designator=C20
Change Component Designator: Old Designator=LED3 New Designator=LED2
Change Component Designator: Old Designator=R38 New Designator=R23
Change Component Designator: Old Designator=R39 New Designator=R24
Change Component Designator: Old Designator=R40 New Designator=R25
Change Component Designator: Old Designator=R41 New Designator=R26
Change Component Designator: Old Designator=R42 New Designator=R27
Change Component Designator: Old Designator=R43 New Designator=R28
Change Component Designator: Old Designator=R44 New Designator=R20
Change Component Designator: Old Designator=R46 New Designator=R21
Change Component Designator: Old Designator=R47 New Designator=R22
Change Component Designator: Old Designator=TP? New Designator=TP3
Change Component Designator: Old Designator=TP? New Designator=TP4
Change Component Designator: Old Designator=U3 New Designator=U2
