Change Component Designator: Old Designator=+DC New Designator=+DC1
Change Component Designator: Old Designator=-DC New Designator=-DC1
Change Component Designator: Old Designator=INR14D751 New Designator=INR1
Change Component Designator: Old Designator=L New Designator=L3
Change Component Designator: Old Designator=N New Designator=N1
Change Component Designator: Old Designator=PE New Designator=PE1
Change Component Designator: Old Designator=R3 New Designator=R2
Change Component Designator: Old Designator=R6 New Designator=R3
Change Component Designator: Old Designator=R7 New Designator=R6
Change Component Designator: Old Designator=R10 New Designator=R4
Change Component Designator: Old Designator=R11 New Designator=R9
Change Component Designator: Old Designator=R12 New Designator=R10
Change Component Designator: Old Designator=R14 New Designator=R11
Change Component Designator: Old Designator=R15 New Designator=R12
Change Component Designator: Old Designator=R16 New Designator=R13
Change Component Designator: Old Designator=R17 New Designator=R14
Change Component Designator: Old Designator=R18 New Designator=R15
Change Component Designator: Old Designator=R19 New Designator=R16
Change Component Designator: Old Designator=R20 New Designator=R17
Change Component Designator: Old Designator=R21 New Designator=R18
Change Component Designator: Old Designator=R22 New Designator=R19
Change Component Designator: Old Designator=R48 New Designator=R7
Change Component Designator: Old Designator=TP1 New Designator=TP2
Change Component Designator: Old Designator=TP2 New Designator=TP1
