2024-07-27 15:33:19,041 [INFO] Activator:176 - 


2024-07-27 15:33:19,043 [INFO] Activator:177 - !SESSION log4j initialized
2024-07-27 15:33:22,756 [INFO] LogOutputStream:77 - [STDOUT_REDIRECT] 
2024-07-27 15:33:25,945 [INFO] ApplicationProperties:184 - Using Application install path: C:\ST\STM32CubeIDE_1.13.2\STM32CubeIDE\plugins\com.st.stm32cube.common.mx_6.12.0.202406281431
2024-07-27 15:33:25,965 [INFO] DbMcusXml:78 - Set database path to: C:\ST\STM32CubeIDE_1.13.2\STM32CubeIDE\plugins\com.st.stm32cube.common.mx_6.12.0.202406281431\\db\/mcu/
2024-07-27 15:33:25,965 [INFO] ApiDb:274 - Set plugin database path to: C:\ST\STM32CubeIDE_1.13.2\STM32CubeIDE\plugins\com.st.stm32cube.common.mx_6.12.0.202406281431\\db\/plugins/boardmanager/
2024-07-27 15:33:25,965 [WARN] ApiDb:259 - Overriding images path with different value:  => C:\ST\STM32CubeIDE_1.13.2\STM32CubeIDE\plugins\com.st.stm32cube.common.mx_6.12.0.202406281431\\db\/plugins/mcufinder/images/
2024-07-27 15:33:25,980 [INFO] ApiDb:250 - Set database path to: C:\Users\hlqth\.stmcufinder\plugins\mcufinder//mcu/
2024-07-27 15:33:25,981 [INFO] DbMcusAds:125 - Set database path to: C:\Users\hlqth\.stmcufinder\plugins\mcufinder//mcu/
2024-07-27 15:33:26,835 [INFO] CrossReferenceDbSqlite:203 - Set database path to: C:\Users\hlqth\.stmcufinder\plugins\mcufinder//mcu/cs/
2024-07-27 15:33:26,960 [INFO] RulesReader:64 - Compatibility file has been processed (297 Rules)
2024-07-27 15:33:27,040 [INFO] DbMcusXml:78 - Set database path to: C:\ST\STM32CubeIDE_1.13.2\STM32CubeIDE\plugins\com.st.stm32cube.common.mx_6.12.0.202406281431\\db\/mcu/
2024-07-27 15:33:27,040 [INFO] ApiDb:274 - Set plugin database path to: C:\ST\STM32CubeIDE_1.13.2\STM32CubeIDE\plugins\com.st.stm32cube.common.mx_6.12.0.202406281431\\db\/plugins/boardmanager/
2024-07-27 15:33:27,040 [INFO] ApiDb:261 - Set plugin images path to: C:\ST\STM32CubeIDE_1.13.2\STM32CubeIDE\plugins\com.st.stm32cube.common.mx_6.12.0.202406281431\\db\/plugins/mcufinder/images/
2024-07-27 15:33:27,040 [WARN] DbFile:41 - Overriding database path with different value: C:\Users\hlqth\.stmcufinder\plugins\mcufinder/ => C:\Users\hlqth\.stmcufinder\plugins\mcufinder
2024-07-27 15:33:27,040 [INFO] ApiDb:250 - Set database path to: C:\Users\hlqth\.stmcufinder\plugins\mcufinder//mcu/
2024-07-27 15:33:27,040 [WARN] DbFile:41 - Overriding database path with different value: C:\Users\hlqth\.stmcufinder\plugins\mcufinder/ => C:\Users\hlqth\.stmcufinder\plugins\mcufinder
2024-07-27 15:33:27,040 [INFO] DbMcusAds:125 - Set database path to: C:\Users\hlqth\.stmcufinder\plugins\mcufinder//mcu/
2024-07-27 15:33:27,040 [WARN] DbFile:41 - Overriding database path with different value: C:\Users\hlqth\.stmcufinder\plugins\mcufinder/ => C:\Users\hlqth\.stmcufinder\plugins\mcufinder
2024-07-27 15:33:27,040 [WARN] DbFile:41 - Overriding database path with different value: C:\Users\hlqth\.stmcufinder\plugins\mcufinder/ => C:\Users\hlqth\.stmcufinder\plugins\mcufinder
2024-07-27 15:33:27,835 [INFO] CrossReferenceDbSqlite:203 - Set database path to: C:\Users\hlqth\.stmcufinder\plugins\mcufinder//mcu/cs/
2024-07-27 15:33:27,916 [INFO] MainPanel:268 - HeapMemory: 268435456
2024-07-27 15:33:28,024 [INFO] DbMcusXml:78 - Set database path to: C:\ST\STM32CubeIDE_1.13.2\STM32CubeIDE\plugins\com.st.stm32cube.common.mx_6.12.0.202406281431\\db\/mcu/
2024-07-27 15:33:28,024 [INFO] ApiDb:274 - Set plugin database path to: C:\ST\STM32CubeIDE_1.13.2\STM32CubeIDE\plugins\com.st.stm32cube.common.mx_6.12.0.202406281431\\db\/plugins/boardmanager/
2024-07-27 15:33:28,024 [INFO] ApiDb:261 - Set plugin images path to: C:\ST\STM32CubeIDE_1.13.2\STM32CubeIDE\plugins\com.st.stm32cube.common.mx_6.12.0.202406281431\\db\/plugins/mcufinder/images/
2024-07-27 15:33:28,024 [WARN] DbFile:41 - Overriding database path with different value: C:\Users\hlqth\.stmcufinder\plugins\mcufinder/ => C:\Users\hlqth\.stmcufinder\plugins\mcufinder
2024-07-27 15:33:28,024 [INFO] ApiDb:250 - Set database path to: C:\Users\hlqth\.stmcufinder\plugins\mcufinder//mcu/
2024-07-27 15:33:28,024 [WARN] DbFile:41 - Overriding database path with different value: C:\Users\hlqth\.stmcufinder\plugins\mcufinder/ => C:\Users\hlqth\.stmcufinder\plugins\mcufinder
2024-07-27 15:33:28,024 [INFO] DbMcusAds:125 - Set database path to: C:\Users\hlqth\.stmcufinder\plugins\mcufinder//mcu/
2024-07-27 15:33:28,024 [WARN] DbFile:41 - Overriding database path with different value: C:\Users\hlqth\.stmcufinder\plugins\mcufinder/ => C:\Users\hlqth\.stmcufinder\plugins\mcufinder
2024-07-27 15:33:28,025 [WARN] DbFile:41 - Overriding database path with different value: C:\Users\hlqth\.stmcufinder\plugins\mcufinder/ => C:\Users\hlqth\.stmcufinder\plugins\mcufinder
2024-07-27 15:33:28,835 [INFO] CrossReferenceDbSqlite:203 - Set database path to: C:\Users\hlqth\.stmcufinder\plugins\mcufinder//mcu/cs/
2024-07-27 15:33:28,858 [INFO] ApplicationProperties:184 - Using Application install path: C:\ST\STM32CubeIDE_1.13.2\STM32CubeIDE\plugins\com.st.stm32cube.common.mx_6.12.0.202406281431
2024-07-27 15:33:28,860 [INFO] PluginManage:196 - Search for loadable plugins [exclusion list=, ]
2024-07-27 15:33:28,862 [INFO] PluginManage:310 - Check plugin analytics
2024-07-27 15:33:29,905 [INFO] AnalyticsPlugin:253 - Accepted Software Licenses: 
2024-07-27 15:33:29,906 [INFO] AnalyticsPlugin:255 - Accepted CMSIS Pack Licenses: 
2024-07-27 15:33:29,906 [INFO] AnalyticsPlugin:257 - Accepted Firmware Licenses: 
2024-07-27 15:33:29,907 [INFO] PluginManage:359 - Loaded plugin analytics (category:tool,tabindex:-1)
2024-07-27 15:33:29,909 [INFO] PluginManage:310 - Check plugin cadmodel
2024-07-27 15:33:29,924 [INFO] CADModel:105 - Init CAD model plugin
2024-07-27 15:33:29,925 [INFO] PluginManage:359 - Loaded plugin cadmodel (category:power,tabindex:5)
2024-07-27 15:33:29,925 [INFO] PluginManage:310 - Check plugin clock
2024-07-27 15:33:29,946 [INFO] PluginManage:359 - Loaded plugin clock (category:base,tabindex:2)
2024-07-27 15:33:29,946 [INFO] PluginManage:310 - Check plugin ddr
2024-07-27 15:33:29,948 [INFO] PluginManage:359 - Loaded plugin ddr (category:tool,tabindex:6)
2024-07-27 15:33:29,949 [INFO] PluginManage:310 - Check plugin filemanager
2024-07-27 15:33:30,121 [INFO] PluginManage:359 - Loaded plugin filemanager (category:base,tabindex:10)
2024-07-27 15:33:30,121 [INFO] PluginManage:310 - Check plugin ipmanager
2024-07-27 15:33:30,129 [INFO] PluginManage:359 - Loaded plugin ipmanager (category:base,tabindex:5)
2024-07-27 15:33:30,129 [INFO] PluginManage:310 - Check plugin lpbam
2024-07-27 15:33:30,149 [INFO] PluginManage:359 - Loaded plugin lpbam (category:base,tabindex:0)
2024-07-27 15:33:30,149 [INFO] PluginManage:310 - Check plugin memorymap
2024-07-27 15:33:30,172 [INFO] PluginManage:359 - Loaded plugin memorymap (category:base,tabindex:4)
2024-07-27 15:33:30,172 [INFO] PluginManage:310 - Check plugin pinoutandconfiguration
2024-07-27 15:33:30,189 [INFO] PluginManage:359 - Loaded plugin pinoutandconfiguration (category:base,tabindex:1)
2024-07-27 15:33:30,190 [INFO] PluginManage:310 - Check plugin pinoutconfig
2024-07-27 15:33:30,283 [WARN] SupportedApi:132 - Cannot load RTOS API schema: s4s-elt-must-match.1: The content of 'definitions' must match (annotation?, (simpleType | complexType)?, (unique | key | keyref)*)). A problem was found starting at: attribute.
2024-07-27 15:33:30,416 [INFO] PluginManage:359 - Loaded plugin pinoutconfig (category:base,tabindex:0)
2024-07-27 15:33:30,416 [INFO] PluginManage:310 - Check plugin power
2024-07-27 15:33:30,437 [INFO] PluginManage:359 - Loaded plugin power (category:power,tabindex:4)
2024-07-27 15:33:30,437 [INFO] PluginManage:310 - Check plugin projectmanager
2024-07-27 15:33:30,456 [INFO] PluginManage:359 - Loaded plugin projectmanager (category:projectmanager,tabindex:4)
2024-07-27 15:33:30,456 [INFO] PluginManage:310 - Check plugin rif
2024-07-27 15:33:30,476 [INFO] PluginManage:359 - Loaded plugin rif (category:base,tabindex:3)
2024-07-27 15:33:30,478 [INFO] PluginManage:310 - Check plugin thirdparty
2024-07-27 15:33:30,813 [INFO] PluginManage:359 - Loaded plugin thirdparty (category:base,tabindex:-1)
2024-07-27 15:33:30,813 [WARN] IntegrityCheckThread:84 - waiting for thirdparty lock release [integrity check]
2024-07-27 15:33:30,813 [INFO] PluginManage:310 - Check plugin tools
2024-07-27 15:33:30,813 [INFO] IntegrityCheckThread:86 - entering critical section [integrity check]
2024-07-27 15:33:30,814 [INFO] ThirdPartyUpdaterWithRetryManager:70 - Updater plugin not ready yet. [1/15]
2024-07-27 15:33:30,858 [INFO] PluginManage:359 - Loaded plugin tools (category:base,tabindex:7)
2024-07-27 15:33:30,858 [INFO] PluginManage:310 - Check plugin tutovideos
2024-07-27 15:33:31,063 [INFO] PluginManage:359 - Loaded plugin tutovideos (category:base,tabindex:-1)
2024-07-27 15:33:31,063 [INFO] PluginManage:310 - Check plugin updater
2024-07-27 15:33:31,081 [INFO] PluginManage:359 - Loaded plugin updater (category:base,tabindex:12)
2024-07-27 15:33:31,081 [INFO] PluginManage:310 - Check plugin userauth
2024-07-27 15:33:31,086 [INFO] UserAuth:113 - Init User Auth plugin
2024-07-27 15:33:31,086 [INFO] PluginManage:359 - Loaded plugin userauth (category:base,tabindex:14)
2024-07-27 15:33:31,087 [INFO] PluginManage:283 - PluginManage : Loaded plugins [18]
2024-07-27 15:33:31,300 [INFO] PinOutPanel:1561 - setPackage(No Configuration,No Configuration)
2024-07-27 15:33:31,389 [INFO] CADModel:165 - CPN selected for project level
2024-07-27 15:33:31,389 [INFO] CADModel:114 - Register for checkConnection events
2024-07-27 15:33:31,417 [INFO] IPUIPlugin:80 - create IPUIPlugin
2024-07-27 15:33:31,417 [INFO] PluginManager:220 - loadIPPluginJar : add adc
2024-07-27 15:33:31,459 [INFO] IPUIPlugin:80 - create IPUIPlugin
2024-07-27 15:33:31,459 [INFO] PluginManager:220 - loadIPPluginJar : add aes
2024-07-27 15:33:31,503 [INFO] IPUIPlugin:80 - create IPUIPlugin
2024-07-27 15:33:31,503 [INFO] PluginManager:220 - loadIPPluginJar : add can
2024-07-27 15:33:31,530 [INFO] IPUIPlugin:80 - create IPUIPlugin
2024-07-27 15:33:31,531 [INFO] PluginManager:220 - loadIPPluginJar : add comp
2024-07-27 15:33:31,567 [INFO] IPUIPlugin:80 - create IPUIPlugin
2024-07-27 15:33:31,568 [INFO] PluginManager:220 - loadIPPluginJar : add cryp
2024-07-27 15:33:31,581 [INFO] IPUIPlugin:80 - create IPUIPlugin
2024-07-27 15:33:31,581 [INFO] PluginManager:220 - loadIPPluginJar : add ddr_ctrl_phy
2024-07-27 15:33:31,617 [INFO] IPUIPlugin:80 - create IPUIPlugin
2024-07-27 15:33:31,617 [INFO] PluginManager:220 - loadIPPluginJar : add dfsdm
2024-07-27 15:33:31,633 [INFO] IPUIPlugin:80 - create IPUIPlugin
2024-07-27 15:33:31,634 [INFO] PluginManager:220 - loadIPPluginJar : add dma
2024-07-27 15:33:31,695 [INFO] IPUIPlugin:80 - create IPUIPlugin
2024-07-27 15:33:31,696 [INFO] PluginManager:220 - loadIPPluginJar : add dma3
2024-07-27 15:33:31,770 [INFO] IPUIPlugin:80 - create IPUIPlugin
2024-07-27 15:33:31,770 [INFO] PluginManager:220 - loadIPPluginJar : add extmemmanager
2024-07-27 15:33:31,799 [INFO] IPUIPlugin:80 - create IPUIPlugin
2024-07-27 15:33:31,799 [INFO] PluginManager:220 - loadIPPluginJar : add fatfs
2024-07-27 15:33:31,856 [INFO] IPUIPlugin:80 - create IPUIPlugin
2024-07-27 15:33:31,856 [INFO] PluginManager:220 - loadIPPluginJar : add fmc
2024-07-27 15:33:31,874 [INFO] IPUIPlugin:80 - create IPUIPlugin
2024-07-27 15:33:31,874 [INFO] PluginManager:220 - loadIPPluginJar : add freertos
2024-07-27 15:33:31,899 [INFO] IPUIPlugin:80 - create IPUIPlugin
2024-07-27 15:33:31,900 [INFO] PluginManager:220 - loadIPPluginJar : add genericplugin
2024-07-27 15:33:32,017 [INFO] IPUIPlugin:80 - create IPUIPlugin
2024-07-27 15:33:32,017 [INFO] PluginManager:220 - loadIPPluginJar : add gfxmmu
2024-07-27 15:33:32,186 [INFO] IPUIPlugin:80 - create IPUIPlugin
2024-07-27 15:33:32,186 [INFO] PluginManager:220 - loadIPPluginJar : add gic
2024-07-27 15:33:32,201 [INFO] IPUIPlugin:80 - create IPUIPlugin
2024-07-27 15:33:32,201 [INFO] PluginManager:220 - loadIPPluginJar : add gpio
2024-07-27 15:33:32,312 [INFO] IPUIPlugin:80 - create IPUIPlugin
2024-07-27 15:33:32,312 [INFO] PluginManager:220 - loadIPPluginJar : add gtzc
2024-07-27 15:33:32,353 [INFO] IPUIPlugin:80 - create IPUIPlugin
2024-07-27 15:33:32,354 [INFO] PluginManager:220 - loadIPPluginJar : add hash
2024-07-27 15:33:32,421 [INFO] IPUIPlugin:80 - create IPUIPlugin
2024-07-27 15:33:32,421 [INFO] PluginManager:220 - loadIPPluginJar : add i2c
2024-07-27 15:33:32,464 [INFO] IPUIPlugin:80 - create IPUIPlugin
2024-07-27 15:33:32,464 [INFO] PluginManager:220 - loadIPPluginJar : add i2s
2024-07-27 15:33:32,515 [INFO] IPUIPlugin:80 - create IPUIPlugin
2024-07-27 15:33:32,515 [INFO] PluginManager:220 - loadIPPluginJar : add i3c
2024-07-27 15:33:32,627 [INFO] IPUIPlugin:80 - create IPUIPlugin
2024-07-27 15:33:32,627 [INFO] PluginManager:220 - loadIPPluginJar : add ipddr
2024-07-27 15:33:32,743 [INFO] IPUIPlugin:80 - create IPUIPlugin
2024-07-27 15:33:32,743 [INFO] PluginManager:220 - loadIPPluginJar : add linkedlist
2024-07-27 15:33:32,787 [INFO] IPUIPlugin:80 - create IPUIPlugin
2024-07-27 15:33:32,787 [INFO] PluginManager:220 - loadIPPluginJar : add lorawan
2024-07-27 15:33:32,832 [INFO] IPUIPlugin:80 - create IPUIPlugin
2024-07-27 15:33:32,832 [INFO] PluginManager:220 - loadIPPluginJar : add ltdc
2024-07-27 15:33:32,848 [INFO] IPUIPlugin:80 - create IPUIPlugin
2024-07-27 15:33:32,848 [INFO] PluginManager:220 - loadIPPluginJar : add mdma
2024-07-27 15:33:32,860 [INFO] IPUIPlugin:80 - create IPUIPlugin
2024-07-27 15:33:32,860 [INFO] PluginManager:220 - loadIPPluginJar : add nvic
2024-07-27 15:33:32,906 [INFO] IPUIPlugin:80 - create IPUIPlugin
2024-07-27 15:33:32,906 [INFO] PluginManager:220 - loadIPPluginJar : add opamp
2024-07-27 15:33:32,991 [INFO] IPUIPlugin:80 - create IPUIPlugin
2024-07-27 15:33:32,991 [INFO] PluginManager:220 - loadIPPluginJar : add openamp
2024-07-27 15:33:33,071 [INFO] IPUIPlugin:80 - create IPUIPlugin
2024-07-27 15:33:33,071 [INFO] PluginManager:220 - loadIPPluginJar : add pdm2pcm
2024-07-27 15:33:33,090 [INFO] IPUIPlugin:80 - create IPUIPlugin
2024-07-27 15:33:33,094 [INFO] PluginManager:220 - loadIPPluginJar : add plateformsettings
2024-07-27 15:33:33,135 [INFO] IPUIPlugin:80 - create IPUIPlugin
2024-07-27 15:33:33,135 [INFO] PluginManager:220 - loadIPPluginJar : add quadspi
2024-07-27 15:33:33,172 [INFO] IPUIPlugin:80 - create IPUIPlugin
2024-07-27 15:33:33,179 [INFO] PluginManager:220 - loadIPPluginJar : add radio
2024-07-27 15:33:33,195 [INFO] IPUIPlugin:80 - create IPUIPlugin
2024-07-27 15:33:33,195 [INFO] PluginManager:220 - loadIPPluginJar : add resmgrutility
2024-07-27 15:33:33,266 [INFO] IPUIPlugin:80 - create IPUIPlugin
2024-07-27 15:33:33,266 [INFO] PluginManager:220 - loadIPPluginJar : add sai
2024-07-27 15:33:33,319 [INFO] IPUIPlugin:80 - create IPUIPlugin
2024-07-27 15:33:33,319 [INFO] PluginManager:220 - loadIPPluginJar : add spi
2024-07-27 15:33:33,409 [INFO] IPUIPlugin:80 - create IPUIPlugin
2024-07-27 15:33:33,409 [INFO] PluginManager:220 - loadIPPluginJar : add stm32_wpan
2024-07-27 15:33:33,438 [INFO] IPUIPlugin:80 - create IPUIPlugin
2024-07-27 15:33:33,438 [INFO] PluginManager:220 - loadIPPluginJar : add tim
2024-07-27 15:33:33,527 [INFO] IPUIPlugin:80 - create IPUIPlugin
2024-07-27 15:33:33,528 [INFO] PluginManager:220 - loadIPPluginJar : add touchsensing
2024-07-27 15:33:33,618 [INFO] IPUIPlugin:80 - create IPUIPlugin
2024-07-27 15:33:33,618 [INFO] PluginManager:220 - loadIPPluginJar : add tracer_emb
2024-07-27 15:33:33,668 [INFO] IPUIPlugin:80 - create IPUIPlugin
2024-07-27 15:33:33,668 [INFO] PluginManager:220 - loadIPPluginJar : add ts
2024-07-27 15:33:33,695 [INFO] IPUIPlugin:80 - create IPUIPlugin
2024-07-27 15:33:33,695 [INFO] PluginManager:220 - loadIPPluginJar : add tsc
2024-07-27 15:33:33,722 [INFO] IPUIPlugin:80 - create IPUIPlugin
2024-07-27 15:33:33,723 [INFO] PluginManager:220 - loadIPPluginJar : add ucpd
2024-07-27 15:33:33,777 [INFO] IPUIPlugin:80 - create IPUIPlugin
2024-07-27 15:33:33,777 [INFO] PluginManager:220 - loadIPPluginJar : add usart
2024-07-27 15:33:33,814 [INFO] ThirdPartyUpdaterWithRetryManager:70 - Updater plugin not ready yet. [2/15]
2024-07-27 15:33:33,826 [INFO] IPUIPlugin:80 - create IPUIPlugin
2024-07-27 15:33:33,826 [INFO] PluginManager:220 - loadIPPluginJar : add usbx
2024-07-27 15:33:33,960 [INFO] CADModel:165 - CPN selected for project level
2024-07-27 15:33:33,960 [INFO] CADModel:114 - Register for checkConnection events
2024-07-27 15:33:33,960 [FATAL] Updater:334 - Updater called before beeing initialized
2024-07-27 15:33:33,960 [ERROR] CADModel:125 - Updater not yet initialized, retry later 
2024-07-27 15:33:34,097 [INFO] CADModel:165 - CPN selected for project level
2024-07-27 15:33:34,097 [INFO] CADModel:114 - Register for checkConnection events
2024-07-27 15:33:34,097 [FATAL] Updater:334 - Updater called before beeing initialized
2024-07-27 15:33:34,097 [ERROR] CADModel:125 - Updater not yet initialized, retry later 
2024-07-27 15:33:34,101 [FATAL] Updater:334 - Updater called before beeing initialized
2024-07-27 15:33:34,203 [FATAL] Updater:334 - Updater called before beeing initialized
2024-07-27 15:33:34,215 [INFO] DbMcusAds:53 - JSON generation date=Thu May 16 16:22:00 ICT 2024 (1715851320667)
2024-07-27 15:33:34,215 [FATAL] Updater:334 - Updater called before beeing initialized
2024-07-27 15:33:34,252 [WARN] DetailPanel:346 - Failed to get advertising image, set to default
2024-07-27 15:33:34,350 [FATAL] Updater:334 - Updater called before beeing initialized
2024-07-27 15:33:34,353 [FATAL] Updater:334 - Updater called before beeing initialized
2024-07-27 15:33:34,353 [FATAL] Updater:334 - Updater called before beeing initialized
2024-07-27 15:33:34,353 [WARN] DetailPanel:346 - Failed to get advertising image, set to default
2024-07-27 15:33:34,354 [FATAL] Updater:334 - Updater called before beeing initialized
2024-07-27 15:33:34,421 [ERROR] Updater:1164 - MainUpdater not yet initialized. External WinMGr cannot be set.
2024-07-27 15:33:34,434 [INFO] Updater:1100 - Updater Version found : 6.12.0
2024-07-27 15:33:34,451 [INFO] ApplicationProperties:184 - Using Application install path: C:\ST\STM32CubeIDE_1.13.2\STM32CubeIDE\plugins\com.st.stm32cube.common.mx_6.12.0.202406281431
2024-07-27 15:33:36,034 [ERROR] LogOutputStream:75 - [STDERR_REDIRECT] Jul 27, 2024 3:33:36 PM java.util.prefs.WindowsPreferences <init>
2024-07-27 15:33:36,036 [ERROR] LogOutputStream:75 - [STDERR_REDIRECT] WARNING: Could not open/create prefs root node Software\JavaSoft\Prefs at root 0xffffffff80000002. Windows RegCreateKeyEx(...) returned error code 5.
2024-07-27 15:33:36,036 [ERROR] LogOutputStream:75 - [STDERR_REDIRECT] 
2024-07-27 15:33:36,484 [INFO] MainUpdater:2873 - connection check result : 10
2024-07-27 15:33:36,485 [INFO] MainUpdater:290 - Updater Check For Update Now.
2024-07-27 15:33:36,485 [INFO] MicroXplorer:498 - Change Database Version : DB.6.0.120
2024-07-27 15:33:36,501 [INFO] McuFinderGlobals:63 - Set McuFinder mode to 2 (CubeIDE integrated)
2024-07-27 15:33:36,510 [INFO] UserAuth:417 - Internet connection configuration mode: 1
2024-07-27 15:33:36,538 [INFO] JxBrowserEngine:152 - Initiate JxBrowser Engine with user profile folder
2024-07-27 15:33:36,686 [INFO] CheckServerUpdateThread:120 - End of CheckServer Thread
2024-07-27 15:33:37,024 [WARN] PackLoader:240 - Cannot read IP mode file for STMicroelectronics.FP-SNS-MOTENVWB1.1.4.0
2024-07-27 15:33:37,044 [WARN] PackLoader:240 - Cannot read IP mode file for STMicroelectronics.X-CUBE-SMBUS.2.1.0
2024-07-27 15:33:37,058 [WARN] PackLoader:240 - Cannot read IP mode file for STMicroelectronics.X-CUBE-TOUCHGFX.4.23.0
2024-07-27 15:33:37,075 [WARN] PackLoader:240 - Cannot read IP mode file for STMicroelectronics.X-CUBE-TOUCHGFX.4.23.2
2024-07-27 15:33:37,121 [WARN] PackLoader:240 - Cannot read IP mode file for STMicroelectronics.X-CUBE-AZRTOS-F7.1.1.0
2024-07-27 15:33:37,142 [WARN] PackLoader:240 - Cannot read IP mode file for STMicroelectronics.FP-SNS-MOTENV1.4.3.2
2024-07-27 15:33:37,159 [WARN] PackLoader:240 - Cannot read IP mode file for STMicroelectronics.FP-SNS-FLIGHT1.5.0.2
2024-07-27 15:33:37,181 [WARN] PackLoader:240 - Cannot read IP mode file for STMicroelectronics.X-CUBE-DISPLAY.3.0.0
2024-07-27 15:33:37,200 [WARN] PackLoader:240 - Cannot read IP mode file for STMicroelectronics.X-CUBE-BLE1.7.0.0
2024-07-27 15:33:37,215 [WARN] PackLoader:240 - Cannot read IP mode file for emotas.I-CUBE-CANOPEN.1.3.0
2024-07-27 15:33:37,227 [WARN] PackLoader:240 - Cannot read IP mode file for STMicroelectronics.X-CUBE-TOUCHGFX.4.22.0
2024-07-27 15:33:37,237 [WARN] PackLoader:240 - Cannot read IP mode file for STMicroelectronics.X-CUBE-TOUCHGFX.4.22.1
2024-07-27 15:33:37,255 [WARN] PackLoader:240 - Cannot read IP mode file for STMicroelectronics.X-CUBE-BLEMGR.3.1.0
2024-07-27 15:33:37,270 [WARN] PackLoader:240 - Cannot read IP mode file for STMicroelectronics.FP-SNS-SMARTAG2.1.2.0
2024-07-27 15:33:37,312 [INFO] LogOutputStream:77 - [STDOUT_REDIRECT] 1 : Invalid condition id : UX_CORESTACK_Condition cause : null
2024-07-27 15:33:37,312 [INFO] LogOutputStream:77 - [STDOUT_REDIRECT] 1 : Invalid condition id : UX_CORESTACK_Condition cause : null
2024-07-27 15:33:37,313 [INFO] LogOutputStream:77 - [STDOUT_REDIRECT] 1 : Invalid condition id : UX_CORESTACK_Condition cause : null
2024-07-27 15:33:37,314 [INFO] LogOutputStream:77 - [STDOUT_REDIRECT] 1 : Invalid condition id : UX_CORESTACK_Condition cause : null
2024-07-27 15:33:37,315 [INFO] LogOutputStream:77 - [STDOUT_REDIRECT] 1 : Invalid condition id : UX_CORESTACK_Condition cause : null
2024-07-27 15:33:37,318 [WARN] PackLoader:240 - Cannot read IP mode file for STMicroelectronics.X-CUBE-AZRTOS-WL.2.0.0
2024-07-27 15:33:37,332 [WARN] PackLoader:240 - Cannot read IP mode file for STMicroelectronics.FP-SNS-MOTENV1.5.0.0
2024-07-27 15:33:37,347 [WARN] PackLoader:240 - Cannot read IP mode file for wolfSSL.I-CUBE-wolfMQTT.1.19.0
2024-07-27 15:33:37,362 [WARN] PackLoader:240 - Cannot read IP mode file for WES.I-CUBE-Cesium.1.3.0
2024-07-27 15:33:37,377 [WARN] PackLoader:240 - Cannot read IP mode file for STMicroelectronics.X-CUBE-BLE2.3.3.0
2024-07-27 15:33:37,392 [WARN] PackLoader:240 - Cannot read IP mode file for STMicroelectronics.X-CUBE-TCPP.4.1.0
2024-07-27 15:33:37,409 [WARN] PackLoader:240 - Cannot read IP mode file for STMicroelectronics.X-CUBE-ALGOBUILD.1.3.0
2024-07-27 15:33:37,446 [WARN] PackLoader:240 - Cannot read IP mode file for STMicroelectronics.X-CUBE-AZRTOS-G0.1.1.0
2024-07-27 15:33:37,464 [WARN] PackLoader:240 - Cannot read IP mode file for STMicroelectronics.X-CUBE-SAFEA1.1.2.2
2024-07-27 15:33:37,480 [WARN] PackLoader:240 - Cannot read IP mode file for STMicroelectronics.X-CUBE-NFC4.3.0.0
2024-07-27 15:33:37,495 [WARN] PackLoader:240 - Cannot read IP mode file for wolfSSL.I-CUBE-wolfMQTT.1.18.0
2024-07-27 15:33:37,514 [WARN] PackLoader:240 - Cannot read IP mode file for EmbeddedOffice.I-CUBE-FS-RTOS.1.0.1
2024-07-27 15:33:37,514 [ERROR] ConditionMgr:805 - Attr not supported : Dmpu
2024-07-27 15:33:37,514 [ERROR] ConditionMgr:805 - Attr not supported : Dmpu
2024-07-27 15:33:37,514 [ERROR] ConditionMgr:805 - Attr not supported : Dmpu
2024-07-27 15:33:37,514 [ERROR] ConditionMgr:805 - Attr not supported : Dmpu
2024-07-27 15:33:37,514 [ERROR] ConditionMgr:805 - Attr not supported : Dmpu
2024-07-27 15:33:37,514 [ERROR] ConditionMgr:805 - Attr not supported : Dmpu
2024-07-27 15:33:37,514 [ERROR] ConditionMgr:805 - Attr not supported : Dmpu
2024-07-27 15:33:37,514 [ERROR] ConditionMgr:805 - Attr not supported : Dmpu
2024-07-27 15:33:37,514 [ERROR] ConditionMgr:805 - Attr not supported : Dmpu
2024-07-27 15:33:37,515 [ERROR] ConditionMgr:805 - Attr not supported : Dmpu
2024-07-27 15:33:37,515 [ERROR] ConditionMgr:805 - Attr not supported : Dmpu
2024-07-27 15:33:37,515 [ERROR] ConditionMgr:805 - Attr not supported : Dmpu
2024-07-27 15:33:37,515 [ERROR] ConditionMgr:805 - Attr not supported : Dmpu
2024-07-27 15:33:37,515 [ERROR] ConditionMgr:805 - Attr not supported : Dmpu
2024-07-27 15:33:37,515 [ERROR] ConditionMgr:805 - Attr not supported : Dmpu
2024-07-27 15:33:37,515 [ERROR] ConditionMgr:805 - Attr not supported : Dmpu
2024-07-27 15:33:37,515 [ERROR] ConditionMgr:805 - Attr not supported : Dmpu
2024-07-27 15:33:37,515 [ERROR] ConditionMgr:805 - Attr not supported : Dmpu
2024-07-27 15:33:37,515 [ERROR] ConditionMgr:805 - Attr not supported : Dmpu
2024-07-27 15:33:37,515 [ERROR] ConditionMgr:805 - Attr not supported : Dmpu
2024-07-27 15:33:37,515 [ERROR] ConditionMgr:805 - Attr not supported : Dmpu
2024-07-27 15:33:37,515 [ERROR] ConditionMgr:805 - Attr not supported : Dmpu
2024-07-27 15:33:37,515 [ERROR] ConditionMgr:805 - Attr not supported : Dmpu
2024-07-27 15:33:37,515 [ERROR] ConditionMgr:805 - Attr not supported : Dmpu
2024-07-27 15:33:37,515 [ERROR] ConditionMgr:805 - Attr not supported : Dmpu
2024-07-27 15:33:37,515 [ERROR] ConditionMgr:805 - Attr not supported : Dmpu
2024-07-27 15:33:37,516 [ERROR] ConditionMgr:805 - Attr not supported : Dmpu
2024-07-27 15:33:37,516 [ERROR] ConditionMgr:805 - Attr not supported : Dmpu
2024-07-27 15:33:37,516 [ERROR] ConditionMgr:805 - Attr not supported : Dmpu
2024-07-27 15:33:37,516 [ERROR] ConditionMgr:805 - Attr not supported : Dmpu
2024-07-27 15:33:37,516 [ERROR] ConditionMgr:805 - Attr not supported : Dmpu
2024-07-27 15:33:37,516 [ERROR] ConditionMgr:805 - Attr not supported : Dmpu
2024-07-27 15:33:37,516 [ERROR] ConditionMgr:805 - Attr not supported : Dmpu
2024-07-27 15:33:37,516 [ERROR] ConditionMgr:805 - Attr not supported : Dmpu
2024-07-27 15:33:37,516 [ERROR] ConditionMgr:805 - Attr not supported : Dmpu
2024-07-27 15:33:37,516 [ERROR] ConditionMgr:805 - Attr not supported : Dmpu
2024-07-27 15:33:37,516 [ERROR] ConditionMgr:805 - Attr not supported : Dmpu
2024-07-27 15:33:37,516 [ERROR] ConditionMgr:805 - Attr not supported : Dmpu
2024-07-27 15:33:37,516 [ERROR] ConditionMgr:805 - Attr not supported : Dmpu
2024-07-27 15:33:37,516 [ERROR] ConditionMgr:805 - Attr not supported : Dmpu
2024-07-27 15:33:37,516 [ERROR] ConditionMgr:805 - Attr not supported : Dmpu
2024-07-27 15:33:37,516 [ERROR] ConditionMgr:805 - Attr not supported : Dmpu
2024-07-27 15:33:37,516 [ERROR] ConditionMgr:805 - Attr not supported : Dmpu
2024-07-27 15:33:37,517 [ERROR] ConditionMgr:805 - Attr not supported : Dmpu
2024-07-27 15:33:37,517 [ERROR] ConditionMgr:805 - Attr not supported : Dmpu
2024-07-27 15:33:37,517 [ERROR] ConditionMgr:805 - Attr not supported : Dmpu
2024-07-27 15:33:37,517 [ERROR] ConditionMgr:805 - Attr not supported : Dmpu
2024-07-27 15:33:37,517 [ERROR] ConditionMgr:805 - Attr not supported : Dmpu
2024-07-27 15:33:37,517 [ERROR] ConditionMgr:805 - Attr not supported : Dmpu
2024-07-27 15:33:37,517 [ERROR] ConditionMgr:805 - Attr not supported : Dmpu
2024-07-27 15:33:37,517 [ERROR] ConditionMgr:805 - Attr not supported : Dmpu
2024-07-27 15:33:37,517 [ERROR] ConditionMgr:805 - Attr not supported : Dmpu
2024-07-27 15:33:37,517 [ERROR] ConditionMgr:805 - Attr not supported : Dmpu
2024-07-27 15:33:37,517 [ERROR] ConditionMgr:805 - Attr not supported : Dmpu
2024-07-27 15:33:37,517 [ERROR] ConditionMgr:805 - Attr not supported : Dmpu
2024-07-27 15:33:37,517 [ERROR] ConditionMgr:805 - Attr not supported : Dmpu
2024-07-27 15:33:37,517 [ERROR] ConditionMgr:805 - Attr not supported : Dmpu
2024-07-27 15:33:37,517 [ERROR] ConditionMgr:805 - Attr not supported : Dmpu
2024-07-27 15:33:37,517 [ERROR] ConditionMgr:805 - Attr not supported : Dmpu
2024-07-27 15:33:37,517 [ERROR] ConditionMgr:805 - Attr not supported : Dmpu
2024-07-27 15:33:37,518 [ERROR] ConditionMgr:805 - Attr not supported : Dmpu
2024-07-27 15:33:37,518 [ERROR] ConditionMgr:805 - Attr not supported : Dmpu
2024-07-27 15:33:37,518 [ERROR] ConditionMgr:805 - Attr not supported : Dmpu
2024-07-27 15:33:37,518 [ERROR] ConditionMgr:805 - Attr not supported : Dmpu
2024-07-27 15:33:37,535 [WARN] PackLoader:240 - Cannot read IP mode file for STMicroelectronics.X-CUBE-BLEMGR.3.0.0
2024-07-27 15:33:37,551 [WARN] PackLoader:240 - Cannot read IP mode file for RealThread.X-CUBE-RT-Thread_Nano.4.1.1
2024-07-27 15:33:37,562 [WARN] PackLoader:240 - Cannot read IP mode file for STMicroelectronics.FP-ATR-SIGFOX1.3.2.0
2024-07-27 15:33:37,576 [WARN] PackLoader:240 - Cannot read IP mode file for STMicroelectronics.X-CUBE-EEPRMA1.5.1.0
2024-07-27 15:33:37,614 [WARN] PackLoader:240 - Cannot read IP mode file for SEGGER.I-CUBE-embOS.1.3.1
2024-07-27 15:33:37,659 [WARN] PackLoader:240 - Cannot read IP mode file for STMicroelectronics.X-CUBE-ALGOBUILD.1.4.0
2024-07-27 15:33:37,673 [WARN] PackLoader:240 - Cannot read IP mode file for STMicroelectronics.X-CUBE-GNSS1.6.0.0
2024-07-27 15:33:37,701 [WARN] PackLoader:240 - Cannot read IP mode file for STMicroelectronics.X-CUBE-AZRTOS-F4.1.1.0
2024-07-27 15:33:37,714 [WARN] PackLoader:240 - Cannot read IP mode file for wolfSSL.I-CUBE-wolfSSL.5.6.3
2024-07-27 15:33:37,727 [WARN] PackLoader:240 - Cannot read IP mode file for STMicroelectronics.X-CUBE-FREERTOS.1.2.0
2024-07-27 15:33:37,757 [WARN] PackLoader:240 - Cannot read IP mode file for STMicroelectronics.X-CUBE-AZRTOS-L5.2.0.0
2024-07-27 15:33:37,811 [WARN] PackLoader:240 - Cannot read IP mode file for STMicroelectronics.X-CUBE-MEMS1.9.6.0
2024-07-27 15:33:37,934 [WARN] PackLoader:240 - Cannot read IP mode file for STMicroelectronics.X-CUBE-EEPRMA1.4.2.0
2024-07-27 15:33:37,948 [WARN] PackLoader:240 - Cannot read IP mode file for STMicroelectronics.X-CUBE-NFC6.3.1.0
2024-07-27 15:33:37,964 [WARN] PackLoader:240 - Cannot read IP mode file for ITTIA_DB.I-CUBE-ITTIADB.8.8.0
2024-07-27 15:33:37,978 [WARN] PackLoader:240 - Cannot read IP mode file for STMicroelectronics.X-CUBE-BLEMGR.2.0.0
2024-07-27 15:33:37,991 [WARN] PackLoader:240 - Cannot read IP mode file for STMicroelectronics.X-CUBE-DPower.1.2.0
2024-07-27 15:33:38,002 [WARN] PackLoader:240 - Cannot read IP mode file for STMicroelectronics.X-CUBE-AI.9.0.0
2024-07-27 15:33:38,036 [WARN] ConditionMgr:438 - getConditionDescription Invalid condition id : UX DEVICE CLASS RTOS Condition cause : null
2024-07-27 15:33:38,037 [WARN] ConditionMgr:438 - getConditionDescription Invalid condition id : UX DEVICE CLASS RTOS Condition cause : null
2024-07-27 15:33:38,040 [WARN] PackLoader:240 - Cannot read IP mode file for STMicroelectronics.X-CUBE-AZRTOS-H7.3.1.0
2024-07-27 15:33:38,041 [WARN] ConditionMgr:1039 - genDependencies : Invalid condition id : UX DEVICE CLASS RTOS Condition cause : null
2024-07-27 15:33:38,041 [WARN] ConditionMgr:1039 - genDependencies : Invalid condition id : UX DEVICE CLASS RTOS Condition cause : null
2024-07-27 15:33:38,042 [WARN] ConditionMgr:1039 - genDependencies : Invalid condition id : UX DEVICE CLASS RTOS Condition cause : null
2024-07-27 15:33:38,042 [WARN] ConditionMgr:1039 - genDependencies : Invalid condition id : UX DEVICE CLASS RTOS Condition cause : null
2024-07-27 15:33:38,043 [WARN] ConditionMgr:1039 - genDependencies : Invalid condition id : UX DEVICE CLASS RTOS Condition cause : null
2024-07-27 15:33:38,063 [WARN] PackLoader:240 - Cannot read IP mode file for STMicroelectronics.X-CUBE-NFC7.1.0.1
2024-07-27 15:33:38,080 [WARN] PackLoader:240 - Cannot read IP mode file for wolfSSL.I-CUBE-wolfTPM.3.2.0
2024-07-27 15:33:38,096 [WARN] PackLoader:240 - Cannot read IP mode file for STMicroelectronics.X-CUBE-NFC6.3.0.0
2024-07-27 15:33:38,119 [WARN] PackLoader:240 - Cannot read IP mode file for STMicroelectronics.X-CUBE-EEPRMA1.4.1.0
2024-07-27 15:33:38,136 [WARN] PackLoader:240 - Cannot read IP mode file for STMicroelectronics.X-CUBE-AI.8.1.0
2024-07-27 15:33:38,215 [WARN] ConditionMgr:438 - getConditionDescription Invalid condition id : LAN8742 Phy interface Condition cause : null
2024-07-27 15:33:38,217 [WARN] PackLoader:240 - Cannot read IP mode file for STMicroelectronics.X-CUBE-AZRTOS-L4.2.0.0
2024-07-27 15:33:38,218 [WARN] ConditionMgr:1039 - genDependencies : Invalid condition id : LAN8742 Phy interface Condition cause : null
2024-07-27 15:33:38,218 [WARN] ConditionMgr:1039 - genDependencies : Invalid condition id : LAN8742 Phy interface Condition cause : null
2024-07-27 15:33:38,219 [WARN] ConditionMgr:1039 - genDependencies : Invalid condition id : LAN8742 Phy interface Condition cause : null
2024-07-27 15:33:38,243 [WARN] PackLoader:240 - Cannot read IP mode file for STMicroelectronics.X-CUBE-SFXS2LP1.4.0.0
2024-07-27 15:33:38,257 [WARN] PackLoader:240 - Cannot read IP mode file for STMicroelectronics.X-CUBE-ISPU.1.1.0
2024-07-27 15:33:38,284 [WARN] ConditionMgr:438 - getConditionDescription Invalid condition id : UX DEVICE CLASS RTOS Condition cause : null
2024-07-27 15:33:38,284 [WARN] ConditionMgr:438 - getConditionDescription Invalid condition id : UX DEVICE CLASS RTOS Condition cause : null
2024-07-27 15:33:38,286 [WARN] PackLoader:240 - Cannot read IP mode file for STMicroelectronics.X-CUBE-AZRTOS-WB.2.0.0
2024-07-27 15:33:38,286 [WARN] ConditionMgr:1039 - genDependencies : Invalid condition id : UX DEVICE CLASS RTOS Condition cause : null
2024-07-27 15:33:38,286 [WARN] ConditionMgr:1039 - genDependencies : Invalid condition id : UX DEVICE CLASS RTOS Condition cause : null
2024-07-27 15:33:38,287 [WARN] ConditionMgr:1039 - genDependencies : Invalid condition id : UX DEVICE CLASS RTOS Condition cause : null
2024-07-27 15:33:38,287 [WARN] ConditionMgr:1039 - genDependencies : Invalid condition id : UX DEVICE CLASS RTOS Condition cause : null
2024-07-27 15:33:38,287 [WARN] ConditionMgr:1039 - genDependencies : Invalid condition id : UX DEVICE CLASS RTOS Condition cause : null
2024-07-27 15:33:38,304 [WARN] PackLoader:240 - Cannot read IP mode file for STMicroelectronics.FP-SNS-STBOX1.2.0.0
2024-07-27 15:33:38,327 [WARN] PackLoader:240 - Cannot read IP mode file for STMicroelectronics.X-CUBE-SUBG2.5.0.0
2024-07-27 15:33:38,342 [WARN] PackLoader:240 - Cannot read IP mode file for Cesanta.I-CUBE-Mongoose.7.13.0
2024-07-27 15:33:38,361 [WARN] PackLoader:240 - Cannot read IP mode file for STMicroelectronics.X-CUBE-TOF1.3.3.1
2024-07-27 15:33:38,397 [WARN] PackLoader:240 - Cannot read IP mode file for STMicroelectronics.X-CUBE-AZRTOS-G4.2.0.0
2024-07-27 15:33:38,424 [WARN] PackLoader:240 - Cannot read IP mode file for Infineon.AIROC-Wi-Fi-Bluetooth-STM32.1.5.1
2024-07-27 15:33:38,440 [WARN] PackLoader:240 - Cannot read IP mode file for STMicroelectronics.FP-SNS-MOTENVWB1.1.3.0
2024-07-27 15:33:38,453 [WARN] PackLoader:240 - Cannot read IP mode file for STMicroelectronics.FP-SNS-MOTENVWB1.1.3.1
2024-07-27 15:33:38,464 [WARN] PackLoader:240 - Cannot read IP mode file for STMicroelectronics.X-CUBE-ISPU.2.0.0
2024-07-27 15:33:38,477 [WARN] PackLoader:240 - Cannot read IP mode file for STMicroelectronics.X-CUBE-ALS.1.0.2
2024-07-27 15:33:38,522 [WARN] PackLoader:240 - Cannot read IP mode file for STMicroelectronics.X-CUBE-MEMS1.10.0.0
2024-07-27 15:33:38,622 [WARN] PackLoader:240 - Cannot read IP mode file for STMicroelectronics.X-CUBE-FREERTOS.1.1.0
2024-07-27 15:33:38,634 [WARN] PackLoader:240 - Cannot read IP mode file for STMicroelectronics.X-CUBE-TOUCHGFX.4.24.0
2024-07-27 15:33:38,646 [WARN] PackLoader:240 - Cannot read IP mode file for portGmbH.I-Cube-SoM-uGOAL.1.1.0
2024-07-27 15:33:38,657 [WARN] PackLoader:240 - Cannot read IP mode file for STMicroelectronics.X-CUBE-ALS.1.0.1
2024-07-27 15:33:38,687 [WARN] PackLoader:240 - Cannot read IP mode file for STMicroelectronics.X-CUBE-AZRTOS-H7RS.1.0.0
2024-07-27 15:33:38,699 [WARN] PackLoader:240 - Cannot read IP mode file for STMicroelectronics.FP-ATR-ASTRA1.2.0.0
2024-07-27 15:33:38,718 [WARN] PackLoader:240 - Cannot read IP mode file for STMicroelectronics.X-CUBE-TOF1.3.4.2
2024-07-27 15:33:38,745 [WARN] PackLoader:240 - Cannot read IP mode file for STMicroelectronics.X-CUBE-TOF1.3.4.0
2024-07-27 15:33:38,773 [WARN] PackLoader:240 - Cannot read IP mode file for STMicroelectronics.X-CUBE-TOF1.3.4.1
2024-07-27 15:33:38,812 [WARN] PackLoader:240 - Cannot read IP mode file for STMicroelectronics.X-CUBE-AZRTOS-H7.3.2.0
2024-07-27 15:33:38,838 [WARN] PackLoader:240 - Cannot read IP mode file for wolfSSL.I-CUBE-wolfSSH.1.4.17
2024-07-27 15:33:38,839 [INFO] ThirdParty:978 - Integrity check success = true
2024-07-27 15:33:38,839 [INFO] IntegrityCheckThread:100 - exiting critical section [integrity check]
2024-07-27 15:33:38,839 [INFO] IntegrityCheckThread:103 - End integrity checks thread
2024-07-27 15:33:39,769 [INFO] WebApp:167 - Instantiating new browser for Auth
2024-07-27 15:33:41,969 [INFO] WebApp:448 - Apply proxy settings
2024-07-27 15:33:41,970 [INFO] WebApp:533 - Chromium requires no authentication
2024-07-27 15:33:41,983 [INFO] WebApp:476 - Direct internet connection detected
2024-07-27 15:33:42,023 [INFO] WebApp:869 - Register for checkConnection events
2024-07-27 15:33:42,024 [INFO] WebApp:448 - Apply proxy settings
2024-07-27 15:33:42,024 [INFO] WebApp:533 - Chromium requires no authentication
2024-07-27 15:33:42,031 [INFO] WebApp:476 - Direct internet connection detected
2024-07-27 15:33:42,342 [INFO] WebApp:186 - Connection restablished
2024-07-27 15:33:42,404 [INFO] WebApp:220 - Starting web application
2024-07-27 15:33:42,405 [INFO] WebApp:578 - Web application path used C:\ST\STM32CubeIDE_1.13.2\STM32CubeIDE\plugins\com.st.stm32cube.common.mx_6.12.0.202406281431\db\plugins\mcufinder\reactClient1\index.html
2024-07-27 15:33:42,682 [INFO] UserAuth:417 - Internet connection configuration mode: 1
2024-07-27 16:44:54,863 [ERROR] LogOutputStream:75 - [STDERR_REDIRECT] 
2024-07-27 17:03:20,125 [INFO] Activator:176 - 


2024-07-27 17:03:20,127 [INFO] Activator:177 - !SESSION log4j initialized
2024-07-27 17:03:26,526 [INFO] LogOutputStream:77 - [STDOUT_REDIRECT] 
2024-07-27 17:03:28,252 [INFO] ApplicationProperties:184 - Using Application install path: C:\ST\STM32CubeIDE_1.13.2\STM32CubeIDE\plugins\com.st.stm32cube.common.mx_6.12.0.202406281431
2024-07-27 17:03:28,270 [INFO] DbMcusXml:78 - Set database path to: C:\ST\STM32CubeIDE_1.13.2\STM32CubeIDE\plugins\com.st.stm32cube.common.mx_6.12.0.202406281431\\db\/mcu/
2024-07-27 17:03:28,270 [INFO] ApiDb:274 - Set plugin database path to: C:\ST\STM32CubeIDE_1.13.2\STM32CubeIDE\plugins\com.st.stm32cube.common.mx_6.12.0.202406281431\\db\/plugins/boardmanager/
2024-07-27 17:03:28,270 [WARN] ApiDb:259 - Overriding images path with different value:  => C:\ST\STM32CubeIDE_1.13.2\STM32CubeIDE\plugins\com.st.stm32cube.common.mx_6.12.0.202406281431\\db\/plugins/mcufinder/images/
2024-07-27 17:03:28,286 [INFO] ApiDb:250 - Set database path to: C:\Users\hlqth\.stmcufinder\plugins\mcufinder//mcu/
2024-07-27 17:03:28,287 [INFO] DbMcusAds:125 - Set database path to: C:\Users\hlqth\.stmcufinder\plugins\mcufinder//mcu/
2024-07-27 17:03:28,834 [INFO] CrossReferenceDbSqlite:203 - Set database path to: C:\Users\hlqth\.stmcufinder\plugins\mcufinder//mcu/cs/
2024-07-27 17:03:28,950 [INFO] RulesReader:64 - Compatibility file has been processed (297 Rules)
2024-07-27 17:03:29,030 [INFO] DbMcusXml:78 - Set database path to: C:\ST\STM32CubeIDE_1.13.2\STM32CubeIDE\plugins\com.st.stm32cube.common.mx_6.12.0.202406281431\\db\/mcu/
2024-07-27 17:03:29,030 [INFO] ApiDb:274 - Set plugin database path to: C:\ST\STM32CubeIDE_1.13.2\STM32CubeIDE\plugins\com.st.stm32cube.common.mx_6.12.0.202406281431\\db\/plugins/boardmanager/
2024-07-27 17:03:29,030 [INFO] ApiDb:261 - Set plugin images path to: C:\ST\STM32CubeIDE_1.13.2\STM32CubeIDE\plugins\com.st.stm32cube.common.mx_6.12.0.202406281431\\db\/plugins/mcufinder/images/
2024-07-27 17:03:29,030 [WARN] DbFile:41 - Overriding database path with different value: C:\Users\hlqth\.stmcufinder\plugins\mcufinder/ => C:\Users\hlqth\.stmcufinder\plugins\mcufinder
2024-07-27 17:03:29,030 [INFO] ApiDb:250 - Set database path to: C:\Users\hlqth\.stmcufinder\plugins\mcufinder//mcu/
2024-07-27 17:03:29,030 [WARN] DbFile:41 - Overriding database path with different value: C:\Users\hlqth\.stmcufinder\plugins\mcufinder/ => C:\Users\hlqth\.stmcufinder\plugins\mcufinder
2024-07-27 17:03:29,030 [INFO] DbMcusAds:125 - Set database path to: C:\Users\hlqth\.stmcufinder\plugins\mcufinder//mcu/
2024-07-27 17:03:29,030 [WARN] DbFile:41 - Overriding database path with different value: C:\Users\hlqth\.stmcufinder\plugins\mcufinder/ => C:\Users\hlqth\.stmcufinder\plugins\mcufinder
2024-07-27 17:03:29,030 [WARN] DbFile:41 - Overriding database path with different value: C:\Users\hlqth\.stmcufinder\plugins\mcufinder/ => C:\Users\hlqth\.stmcufinder\plugins\mcufinder
2024-07-27 17:03:29,833 [INFO] CrossReferenceDbSqlite:203 - Set database path to: C:\Users\hlqth\.stmcufinder\plugins\mcufinder//mcu/cs/
2024-07-27 17:03:29,918 [INFO] MainPanel:268 - HeapMemory: 268435456
2024-07-27 17:03:30,026 [INFO] DbMcusXml:78 - Set database path to: C:\ST\STM32CubeIDE_1.13.2\STM32CubeIDE\plugins\com.st.stm32cube.common.mx_6.12.0.202406281431\\db\/mcu/
2024-07-27 17:03:30,026 [INFO] ApiDb:274 - Set plugin database path to: C:\ST\STM32CubeIDE_1.13.2\STM32CubeIDE\plugins\com.st.stm32cube.common.mx_6.12.0.202406281431\\db\/plugins/boardmanager/
2024-07-27 17:03:30,026 [INFO] ApiDb:261 - Set plugin images path to: C:\ST\STM32CubeIDE_1.13.2\STM32CubeIDE\plugins\com.st.stm32cube.common.mx_6.12.0.202406281431\\db\/plugins/mcufinder/images/
2024-07-27 17:03:30,027 [WARN] DbFile:41 - Overriding database path with different value: C:\Users\hlqth\.stmcufinder\plugins\mcufinder/ => C:\Users\hlqth\.stmcufinder\plugins\mcufinder
2024-07-27 17:03:30,027 [INFO] ApiDb:250 - Set database path to: C:\Users\hlqth\.stmcufinder\plugins\mcufinder//mcu/
2024-07-27 17:03:30,027 [WARN] DbFile:41 - Overriding database path with different value: C:\Users\hlqth\.stmcufinder\plugins\mcufinder/ => C:\Users\hlqth\.stmcufinder\plugins\mcufinder
2024-07-27 17:03:30,027 [INFO] DbMcusAds:125 - Set database path to: C:\Users\hlqth\.stmcufinder\plugins\mcufinder//mcu/
2024-07-27 17:03:30,027 [WARN] DbFile:41 - Overriding database path with different value: C:\Users\hlqth\.stmcufinder\plugins\mcufinder/ => C:\Users\hlqth\.stmcufinder\plugins\mcufinder
2024-07-27 17:03:30,027 [WARN] DbFile:41 - Overriding database path with different value: C:\Users\hlqth\.stmcufinder\plugins\mcufinder/ => C:\Users\hlqth\.stmcufinder\plugins\mcufinder
2024-07-27 17:03:30,834 [INFO] CrossReferenceDbSqlite:203 - Set database path to: C:\Users\hlqth\.stmcufinder\plugins\mcufinder//mcu/cs/
2024-07-27 17:03:30,853 [INFO] ApplicationProperties:184 - Using Application install path: C:\ST\STM32CubeIDE_1.13.2\STM32CubeIDE\plugins\com.st.stm32cube.common.mx_6.12.0.202406281431
2024-07-27 17:03:30,854 [INFO] PluginManage:196 - Search for loadable plugins [exclusion list=, ]
2024-07-27 17:03:30,857 [INFO] PluginManage:310 - Check plugin analytics
2024-07-27 17:03:31,902 [INFO] AnalyticsPlugin:253 - Accepted Software Licenses: 
2024-07-27 17:03:31,902 [INFO] AnalyticsPlugin:255 - Accepted CMSIS Pack Licenses: 
2024-07-27 17:03:31,902 [INFO] AnalyticsPlugin:257 - Accepted Firmware Licenses: 
2024-07-27 17:03:31,905 [INFO] PluginManage:359 - Loaded plugin analytics (category:tool,tabindex:-1)
2024-07-27 17:03:31,906 [INFO] PluginManage:310 - Check plugin cadmodel
2024-07-27 17:03:31,921 [INFO] CADModel:105 - Init CAD model plugin
2024-07-27 17:03:31,921 [INFO] PluginManage:359 - Loaded plugin cadmodel (category:power,tabindex:5)
2024-07-27 17:03:31,921 [INFO] PluginManage:310 - Check plugin clock
2024-07-27 17:03:31,940 [INFO] PluginManage:359 - Loaded plugin clock (category:base,tabindex:2)
2024-07-27 17:03:31,940 [INFO] PluginManage:310 - Check plugin ddr
2024-07-27 17:03:31,943 [INFO] PluginManage:359 - Loaded plugin ddr (category:tool,tabindex:6)
2024-07-27 17:03:31,944 [INFO] PluginManage:310 - Check plugin filemanager
2024-07-27 17:03:32,087 [INFO] PluginManage:359 - Loaded plugin filemanager (category:base,tabindex:10)
2024-07-27 17:03:32,088 [INFO] PluginManage:310 - Check plugin ipmanager
2024-07-27 17:03:32,096 [INFO] PluginManage:359 - Loaded plugin ipmanager (category:base,tabindex:5)
2024-07-27 17:03:32,096 [INFO] PluginManage:310 - Check plugin lpbam
2024-07-27 17:03:32,117 [INFO] PluginManage:359 - Loaded plugin lpbam (category:base,tabindex:0)
2024-07-27 17:03:32,117 [INFO] PluginManage:310 - Check plugin memorymap
2024-07-27 17:03:32,141 [INFO] PluginManage:359 - Loaded plugin memorymap (category:base,tabindex:4)
2024-07-27 17:03:32,142 [INFO] PluginManage:310 - Check plugin pinoutandconfiguration
2024-07-27 17:03:32,160 [INFO] PluginManage:359 - Loaded plugin pinoutandconfiguration (category:base,tabindex:1)
2024-07-27 17:03:32,160 [INFO] PluginManage:310 - Check plugin pinoutconfig
2024-07-27 17:03:32,259 [WARN] SupportedApi:132 - Cannot load RTOS API schema: s4s-elt-must-match.1: The content of 'definitions' must match (annotation?, (simpleType | complexType)?, (unique | key | keyref)*)). A problem was found starting at: attribute.
2024-07-27 17:03:32,402 [INFO] PluginManage:359 - Loaded plugin pinoutconfig (category:base,tabindex:0)
2024-07-27 17:03:32,403 [INFO] PluginManage:310 - Check plugin power
2024-07-27 17:03:32,434 [INFO] PluginManage:359 - Loaded plugin power (category:power,tabindex:4)
2024-07-27 17:03:32,434 [INFO] PluginManage:310 - Check plugin projectmanager
2024-07-27 17:03:32,459 [INFO] PluginManage:359 - Loaded plugin projectmanager (category:projectmanager,tabindex:4)
2024-07-27 17:03:32,459 [INFO] PluginManage:310 - Check plugin rif
2024-07-27 17:03:32,477 [INFO] PluginManage:359 - Loaded plugin rif (category:base,tabindex:3)
2024-07-27 17:03:32,477 [INFO] PluginManage:310 - Check plugin thirdparty
2024-07-27 17:03:32,767 [INFO] PluginManage:359 - Loaded plugin thirdparty (category:base,tabindex:-1)
2024-07-27 17:03:32,767 [WARN] IntegrityCheckThread:84 - waiting for thirdparty lock release [integrity check]
2024-07-27 17:03:32,767 [INFO] IntegrityCheckThread:86 - entering critical section [integrity check]
2024-07-27 17:03:32,767 [INFO] PluginManage:310 - Check plugin tools
2024-07-27 17:03:32,768 [INFO] ThirdPartyUpdaterWithRetryManager:70 - Updater plugin not ready yet. [1/15]
2024-07-27 17:03:32,809 [INFO] PluginManage:359 - Loaded plugin tools (category:base,tabindex:7)
2024-07-27 17:03:32,809 [INFO] PluginManage:310 - Check plugin tutovideos
2024-07-27 17:03:33,003 [INFO] PluginManage:359 - Loaded plugin tutovideos (category:base,tabindex:-1)
2024-07-27 17:03:33,003 [INFO] PluginManage:310 - Check plugin updater
2024-07-27 17:03:33,020 [INFO] PluginManage:359 - Loaded plugin updater (category:base,tabindex:12)
2024-07-27 17:03:33,020 [INFO] PluginManage:310 - Check plugin userauth
2024-07-27 17:03:33,026 [INFO] UserAuth:113 - Init User Auth plugin
2024-07-27 17:03:33,026 [INFO] PluginManage:359 - Loaded plugin userauth (category:base,tabindex:14)
2024-07-27 17:03:33,026 [INFO] PluginManage:283 - PluginManage : Loaded plugins [18]
2024-07-27 17:03:33,240 [INFO] PinOutPanel:1561 - setPackage(No Configuration,No Configuration)
2024-07-27 17:03:33,337 [INFO] CADModel:165 - CPN selected for project level
2024-07-27 17:03:33,338 [INFO] CADModel:114 - Register for checkConnection events
2024-07-27 17:03:33,367 [INFO] IPUIPlugin:80 - create IPUIPlugin
2024-07-27 17:03:33,367 [INFO] PluginManager:220 - loadIPPluginJar : add adc
2024-07-27 17:03:33,408 [INFO] IPUIPlugin:80 - create IPUIPlugin
2024-07-27 17:03:33,408 [INFO] PluginManager:220 - loadIPPluginJar : add aes
2024-07-27 17:03:33,454 [INFO] IPUIPlugin:80 - create IPUIPlugin
2024-07-27 17:03:33,454 [INFO] PluginManager:220 - loadIPPluginJar : add can
2024-07-27 17:03:33,482 [INFO] IPUIPlugin:80 - create IPUIPlugin
2024-07-27 17:03:33,482 [INFO] PluginManager:220 - loadIPPluginJar : add comp
2024-07-27 17:03:33,520 [INFO] IPUIPlugin:80 - create IPUIPlugin
2024-07-27 17:03:33,520 [INFO] PluginManager:220 - loadIPPluginJar : add cryp
2024-07-27 17:03:33,534 [INFO] IPUIPlugin:80 - create IPUIPlugin
2024-07-27 17:03:33,534 [INFO] PluginManager:220 - loadIPPluginJar : add ddr_ctrl_phy
2024-07-27 17:03:33,568 [INFO] IPUIPlugin:80 - create IPUIPlugin
2024-07-27 17:03:33,568 [INFO] PluginManager:220 - loadIPPluginJar : add dfsdm
2024-07-27 17:03:33,582 [INFO] IPUIPlugin:80 - create IPUIPlugin
2024-07-27 17:03:33,582 [INFO] PluginManager:220 - loadIPPluginJar : add dma
2024-07-27 17:03:33,632 [INFO] IPUIPlugin:80 - create IPUIPlugin
2024-07-27 17:03:33,633 [INFO] PluginManager:220 - loadIPPluginJar : add dma3
2024-07-27 17:03:33,683 [INFO] IPUIPlugin:80 - create IPUIPlugin
2024-07-27 17:03:33,683 [INFO] PluginManager:220 - loadIPPluginJar : add extmemmanager
2024-07-27 17:03:33,708 [INFO] IPUIPlugin:80 - create IPUIPlugin
2024-07-27 17:03:33,708 [INFO] PluginManager:220 - loadIPPluginJar : add fatfs
2024-07-27 17:03:33,759 [INFO] IPUIPlugin:80 - create IPUIPlugin
2024-07-27 17:03:33,759 [INFO] PluginManager:220 - loadIPPluginJar : add fmc
2024-07-27 17:03:33,775 [INFO] IPUIPlugin:80 - create IPUIPlugin
2024-07-27 17:03:33,775 [INFO] PluginManager:220 - loadIPPluginJar : add freertos
2024-07-27 17:03:33,800 [INFO] IPUIPlugin:80 - create IPUIPlugin
2024-07-27 17:03:33,800 [INFO] PluginManager:220 - loadIPPluginJar : add genericplugin
2024-07-27 17:03:33,908 [INFO] IPUIPlugin:80 - create IPUIPlugin
2024-07-27 17:03:33,909 [INFO] PluginManager:220 - loadIPPluginJar : add gfxmmu
2024-07-27 17:03:34,056 [INFO] IPUIPlugin:80 - create IPUIPlugin
2024-07-27 17:03:34,056 [INFO] PluginManager:220 - loadIPPluginJar : add gic
2024-07-27 17:03:34,071 [INFO] IPUIPlugin:80 - create IPUIPlugin
2024-07-27 17:03:34,071 [INFO] PluginManager:220 - loadIPPluginJar : add gpio
2024-07-27 17:03:34,171 [INFO] IPUIPlugin:80 - create IPUIPlugin
2024-07-27 17:03:34,172 [INFO] PluginManager:220 - loadIPPluginJar : add gtzc
2024-07-27 17:03:34,208 [INFO] IPUIPlugin:80 - create IPUIPlugin
2024-07-27 17:03:34,208 [INFO] PluginManager:220 - loadIPPluginJar : add hash
2024-07-27 17:03:34,267 [INFO] IPUIPlugin:80 - create IPUIPlugin
2024-07-27 17:03:34,267 [INFO] PluginManager:220 - loadIPPluginJar : add i2c
2024-07-27 17:03:34,312 [INFO] IPUIPlugin:80 - create IPUIPlugin
2024-07-27 17:03:34,313 [INFO] PluginManager:220 - loadIPPluginJar : add i2s
2024-07-27 17:03:34,363 [INFO] IPUIPlugin:80 - create IPUIPlugin
2024-07-27 17:03:34,363 [INFO] PluginManager:220 - loadIPPluginJar : add i3c
2024-07-27 17:03:34,476 [INFO] IPUIPlugin:80 - create IPUIPlugin
2024-07-27 17:03:34,476 [INFO] PluginManager:220 - loadIPPluginJar : add ipddr
2024-07-27 17:03:34,580 [INFO] IPUIPlugin:80 - create IPUIPlugin
2024-07-27 17:03:34,580 [INFO] PluginManager:220 - loadIPPluginJar : add linkedlist
2024-07-27 17:03:34,620 [INFO] IPUIPlugin:80 - create IPUIPlugin
2024-07-27 17:03:34,620 [INFO] PluginManager:220 - loadIPPluginJar : add lorawan
2024-07-27 17:03:34,661 [INFO] IPUIPlugin:80 - create IPUIPlugin
2024-07-27 17:03:34,662 [INFO] PluginManager:220 - loadIPPluginJar : add ltdc
2024-07-27 17:03:34,676 [INFO] IPUIPlugin:80 - create IPUIPlugin
2024-07-27 17:03:34,677 [INFO] PluginManager:220 - loadIPPluginJar : add mdma
2024-07-27 17:03:34,689 [INFO] IPUIPlugin:80 - create IPUIPlugin
2024-07-27 17:03:34,690 [INFO] PluginManager:220 - loadIPPluginJar : add nvic
2024-07-27 17:03:34,731 [INFO] IPUIPlugin:80 - create IPUIPlugin
2024-07-27 17:03:34,732 [INFO] PluginManager:220 - loadIPPluginJar : add opamp
2024-07-27 17:03:34,799 [INFO] IPUIPlugin:80 - create IPUIPlugin
2024-07-27 17:03:34,799 [INFO] PluginManager:220 - loadIPPluginJar : add openamp
2024-07-27 17:03:34,847 [INFO] IPUIPlugin:80 - create IPUIPlugin
2024-07-27 17:03:34,847 [INFO] PluginManager:220 - loadIPPluginJar : add pdm2pcm
2024-07-27 17:03:34,863 [INFO] IPUIPlugin:80 - create IPUIPlugin
2024-07-27 17:03:34,865 [INFO] PluginManager:220 - loadIPPluginJar : add plateformsettings
2024-07-27 17:03:34,889 [INFO] IPUIPlugin:80 - create IPUIPlugin
2024-07-27 17:03:34,889 [INFO] PluginManager:220 - loadIPPluginJar : add quadspi
2024-07-27 17:03:34,919 [INFO] IPUIPlugin:80 - create IPUIPlugin
2024-07-27 17:03:34,920 [INFO] PluginManager:220 - loadIPPluginJar : add radio
2024-07-27 17:03:34,936 [INFO] IPUIPlugin:80 - create IPUIPlugin
2024-07-27 17:03:34,936 [INFO] PluginManager:220 - loadIPPluginJar : add resmgrutility
2024-07-27 17:03:34,987 [INFO] IPUIPlugin:80 - create IPUIPlugin
2024-07-27 17:03:34,987 [INFO] PluginManager:220 - loadIPPluginJar : add sai
2024-07-27 17:03:35,028 [INFO] IPUIPlugin:80 - create IPUIPlugin
2024-07-27 17:03:35,029 [INFO] PluginManager:220 - loadIPPluginJar : add spi
2024-07-27 17:03:35,104 [INFO] IPUIPlugin:80 - create IPUIPlugin
2024-07-27 17:03:35,104 [INFO] PluginManager:220 - loadIPPluginJar : add stm32_wpan
2024-07-27 17:03:35,131 [INFO] IPUIPlugin:80 - create IPUIPlugin
2024-07-27 17:03:35,131 [INFO] PluginManager:220 - loadIPPluginJar : add tim
2024-07-27 17:03:35,196 [INFO] IPUIPlugin:80 - create IPUIPlugin
2024-07-27 17:03:35,196 [INFO] PluginManager:220 - loadIPPluginJar : add touchsensing
2024-07-27 17:03:35,222 [INFO] IPUIPlugin:80 - create IPUIPlugin
2024-07-27 17:03:35,222 [INFO] PluginManager:220 - loadIPPluginJar : add tracer_emb
2024-07-27 17:03:35,247 [INFO] IPUIPlugin:80 - create IPUIPlugin
2024-07-27 17:03:35,247 [INFO] PluginManager:220 - loadIPPluginJar : add ts
2024-07-27 17:03:35,272 [INFO] IPUIPlugin:80 - create IPUIPlugin
2024-07-27 17:03:35,272 [INFO] PluginManager:220 - loadIPPluginJar : add tsc
2024-07-27 17:03:35,296 [INFO] IPUIPlugin:80 - create IPUIPlugin
2024-07-27 17:03:35,296 [INFO] PluginManager:220 - loadIPPluginJar : add ucpd
2024-07-27 17:03:35,345 [INFO] IPUIPlugin:80 - create IPUIPlugin
2024-07-27 17:03:35,345 [INFO] PluginManager:220 - loadIPPluginJar : add usart
2024-07-27 17:03:35,393 [INFO] IPUIPlugin:80 - create IPUIPlugin
2024-07-27 17:03:35,393 [INFO] PluginManager:220 - loadIPPluginJar : add usbx
2024-07-27 17:03:35,526 [INFO] CADModel:165 - CPN selected for project level
2024-07-27 17:03:35,526 [INFO] CADModel:114 - Register for checkConnection events
2024-07-27 17:03:35,526 [FATAL] Updater:334 - Updater called before beeing initialized
2024-07-27 17:03:35,526 [ERROR] CADModel:125 - Updater not yet initialized, retry later 
2024-07-27 17:03:35,653 [INFO] CADModel:165 - CPN selected for project level
2024-07-27 17:03:35,653 [INFO] CADModel:114 - Register for checkConnection events
2024-07-27 17:03:35,653 [FATAL] Updater:334 - Updater called before beeing initialized
2024-07-27 17:03:35,653 [ERROR] CADModel:125 - Updater not yet initialized, retry later 
2024-07-27 17:03:35,658 [FATAL] Updater:334 - Updater called before beeing initialized
2024-07-27 17:03:35,762 [FATAL] Updater:334 - Updater called before beeing initialized
2024-07-27 17:03:35,769 [INFO] ThirdPartyUpdaterWithRetryManager:70 - Updater plugin not ready yet. [2/15]
2024-07-27 17:03:35,773 [INFO] DbMcusAds:53 - JSON generation date=Thu May 16 16:22:00 ICT 2024 (1715851320667)
2024-07-27 17:03:35,774 [FATAL] Updater:334 - Updater called before beeing initialized
2024-07-27 17:03:35,809 [WARN] DetailPanel:346 - Failed to get advertising image, set to default
2024-07-27 17:03:35,888 [FATAL] Updater:334 - Updater called before beeing initialized
2024-07-27 17:03:35,890 [FATAL] Updater:334 - Updater called before beeing initialized
2024-07-27 17:03:35,890 [FATAL] Updater:334 - Updater called before beeing initialized
2024-07-27 17:03:35,890 [WARN] DetailPanel:346 - Failed to get advertising image, set to default
2024-07-27 17:03:35,891 [FATAL] Updater:334 - Updater called before beeing initialized
2024-07-27 17:03:35,955 [ERROR] Updater:1164 - MainUpdater not yet initialized. External WinMGr cannot be set.
2024-07-27 17:03:35,967 [INFO] Updater:1100 - Updater Version found : 6.12.0
2024-07-27 17:03:35,990 [INFO] ApplicationProperties:184 - Using Application install path: C:\ST\STM32CubeIDE_1.13.2\STM32CubeIDE\plugins\com.st.stm32cube.common.mx_6.12.0.202406281431
2024-07-27 17:03:37,578 [ERROR] LogOutputStream:75 - [STDERR_REDIRECT] Jul 27, 2024 5:03:37 PM java.util.prefs.WindowsPreferences <init>
2024-07-27 17:03:37,579 [ERROR] LogOutputStream:75 - [STDERR_REDIRECT] WARNING: Could not open/create prefs root node Software\JavaSoft\Prefs at root 0xffffffff80000002. Windows RegCreateKeyEx(...) returned error code 5.
2024-07-27 17:03:37,579 [ERROR] LogOutputStream:75 - [STDERR_REDIRECT] 
2024-07-27 17:03:38,279 [INFO] MainUpdater:2873 - connection check result : 10
2024-07-27 17:03:38,279 [INFO] MainUpdater:290 - Updater Check For Update Now.
2024-07-27 17:03:38,280 [INFO] MicroXplorer:498 - Change Database Version : DB.6.0.120
2024-07-27 17:03:38,295 [INFO] McuFinderGlobals:63 - Set McuFinder mode to 2 (CubeIDE integrated)
2024-07-27 17:03:38,303 [INFO] UserAuth:417 - Internet connection configuration mode: 1
2024-07-27 17:03:38,330 [INFO] JxBrowserEngine:152 - Initiate JxBrowser Engine with user profile folder
2024-07-27 17:03:38,476 [INFO] CheckServerUpdateThread:120 - End of CheckServer Thread
2024-07-27 17:03:38,981 [WARN] PackLoader:240 - Cannot read IP mode file for STMicroelectronics.FP-SNS-MOTENVWB1.1.4.0
2024-07-27 17:03:39,002 [WARN] PackLoader:240 - Cannot read IP mode file for STMicroelectronics.X-CUBE-SMBUS.2.1.0
2024-07-27 17:03:39,016 [WARN] PackLoader:240 - Cannot read IP mode file for STMicroelectronics.X-CUBE-TOUCHGFX.4.23.0
2024-07-27 17:03:39,029 [WARN] PackLoader:240 - Cannot read IP mode file for STMicroelectronics.X-CUBE-TOUCHGFX.4.23.2
2024-07-27 17:03:39,068 [WARN] PackLoader:240 - Cannot read IP mode file for STMicroelectronics.X-CUBE-AZRTOS-F7.1.1.0
2024-07-27 17:03:39,087 [WARN] PackLoader:240 - Cannot read IP mode file for STMicroelectronics.FP-SNS-MOTENV1.4.3.2
2024-07-27 17:03:39,101 [WARN] PackLoader:240 - Cannot read IP mode file for STMicroelectronics.FP-SNS-FLIGHT1.5.0.2
2024-07-27 17:03:39,117 [WARN] PackLoader:240 - Cannot read IP mode file for STMicroelectronics.X-CUBE-DISPLAY.3.0.0
2024-07-27 17:03:39,136 [WARN] PackLoader:240 - Cannot read IP mode file for STMicroelectronics.X-CUBE-BLE1.7.0.0
2024-07-27 17:03:39,151 [WARN] PackLoader:240 - Cannot read IP mode file for emotas.I-CUBE-CANOPEN.1.3.0
2024-07-27 17:03:39,165 [WARN] PackLoader:240 - Cannot read IP mode file for STMicroelectronics.X-CUBE-TOUCHGFX.4.22.0
2024-07-27 17:03:39,177 [WARN] PackLoader:240 - Cannot read IP mode file for STMicroelectronics.X-CUBE-TOUCHGFX.4.22.1
2024-07-27 17:03:39,197 [WARN] PackLoader:240 - Cannot read IP mode file for STMicroelectronics.X-CUBE-BLEMGR.3.1.0
2024-07-27 17:03:39,216 [WARN] PackLoader:240 - Cannot read IP mode file for STMicroelectronics.FP-SNS-SMARTAG2.1.2.0
2024-07-27 17:03:39,238 [INFO] LogOutputStream:77 - [STDOUT_REDIRECT] 1 : Invalid condition id : UX_CORESTACK_Condition cause : null
2024-07-27 17:03:39,238 [INFO] LogOutputStream:77 - [STDOUT_REDIRECT] 1 : Invalid condition id : UX_CORESTACK_Condition cause : null
2024-07-27 17:03:39,239 [INFO] LogOutputStream:77 - [STDOUT_REDIRECT] 1 : Invalid condition id : UX_CORESTACK_Condition cause : null
2024-07-27 17:03:39,240 [INFO] LogOutputStream:77 - [STDOUT_REDIRECT] 1 : Invalid condition id : UX_CORESTACK_Condition cause : null
2024-07-27 17:03:39,241 [INFO] LogOutputStream:77 - [STDOUT_REDIRECT] 1 : Invalid condition id : UX_CORESTACK_Condition cause : null
2024-07-27 17:03:39,244 [WARN] PackLoader:240 - Cannot read IP mode file for STMicroelectronics.X-CUBE-AZRTOS-WL.2.0.0
2024-07-27 17:03:39,259 [WARN] PackLoader:240 - Cannot read IP mode file for STMicroelectronics.FP-SNS-MOTENV1.5.0.0
2024-07-27 17:03:39,275 [WARN] PackLoader:240 - Cannot read IP mode file for wolfSSL.I-CUBE-wolfMQTT.1.19.0
2024-07-27 17:03:39,292 [WARN] PackLoader:240 - Cannot read IP mode file for WES.I-CUBE-Cesium.1.3.0
2024-07-27 17:03:39,305 [WARN] PackLoader:240 - Cannot read IP mode file for STMicroelectronics.X-CUBE-BLE2.3.3.0
2024-07-27 17:03:39,320 [WARN] PackLoader:240 - Cannot read IP mode file for STMicroelectronics.X-CUBE-TCPP.4.1.0
2024-07-27 17:03:39,337 [WARN] PackLoader:240 - Cannot read IP mode file for STMicroelectronics.X-CUBE-ALGOBUILD.1.3.0
2024-07-27 17:03:39,361 [WARN] PackLoader:240 - Cannot read IP mode file for STMicroelectronics.X-CUBE-AZRTOS-G0.1.1.0
2024-07-27 17:03:39,376 [WARN] PackLoader:240 - Cannot read IP mode file for STMicroelectronics.X-CUBE-SAFEA1.1.2.2
2024-07-27 17:03:39,390 [WARN] PackLoader:240 - Cannot read IP mode file for STMicroelectronics.X-CUBE-NFC4.3.0.0
2024-07-27 17:03:39,403 [WARN] PackLoader:240 - Cannot read IP mode file for wolfSSL.I-CUBE-wolfMQTT.1.18.0
2024-07-27 17:03:39,419 [WARN] PackLoader:240 - Cannot read IP mode file for EmbeddedOffice.I-CUBE-FS-RTOS.1.0.1
2024-07-27 17:03:39,419 [ERROR] ConditionMgr:805 - Attr not supported : Dmpu
2024-07-27 17:03:39,420 [ERROR] ConditionMgr:805 - Attr not supported : Dmpu
2024-07-27 17:03:39,420 [ERROR] ConditionMgr:805 - Attr not supported : Dmpu
2024-07-27 17:03:39,420 [ERROR] ConditionMgr:805 - Attr not supported : Dmpu
2024-07-27 17:03:39,420 [ERROR] ConditionMgr:805 - Attr not supported : Dmpu
2024-07-27 17:03:39,420 [ERROR] ConditionMgr:805 - Attr not supported : Dmpu
2024-07-27 17:03:39,420 [ERROR] ConditionMgr:805 - Attr not supported : Dmpu
2024-07-27 17:03:39,420 [ERROR] ConditionMgr:805 - Attr not supported : Dmpu
2024-07-27 17:03:39,420 [ERROR] ConditionMgr:805 - Attr not supported : Dmpu
2024-07-27 17:03:39,420 [ERROR] ConditionMgr:805 - Attr not supported : Dmpu
2024-07-27 17:03:39,420 [ERROR] ConditionMgr:805 - Attr not supported : Dmpu
2024-07-27 17:03:39,420 [ERROR] ConditionMgr:805 - Attr not supported : Dmpu
2024-07-27 17:03:39,420 [ERROR] ConditionMgr:805 - Attr not supported : Dmpu
2024-07-27 17:03:39,420 [ERROR] ConditionMgr:805 - Attr not supported : Dmpu
2024-07-27 17:03:39,420 [ERROR] ConditionMgr:805 - Attr not supported : Dmpu
2024-07-27 17:03:39,420 [ERROR] ConditionMgr:805 - Attr not supported : Dmpu
2024-07-27 17:03:39,420 [ERROR] ConditionMgr:805 - Attr not supported : Dmpu
2024-07-27 17:03:39,420 [ERROR] ConditionMgr:805 - Attr not supported : Dmpu
2024-07-27 17:03:39,421 [ERROR] ConditionMgr:805 - Attr not supported : Dmpu
2024-07-27 17:03:39,421 [ERROR] ConditionMgr:805 - Attr not supported : Dmpu
2024-07-27 17:03:39,421 [ERROR] ConditionMgr:805 - Attr not supported : Dmpu
2024-07-27 17:03:39,421 [ERROR] ConditionMgr:805 - Attr not supported : Dmpu
2024-07-27 17:03:39,421 [ERROR] ConditionMgr:805 - Attr not supported : Dmpu
2024-07-27 17:03:39,421 [ERROR] ConditionMgr:805 - Attr not supported : Dmpu
2024-07-27 17:03:39,421 [ERROR] ConditionMgr:805 - Attr not supported : Dmpu
2024-07-27 17:03:39,421 [ERROR] ConditionMgr:805 - Attr not supported : Dmpu
2024-07-27 17:03:39,421 [ERROR] ConditionMgr:805 - Attr not supported : Dmpu
2024-07-27 17:03:39,421 [ERROR] ConditionMgr:805 - Attr not supported : Dmpu
2024-07-27 17:03:39,421 [ERROR] ConditionMgr:805 - Attr not supported : Dmpu
2024-07-27 17:03:39,421 [ERROR] ConditionMgr:805 - Attr not supported : Dmpu
2024-07-27 17:03:39,421 [ERROR] ConditionMgr:805 - Attr not supported : Dmpu
2024-07-27 17:03:39,421 [ERROR] ConditionMgr:805 - Attr not supported : Dmpu
2024-07-27 17:03:39,421 [ERROR] ConditionMgr:805 - Attr not supported : Dmpu
2024-07-27 17:03:39,421 [ERROR] ConditionMgr:805 - Attr not supported : Dmpu
2024-07-27 17:03:39,421 [ERROR] ConditionMgr:805 - Attr not supported : Dmpu
2024-07-27 17:03:39,421 [ERROR] ConditionMgr:805 - Attr not supported : Dmpu
2024-07-27 17:03:39,421 [ERROR] ConditionMgr:805 - Attr not supported : Dmpu
2024-07-27 17:03:39,421 [ERROR] ConditionMgr:805 - Attr not supported : Dmpu
2024-07-27 17:03:39,422 [ERROR] ConditionMgr:805 - Attr not supported : Dmpu
2024-07-27 17:03:39,422 [ERROR] ConditionMgr:805 - Attr not supported : Dmpu
2024-07-27 17:03:39,422 [ERROR] ConditionMgr:805 - Attr not supported : Dmpu
2024-07-27 17:03:39,422 [ERROR] ConditionMgr:805 - Attr not supported : Dmpu
2024-07-27 17:03:39,422 [ERROR] ConditionMgr:805 - Attr not supported : Dmpu
2024-07-27 17:03:39,422 [ERROR] ConditionMgr:805 - Attr not supported : Dmpu
2024-07-27 17:03:39,422 [ERROR] ConditionMgr:805 - Attr not supported : Dmpu
2024-07-27 17:03:39,422 [ERROR] ConditionMgr:805 - Attr not supported : Dmpu
2024-07-27 17:03:39,422 [ERROR] ConditionMgr:805 - Attr not supported : Dmpu
2024-07-27 17:03:39,422 [ERROR] ConditionMgr:805 - Attr not supported : Dmpu
2024-07-27 17:03:39,422 [ERROR] ConditionMgr:805 - Attr not supported : Dmpu
2024-07-27 17:03:39,422 [ERROR] ConditionMgr:805 - Attr not supported : Dmpu
2024-07-27 17:03:39,422 [ERROR] ConditionMgr:805 - Attr not supported : Dmpu
2024-07-27 17:03:39,422 [ERROR] ConditionMgr:805 - Attr not supported : Dmpu
2024-07-27 17:03:39,422 [ERROR] ConditionMgr:805 - Attr not supported : Dmpu
2024-07-27 17:03:39,422 [ERROR] ConditionMgr:805 - Attr not supported : Dmpu
2024-07-27 17:03:39,422 [ERROR] ConditionMgr:805 - Attr not supported : Dmpu
2024-07-27 17:03:39,422 [ERROR] ConditionMgr:805 - Attr not supported : Dmpu
2024-07-27 17:03:39,423 [ERROR] ConditionMgr:805 - Attr not supported : Dmpu
2024-07-27 17:03:39,423 [ERROR] ConditionMgr:805 - Attr not supported : Dmpu
2024-07-27 17:03:39,423 [ERROR] ConditionMgr:805 - Attr not supported : Dmpu
2024-07-27 17:03:39,423 [ERROR] ConditionMgr:805 - Attr not supported : Dmpu
2024-07-27 17:03:39,423 [ERROR] ConditionMgr:805 - Attr not supported : Dmpu
2024-07-27 17:03:39,423 [ERROR] ConditionMgr:805 - Attr not supported : Dmpu
2024-07-27 17:03:39,423 [ERROR] ConditionMgr:805 - Attr not supported : Dmpu
2024-07-27 17:03:39,423 [ERROR] ConditionMgr:805 - Attr not supported : Dmpu
2024-07-27 17:03:39,438 [WARN] PackLoader:240 - Cannot read IP mode file for STMicroelectronics.X-CUBE-BLEMGR.3.0.0
2024-07-27 17:03:39,454 [WARN] PackLoader:240 - Cannot read IP mode file for RealThread.X-CUBE-RT-Thread_Nano.4.1.1
2024-07-27 17:03:39,466 [WARN] PackLoader:240 - Cannot read IP mode file for STMicroelectronics.FP-ATR-SIGFOX1.3.2.0
2024-07-27 17:03:39,479 [WARN] PackLoader:240 - Cannot read IP mode file for STMicroelectronics.X-CUBE-EEPRMA1.5.1.0
2024-07-27 17:03:39,517 [WARN] PackLoader:240 - Cannot read IP mode file for SEGGER.I-CUBE-embOS.1.3.1
2024-07-27 17:03:39,556 [WARN] PackLoader:240 - Cannot read IP mode file for STMicroelectronics.X-CUBE-ALGOBUILD.1.4.0
2024-07-27 17:03:39,571 [WARN] PackLoader:240 - Cannot read IP mode file for STMicroelectronics.X-CUBE-GNSS1.6.0.0
2024-07-27 17:03:39,596 [WARN] PackLoader:240 - Cannot read IP mode file for STMicroelectronics.X-CUBE-AZRTOS-F4.1.1.0
2024-07-27 17:03:39,610 [WARN] PackLoader:240 - Cannot read IP mode file for wolfSSL.I-CUBE-wolfSSL.5.6.3
2024-07-27 17:03:39,623 [WARN] PackLoader:240 - Cannot read IP mode file for STMicroelectronics.X-CUBE-FREERTOS.1.2.0
2024-07-27 17:03:39,650 [WARN] PackLoader:240 - Cannot read IP mode file for STMicroelectronics.X-CUBE-AZRTOS-L5.2.0.0
2024-07-27 17:03:39,692 [WARN] PackLoader:240 - Cannot read IP mode file for STMicroelectronics.X-CUBE-MEMS1.9.6.0
2024-07-27 17:03:39,836 [WARN] PackLoader:240 - Cannot read IP mode file for STMicroelectronics.X-CUBE-EEPRMA1.4.2.0
2024-07-27 17:03:39,855 [WARN] PackLoader:240 - Cannot read IP mode file for STMicroelectronics.X-CUBE-NFC6.3.1.0
2024-07-27 17:03:39,868 [WARN] PackLoader:240 - Cannot read IP mode file for ITTIA_DB.I-CUBE-ITTIADB.8.8.0
2024-07-27 17:03:39,886 [WARN] PackLoader:240 - Cannot read IP mode file for STMicroelectronics.X-CUBE-BLEMGR.2.0.0
2024-07-27 17:03:39,903 [WARN] PackLoader:240 - Cannot read IP mode file for STMicroelectronics.X-CUBE-DPower.1.2.0
2024-07-27 17:03:39,916 [WARN] PackLoader:240 - Cannot read IP mode file for STMicroelectronics.X-CUBE-AI.9.0.0
2024-07-27 17:03:39,946 [WARN] ConditionMgr:438 - getConditionDescription Invalid condition id : UX DEVICE CLASS RTOS Condition cause : null
2024-07-27 17:03:39,946 [WARN] ConditionMgr:438 - getConditionDescription Invalid condition id : UX DEVICE CLASS RTOS Condition cause : null
2024-07-27 17:03:39,949 [WARN] PackLoader:240 - Cannot read IP mode file for STMicroelectronics.X-CUBE-AZRTOS-H7.3.1.0
2024-07-27 17:03:39,949 [WARN] ConditionMgr:1039 - genDependencies : Invalid condition id : UX DEVICE CLASS RTOS Condition cause : null
2024-07-27 17:03:39,951 [WARN] ConditionMgr:1039 - genDependencies : Invalid condition id : UX DEVICE CLASS RTOS Condition cause : null
2024-07-27 17:03:39,951 [WARN] ConditionMgr:1039 - genDependencies : Invalid condition id : UX DEVICE CLASS RTOS Condition cause : null
2024-07-27 17:03:39,952 [WARN] ConditionMgr:1039 - genDependencies : Invalid condition id : UX DEVICE CLASS RTOS Condition cause : null
2024-07-27 17:03:39,952 [WARN] ConditionMgr:1039 - genDependencies : Invalid condition id : UX DEVICE CLASS RTOS Condition cause : null
2024-07-27 17:03:39,965 [WARN] PackLoader:240 - Cannot read IP mode file for STMicroelectronics.X-CUBE-NFC7.1.0.1
2024-07-27 17:03:39,980 [WARN] PackLoader:240 - Cannot read IP mode file for wolfSSL.I-CUBE-wolfTPM.3.2.0
2024-07-27 17:03:39,993 [WARN] PackLoader:240 - Cannot read IP mode file for STMicroelectronics.X-CUBE-NFC6.3.0.0
2024-07-27 17:03:40,011 [WARN] PackLoader:240 - Cannot read IP mode file for STMicroelectronics.X-CUBE-EEPRMA1.4.1.0
2024-07-27 17:03:40,023 [WARN] PackLoader:240 - Cannot read IP mode file for STMicroelectronics.X-CUBE-AI.8.1.0
2024-07-27 17:03:40,049 [WARN] ConditionMgr:438 - getConditionDescription Invalid condition id : LAN8742 Phy interface Condition cause : null
2024-07-27 17:03:40,050 [WARN] PackLoader:240 - Cannot read IP mode file for STMicroelectronics.X-CUBE-AZRTOS-L4.2.0.0
2024-07-27 17:03:40,050 [WARN] ConditionMgr:1039 - genDependencies : Invalid condition id : LAN8742 Phy interface Condition cause : null
2024-07-27 17:03:40,052 [WARN] ConditionMgr:1039 - genDependencies : Invalid condition id : LAN8742 Phy interface Condition cause : null
2024-07-27 17:03:40,052 [WARN] ConditionMgr:1039 - genDependencies : Invalid condition id : LAN8742 Phy interface Condition cause : null
2024-07-27 17:03:40,066 [WARN] PackLoader:240 - Cannot read IP mode file for STMicroelectronics.X-CUBE-SFXS2LP1.4.0.0
2024-07-27 17:03:40,084 [WARN] PackLoader:240 - Cannot read IP mode file for STMicroelectronics.X-CUBE-ISPU.1.1.0
2024-07-27 17:03:40,107 [WARN] ConditionMgr:438 - getConditionDescription Invalid condition id : UX DEVICE CLASS RTOS Condition cause : null
2024-07-27 17:03:40,107 [WARN] ConditionMgr:438 - getConditionDescription Invalid condition id : UX DEVICE CLASS RTOS Condition cause : null
2024-07-27 17:03:40,109 [WARN] PackLoader:240 - Cannot read IP mode file for STMicroelectronics.X-CUBE-AZRTOS-WB.2.0.0
2024-07-27 17:03:40,109 [WARN] ConditionMgr:1039 - genDependencies : Invalid condition id : UX DEVICE CLASS RTOS Condition cause : null
2024-07-27 17:03:40,109 [WARN] ConditionMgr:1039 - genDependencies : Invalid condition id : UX DEVICE CLASS RTOS Condition cause : null
2024-07-27 17:03:40,110 [WARN] ConditionMgr:1039 - genDependencies : Invalid condition id : UX DEVICE CLASS RTOS Condition cause : null
2024-07-27 17:03:40,110 [WARN] ConditionMgr:1039 - genDependencies : Invalid condition id : UX DEVICE CLASS RTOS Condition cause : null
2024-07-27 17:03:40,110 [WARN] ConditionMgr:1039 - genDependencies : Invalid condition id : UX DEVICE CLASS RTOS Condition cause : null
2024-07-27 17:03:40,124 [WARN] PackLoader:240 - Cannot read IP mode file for STMicroelectronics.FP-SNS-STBOX1.2.0.0
2024-07-27 17:03:40,143 [WARN] PackLoader:240 - Cannot read IP mode file for STMicroelectronics.X-CUBE-SUBG2.5.0.0
2024-07-27 17:03:40,159 [WARN] PackLoader:240 - Cannot read IP mode file for Cesanta.I-CUBE-Mongoose.7.13.0
2024-07-27 17:03:40,177 [WARN] PackLoader:240 - Cannot read IP mode file for STMicroelectronics.X-CUBE-TOF1.3.3.1
2024-07-27 17:03:40,204 [WARN] PackLoader:240 - Cannot read IP mode file for STMicroelectronics.X-CUBE-AZRTOS-G4.2.0.0
2024-07-27 17:03:40,228 [WARN] PackLoader:240 - Cannot read IP mode file for Infineon.AIROC-Wi-Fi-Bluetooth-STM32.1.5.1
2024-07-27 17:03:40,242 [WARN] PackLoader:240 - Cannot read IP mode file for STMicroelectronics.FP-SNS-MOTENVWB1.1.3.0
2024-07-27 17:03:40,254 [WARN] PackLoader:240 - Cannot read IP mode file for STMicroelectronics.FP-SNS-MOTENVWB1.1.3.1
2024-07-27 17:03:40,267 [WARN] PackLoader:240 - Cannot read IP mode file for STMicroelectronics.X-CUBE-ISPU.2.0.0
2024-07-27 17:03:40,280 [WARN] PackLoader:240 - Cannot read IP mode file for STMicroelectronics.X-CUBE-ALS.1.0.2
2024-07-27 17:03:40,320 [WARN] PackLoader:240 - Cannot read IP mode file for STMicroelectronics.X-CUBE-MEMS1.10.0.0
2024-07-27 17:03:40,409 [WARN] PackLoader:240 - Cannot read IP mode file for STMicroelectronics.X-CUBE-FREERTOS.1.1.0
2024-07-27 17:03:40,422 [WARN] PackLoader:240 - Cannot read IP mode file for STMicroelectronics.X-CUBE-TOUCHGFX.4.24.0
2024-07-27 17:03:40,438 [WARN] PackLoader:240 - Cannot read IP mode file for portGmbH.I-Cube-SoM-uGOAL.1.1.0
2024-07-27 17:03:40,449 [WARN] PackLoader:240 - Cannot read IP mode file for STMicroelectronics.X-CUBE-ALS.1.0.1
2024-07-27 17:03:40,485 [WARN] PackLoader:240 - Cannot read IP mode file for STMicroelectronics.X-CUBE-AZRTOS-H7RS.1.0.0
2024-07-27 17:03:40,499 [WARN] PackLoader:240 - Cannot read IP mode file for STMicroelectronics.FP-ATR-ASTRA1.2.0.0
2024-07-27 17:03:40,516 [WARN] PackLoader:240 - Cannot read IP mode file for STMicroelectronics.X-CUBE-TOF1.3.4.2
2024-07-27 17:03:40,541 [WARN] PackLoader:240 - Cannot read IP mode file for STMicroelectronics.X-CUBE-TOF1.3.4.0
2024-07-27 17:03:40,566 [WARN] PackLoader:240 - Cannot read IP mode file for STMicroelectronics.X-CUBE-TOF1.3.4.1
2024-07-27 17:03:40,600 [WARN] PackLoader:240 - Cannot read IP mode file for STMicroelectronics.X-CUBE-AZRTOS-H7.3.2.0
2024-07-27 17:03:40,614 [WARN] PackLoader:240 - Cannot read IP mode file for wolfSSL.I-CUBE-wolfSSH.1.4.17
2024-07-27 17:03:40,615 [INFO] ThirdParty:978 - Integrity check success = true
2024-07-27 17:03:40,615 [INFO] IntegrityCheckThread:100 - exiting critical section [integrity check]
2024-07-27 17:03:40,615 [INFO] IntegrityCheckThread:103 - End integrity checks thread
2024-07-27 17:03:41,173 [INFO] WebApp:167 - Instantiating new browser for Auth
2024-07-27 17:03:42,113 [INFO] WebApp:448 - Apply proxy settings
2024-07-27 17:03:42,114 [INFO] WebApp:533 - Chromium requires no authentication
2024-07-27 17:03:42,124 [INFO] WebApp:476 - Direct internet connection detected
2024-07-27 17:03:42,151 [INFO] WebApp:869 - Register for checkConnection events
2024-07-27 17:03:42,151 [INFO] WebApp:448 - Apply proxy settings
2024-07-27 17:03:42,151 [INFO] WebApp:533 - Chromium requires no authentication
2024-07-27 17:03:42,152 [INFO] WebApp:476 - Direct internet connection detected
2024-07-27 17:03:42,367 [INFO] WebApp:220 - Starting web application
2024-07-27 17:03:42,368 [INFO] WebApp:578 - Web application path used C:\ST\STM32CubeIDE_1.13.2\STM32CubeIDE\plugins\com.st.stm32cube.common.mx_6.12.0.202406281431\db\plugins\mcufinder\reactClient1\index.html
2024-07-27 17:03:42,374 [INFO] WebApp:186 - Connection restablished
2024-07-27 17:03:42,536 [INFO] UserAuth:417 - Internet connection configuration mode: 1
2024-07-27 17:18:42,995 [ERROR] LogOutputStream:75 - [STDERR_REDIRECT] 
2024-07-27 17:18:42,995 [ERROR] LogOutputStream:75 - [STDERR_REDIRECT] 
