2024-07-05 22:19:23,324 [INFO] Activator:176 - 


2024-07-05 22:19:23,326 [INFO] Activator:177 - !SESSION log4j initialized
2024-07-05 22:19:25,753 [INFO] LogOutputStream:77 - [STDOUT_REDIRECT] 
2024-07-05 22:19:27,415 [INFO] ApplicationProperties:184 - Using Application install path: C:\ST\STM32CubeIDE_1.15.1\STM32CubeIDE\plugins\com.st.stm32cube.common.mx_6.11.1.202404110753
2024-07-05 22:19:27,437 [INFO] DbMcusXml:78 - Set database path to: C:\ST\STM32CubeIDE_1.15.1\STM32CubeIDE\plugins\com.st.stm32cube.common.mx_6.11.1.202404110753\\db\/mcu/
2024-07-05 22:19:27,437 [INFO] ApiDb:274 - Set plugin database path to: C:\ST\STM32CubeIDE_1.15.1\STM32CubeIDE\plugins\com.st.stm32cube.common.mx_6.11.1.202404110753\\db\/plugins/boardmanager/
2024-07-05 22:19:27,440 [WARN] ApiDb:259 - Overriding images path with different value:  => C:\ST\STM32CubeIDE_1.15.1\STM32CubeIDE\plugins\com.st.stm32cube.common.mx_6.11.1.202404110753\\db\/plugins/mcufinder/images/
2024-07-05 22:19:27,444 [INFO] ApiDb:250 - Set database path to: C:\Users\ASUS\.stmcufinder\plugins\mcufinder//mcu/
2024-07-05 22:19:27,446 [INFO] DbMcusAds:125 - Set database path to: C:\Users\ASUS\.stmcufinder\plugins\mcufinder//mcu/
2024-07-05 22:19:27,448 [INFO] CrossReferenceDbSqlite:203 - Set database path to: C:\Users\ASUS\.stmcufinder\plugins\mcufinder//mcu/cs/
2024-07-05 22:19:27,543 [INFO] RulesReader:64 - Compatibility file has been processed (297 Rules)
2024-07-05 22:19:27,603 [INFO] DbMcusXml:78 - Set database path to: C:\ST\STM32CubeIDE_1.15.1\STM32CubeIDE\plugins\com.st.stm32cube.common.mx_6.11.1.202404110753\\db\/mcu/
2024-07-05 22:19:27,603 [INFO] ApiDb:274 - Set plugin database path to: C:\ST\STM32CubeIDE_1.15.1\STM32CubeIDE\plugins\com.st.stm32cube.common.mx_6.11.1.202404110753\\db\/plugins/boardmanager/
2024-07-05 22:19:27,603 [INFO] ApiDb:261 - Set plugin images path to: C:\ST\STM32CubeIDE_1.15.1\STM32CubeIDE\plugins\com.st.stm32cube.common.mx_6.11.1.202404110753\\db\/plugins/mcufinder/images/
2024-07-05 22:19:27,603 [WARN] DbFile:41 - Overriding database path with different value: C:\Users\ASUS\.stmcufinder\plugins\mcufinder/ => C:\Users\ASUS\.stmcufinder\plugins\mcufinder
2024-07-05 22:19:27,603 [INFO] ApiDb:250 - Set database path to: C:\Users\ASUS\.stmcufinder\plugins\mcufinder//mcu/
2024-07-05 22:19:27,603 [WARN] DbFile:41 - Overriding database path with different value: C:\Users\ASUS\.stmcufinder\plugins\mcufinder/ => C:\Users\ASUS\.stmcufinder\plugins\mcufinder
2024-07-05 22:19:27,603 [INFO] DbMcusAds:125 - Set database path to: C:\Users\ASUS\.stmcufinder\plugins\mcufinder//mcu/
2024-07-05 22:19:27,603 [WARN] DbFile:41 - Overriding database path with different value: C:\Users\ASUS\.stmcufinder\plugins\mcufinder/ => C:\Users\ASUS\.stmcufinder\plugins\mcufinder
2024-07-05 22:19:27,603 [WARN] DbFile:41 - Overriding database path with different value: C:\Users\ASUS\.stmcufinder\plugins\mcufinder/ => C:\Users\ASUS\.stmcufinder\plugins\mcufinder
2024-07-05 22:19:27,603 [INFO] CrossReferenceDbSqlite:203 - Set database path to: C:\Users\ASUS\.stmcufinder\plugins\mcufinder//mcu/cs/
2024-07-05 22:19:27,657 [INFO] MainPanel:264 - HeapMemory: 268435456
2024-07-05 22:19:27,717 [INFO] DbMcusXml:78 - Set database path to: C:\ST\STM32CubeIDE_1.15.1\STM32CubeIDE\plugins\com.st.stm32cube.common.mx_6.11.1.202404110753\\db\/mcu/
2024-07-05 22:19:27,718 [INFO] ApiDb:274 - Set plugin database path to: C:\ST\STM32CubeIDE_1.15.1\STM32CubeIDE\plugins\com.st.stm32cube.common.mx_6.11.1.202404110753\\db\/plugins/boardmanager/
2024-07-05 22:19:27,718 [INFO] ApiDb:261 - Set plugin images path to: C:\ST\STM32CubeIDE_1.15.1\STM32CubeIDE\plugins\com.st.stm32cube.common.mx_6.11.1.202404110753\\db\/plugins/mcufinder/images/
2024-07-05 22:19:27,718 [WARN] DbFile:41 - Overriding database path with different value: C:\Users\ASUS\.stmcufinder\plugins\mcufinder/ => C:\Users\ASUS\.stmcufinder\plugins\mcufinder
2024-07-05 22:19:27,718 [INFO] ApiDb:250 - Set database path to: C:\Users\ASUS\.stmcufinder\plugins\mcufinder//mcu/
2024-07-05 22:19:27,718 [WARN] DbFile:41 - Overriding database path with different value: C:\Users\ASUS\.stmcufinder\plugins\mcufinder/ => C:\Users\ASUS\.stmcufinder\plugins\mcufinder
2024-07-05 22:19:27,718 [INFO] DbMcusAds:125 - Set database path to: C:\Users\ASUS\.stmcufinder\plugins\mcufinder//mcu/
2024-07-05 22:19:27,718 [WARN] DbFile:41 - Overriding database path with different value: C:\Users\ASUS\.stmcufinder\plugins\mcufinder/ => C:\Users\ASUS\.stmcufinder\plugins\mcufinder
2024-07-05 22:19:27,719 [WARN] DbFile:41 - Overriding database path with different value: C:\Users\ASUS\.stmcufinder\plugins\mcufinder/ => C:\Users\ASUS\.stmcufinder\plugins\mcufinder
2024-07-05 22:19:27,719 [INFO] CrossReferenceDbSqlite:203 - Set database path to: C:\Users\ASUS\.stmcufinder\plugins\mcufinder//mcu/cs/
2024-07-05 22:19:27,736 [INFO] ApplicationProperties:184 - Using Application install path: C:\ST\STM32CubeIDE_1.15.1\STM32CubeIDE\plugins\com.st.stm32cube.common.mx_6.11.1.202404110753
2024-07-05 22:19:27,738 [INFO] PluginManage:196 - Search for loadable plugins [exclusion list=, ]
2024-07-05 22:19:27,738 [INFO] PluginManage:310 - Check plugin analytics
2024-07-05 22:19:27,892 [INFO] AnalyticsPlugin:253 - Accepted Software Licenses: 
2024-07-05 22:19:27,892 [INFO] AnalyticsPlugin:255 - Accepted CMSIS Pack Licenses: 
2024-07-05 22:19:27,892 [INFO] AnalyticsPlugin:257 - Accepted Firmware Licenses: FW.F4.1.28.0,FW.F7.1.17.0
2024-07-05 22:19:27,894 [INFO] PluginManage:359 - Loaded plugin analytics (category:tool,tabindex:-1)
2024-07-05 22:19:27,894 [INFO] PluginManage:310 - Check plugin cadmodel
2024-07-05 22:19:27,897 [INFO] CADModel:105 - Init CAD model plugin
2024-07-05 22:19:27,897 [INFO] PluginManage:359 - Loaded plugin cadmodel (category:power,tabindex:5)
2024-07-05 22:19:27,897 [INFO] PluginManage:310 - Check plugin clock
2024-07-05 22:19:27,904 [INFO] PluginManage:359 - Loaded plugin clock (category:base,tabindex:2)
2024-07-05 22:19:27,904 [INFO] PluginManage:310 - Check plugin ddr
2024-07-05 22:19:27,905 [INFO] PluginManage:359 - Loaded plugin ddr (category:tool,tabindex:6)
2024-07-05 22:19:27,905 [INFO] PluginManage:310 - Check plugin filemanager
2024-07-05 22:19:28,068 [INFO] PluginManage:359 - Loaded plugin filemanager (category:base,tabindex:10)
2024-07-05 22:19:28,068 [INFO] PluginManage:310 - Check plugin ipmanager
2024-07-05 22:19:28,073 [INFO] PluginManage:359 - Loaded plugin ipmanager (category:base,tabindex:5)
2024-07-05 22:19:28,073 [INFO] PluginManage:310 - Check plugin lpbam
2024-07-05 22:19:28,081 [INFO] PluginManage:359 - Loaded plugin lpbam (category:base,tabindex:0)
2024-07-05 22:19:28,082 [INFO] PluginManage:310 - Check plugin memorymap
2024-07-05 22:19:28,090 [INFO] PluginManage:359 - Loaded plugin memorymap (category:base,tabindex:4)
2024-07-05 22:19:28,090 [INFO] PluginManage:310 - Check plugin pinoutandconfiguration
2024-07-05 22:19:28,102 [INFO] PluginManage:359 - Loaded plugin pinoutandconfiguration (category:base,tabindex:1)
2024-07-05 22:19:28,102 [INFO] PluginManage:310 - Check plugin pinoutconfig
2024-07-05 22:19:28,171 [WARN] SupportedApi:132 - Cannot load RTOS API schema: s4s-elt-must-match.1: The content of 'definitions' must match (annotation?, (simpleType | complexType)?, (unique | key | keyref)*)). A problem was found starting at: attribute.
2024-07-05 22:19:28,295 [INFO] PluginManage:359 - Loaded plugin pinoutconfig (category:base,tabindex:0)
2024-07-05 22:19:28,295 [INFO] PluginManage:310 - Check plugin power
2024-07-05 22:19:28,302 [INFO] PluginManage:359 - Loaded plugin power (category:power,tabindex:4)
2024-07-05 22:19:28,302 [INFO] PluginManage:310 - Check plugin projectmanager
2024-07-05 22:19:28,316 [INFO] PluginManage:359 - Loaded plugin projectmanager (category:projectmanager,tabindex:3)
2024-07-05 22:19:28,316 [INFO] PluginManage:310 - Check plugin thirdparty
2024-07-05 22:19:28,465 [WARN] IntegrityCheckThread:84 - waiting for thirdparty lock release [integrity check]
2024-07-05 22:19:28,466 [INFO] IntegrityCheckThread:86 - entering critical section [integrity check]
2024-07-05 22:19:28,468 [INFO] ThirdPartyUpdaterWithRetryManager:70 - Updater plugin not ready yet. [1/15]
2024-07-05 22:19:28,469 [INFO] PluginManage:359 - Loaded plugin thirdparty (category:base,tabindex:-1)
2024-07-05 22:19:28,469 [INFO] PluginManage:310 - Check plugin tools
2024-07-05 22:19:28,478 [INFO] PluginManage:359 - Loaded plugin tools (category:base,tabindex:7)
2024-07-05 22:19:28,478 [INFO] PluginManage:310 - Check plugin tutovideos
2024-07-05 22:19:28,637 [INFO] PluginManage:359 - Loaded plugin tutovideos (category:base,tabindex:-1)
2024-07-05 22:19:28,637 [INFO] PluginManage:310 - Check plugin updater
2024-07-05 22:19:28,645 [INFO] PluginManage:359 - Loaded plugin updater (category:base,tabindex:12)
2024-07-05 22:19:28,645 [INFO] PluginManage:310 - Check plugin userauth
2024-07-05 22:19:28,649 [INFO] UserAuth:114 - Init User Auth plugin
2024-07-05 22:19:28,649 [INFO] PluginManage:359 - Loaded plugin userauth (category:base,tabindex:14)
2024-07-05 22:19:28,649 [INFO] PluginManage:283 - PluginManage : Loaded plugins [17]
2024-07-05 22:19:28,810 [INFO] PinOutPanel:1561 - setPackage(No Configuration,No Configuration)
2024-07-05 22:19:28,866 [INFO] CADModel:165 - CPN selected for project level
2024-07-05 22:19:28,866 [INFO] CADModel:114 - Register for checkConnection events
2024-07-05 22:19:28,879 [INFO] IPUIPlugin:80 - create IPUIPlugin
2024-07-05 22:19:28,879 [INFO] PluginManager:220 - loadIPPluginJar : add adc
2024-07-05 22:19:28,880 [INFO] IPUIPlugin:80 - create IPUIPlugin
2024-07-05 22:19:28,881 [INFO] PluginManager:220 - loadIPPluginJar : add aes
2024-07-05 22:19:28,882 [INFO] IPUIPlugin:80 - create IPUIPlugin
2024-07-05 22:19:28,883 [INFO] PluginManager:220 - loadIPPluginJar : add can
2024-07-05 22:19:28,884 [INFO] IPUIPlugin:80 - create IPUIPlugin
2024-07-05 22:19:28,884 [INFO] PluginManager:220 - loadIPPluginJar : add comp
2024-07-05 22:19:28,886 [INFO] IPUIPlugin:80 - create IPUIPlugin
2024-07-05 22:19:28,886 [INFO] PluginManager:220 - loadIPPluginJar : add cryp
2024-07-05 22:19:28,888 [INFO] IPUIPlugin:80 - create IPUIPlugin
2024-07-05 22:19:28,888 [INFO] PluginManager:220 - loadIPPluginJar : add dfsdm
2024-07-05 22:19:28,893 [INFO] IPUIPlugin:80 - create IPUIPlugin
2024-07-05 22:19:28,893 [INFO] PluginManager:220 - loadIPPluginJar : add dma
2024-07-05 22:19:28,895 [INFO] IPUIPlugin:80 - create IPUIPlugin
2024-07-05 22:19:28,895 [INFO] PluginManager:220 - loadIPPluginJar : add dma3
2024-07-05 22:19:28,896 [INFO] IPUIPlugin:80 - create IPUIPlugin
2024-07-05 22:19:28,896 [INFO] PluginManager:220 - loadIPPluginJar : add extmemmanager
2024-07-05 22:19:28,897 [INFO] IPUIPlugin:80 - create IPUIPlugin
2024-07-05 22:19:28,898 [INFO] PluginManager:220 - loadIPPluginJar : add fatfs
2024-07-05 22:19:28,901 [INFO] IPUIPlugin:80 - create IPUIPlugin
2024-07-05 22:19:28,901 [INFO] PluginManager:220 - loadIPPluginJar : add fmc
2024-07-05 22:19:28,904 [INFO] IPUIPlugin:80 - create IPUIPlugin
2024-07-05 22:19:28,905 [INFO] PluginManager:220 - loadIPPluginJar : add freertos
2024-07-05 22:19:28,906 [INFO] IPUIPlugin:80 - create IPUIPlugin
2024-07-05 22:19:28,906 [INFO] PluginManager:220 - loadIPPluginJar : add genericplugin
2024-07-05 22:19:28,907 [INFO] IPUIPlugin:80 - create IPUIPlugin
2024-07-05 22:19:28,907 [INFO] PluginManager:220 - loadIPPluginJar : add gfxmmu
2024-07-05 22:19:28,912 [INFO] IPUIPlugin:80 - create IPUIPlugin
2024-07-05 22:19:28,912 [INFO] PluginManager:220 - loadIPPluginJar : add gic
2024-07-05 22:19:28,915 [INFO] IPUIPlugin:80 - create IPUIPlugin
2024-07-05 22:19:28,915 [INFO] PluginManager:220 - loadIPPluginJar : add gpio
2024-07-05 22:19:28,916 [INFO] IPUIPlugin:80 - create IPUIPlugin
2024-07-05 22:19:28,916 [INFO] PluginManager:220 - loadIPPluginJar : add gtzc
2024-07-05 22:19:28,918 [INFO] IPUIPlugin:80 - create IPUIPlugin
2024-07-05 22:19:28,918 [INFO] PluginManager:220 - loadIPPluginJar : add hash
2024-07-05 22:19:28,919 [INFO] IPUIPlugin:80 - create IPUIPlugin
2024-07-05 22:19:28,919 [INFO] PluginManager:220 - loadIPPluginJar : add i2c
2024-07-05 22:19:28,920 [INFO] IPUIPlugin:80 - create IPUIPlugin
2024-07-05 22:19:28,920 [INFO] PluginManager:220 - loadIPPluginJar : add i2s
2024-07-05 22:19:28,921 [INFO] IPUIPlugin:80 - create IPUIPlugin
2024-07-05 22:19:28,922 [INFO] PluginManager:220 - loadIPPluginJar : add i3c
2024-07-05 22:19:28,923 [INFO] IPUIPlugin:80 - create IPUIPlugin
2024-07-05 22:19:28,924 [INFO] PluginManager:220 - loadIPPluginJar : add ipddr
2024-07-05 22:19:28,929 [INFO] IPUIPlugin:80 - create IPUIPlugin
2024-07-05 22:19:28,930 [INFO] PluginManager:220 - loadIPPluginJar : add linkedlist
2024-07-05 22:19:28,932 [INFO] IPUIPlugin:80 - create IPUIPlugin
2024-07-05 22:19:28,932 [INFO] PluginManager:220 - loadIPPluginJar : add lorawan
2024-07-05 22:19:28,933 [INFO] IPUIPlugin:80 - create IPUIPlugin
2024-07-05 22:19:28,933 [INFO] PluginManager:220 - loadIPPluginJar : add ltdc
2024-07-05 22:19:28,938 [INFO] IPUIPlugin:80 - create IPUIPlugin
2024-07-05 22:19:28,938 [INFO] PluginManager:220 - loadIPPluginJar : add mdma
2024-07-05 22:19:28,941 [INFO] IPUIPlugin:80 - create IPUIPlugin
2024-07-05 22:19:28,941 [INFO] PluginManager:220 - loadIPPluginJar : add nvic
2024-07-05 22:19:28,943 [INFO] IPUIPlugin:80 - create IPUIPlugin
2024-07-05 22:19:28,943 [INFO] PluginManager:220 - loadIPPluginJar : add opamp
2024-07-05 22:19:28,944 [INFO] IPUIPlugin:80 - create IPUIPlugin
2024-07-05 22:19:28,944 [INFO] PluginManager:220 - loadIPPluginJar : add openamp
2024-07-05 22:19:28,946 [INFO] IPUIPlugin:80 - create IPUIPlugin
2024-07-05 22:19:28,946 [INFO] PluginManager:220 - loadIPPluginJar : add pdm2pcm
2024-07-05 22:19:28,950 [INFO] IPUIPlugin:80 - create IPUIPlugin
2024-07-05 22:19:28,951 [INFO] PluginManager:220 - loadIPPluginJar : add plateformsettings
2024-07-05 22:19:28,952 [INFO] IPUIPlugin:80 - create IPUIPlugin
2024-07-05 22:19:28,952 [INFO] PluginManager:220 - loadIPPluginJar : add quadspi
2024-07-05 22:19:28,954 [INFO] IPUIPlugin:80 - create IPUIPlugin
2024-07-05 22:19:28,954 [INFO] PluginManager:220 - loadIPPluginJar : add resmgrutility
2024-07-05 22:19:28,956 [INFO] IPUIPlugin:80 - create IPUIPlugin
2024-07-05 22:19:28,956 [INFO] PluginManager:220 - loadIPPluginJar : add sai
2024-07-05 22:19:28,957 [INFO] IPUIPlugin:80 - create IPUIPlugin
2024-07-05 22:19:28,957 [INFO] PluginManager:220 - loadIPPluginJar : add spi
2024-07-05 22:19:28,964 [INFO] IPUIPlugin:80 - create IPUIPlugin
2024-07-05 22:19:28,964 [INFO] PluginManager:220 - loadIPPluginJar : add stm32_wpan
2024-07-05 22:19:28,965 [INFO] IPUIPlugin:80 - create IPUIPlugin
2024-07-05 22:19:28,965 [INFO] PluginManager:220 - loadIPPluginJar : add tim
2024-07-05 22:19:28,967 [INFO] IPUIPlugin:80 - create IPUIPlugin
2024-07-05 22:19:28,967 [INFO] PluginManager:220 - loadIPPluginJar : add touchsensing
2024-07-05 22:19:28,968 [INFO] IPUIPlugin:80 - create IPUIPlugin
2024-07-05 22:19:28,968 [INFO] PluginManager:220 - loadIPPluginJar : add tracer_emb
2024-07-05 22:19:28,969 [INFO] IPUIPlugin:80 - create IPUIPlugin
2024-07-05 22:19:28,970 [INFO] PluginManager:220 - loadIPPluginJar : add ts
2024-07-05 22:19:28,970 [INFO] IPUIPlugin:80 - create IPUIPlugin
2024-07-05 22:19:28,970 [INFO] PluginManager:220 - loadIPPluginJar : add tsc
2024-07-05 22:19:28,971 [INFO] IPUIPlugin:80 - create IPUIPlugin
2024-07-05 22:19:28,972 [INFO] PluginManager:220 - loadIPPluginJar : add ucpd
2024-07-05 22:19:28,973 [INFO] IPUIPlugin:80 - create IPUIPlugin
2024-07-05 22:19:28,973 [INFO] PluginManager:220 - loadIPPluginJar : add usart
2024-07-05 22:19:28,975 [INFO] IPUIPlugin:80 - create IPUIPlugin
2024-07-05 22:19:28,975 [INFO] PluginManager:220 - loadIPPluginJar : add usbx
2024-07-05 22:19:29,087 [INFO] CADModel:165 - CPN selected for project level
2024-07-05 22:19:29,088 [INFO] CADModel:114 - Register for checkConnection events
2024-07-05 22:19:29,088 [FATAL] Updater:308 - Updater called before beeing initialized
2024-07-05 22:19:29,088 [ERROR] CADModel:125 - Updater not yet initialized, retry later 
2024-07-05 22:19:29,219 [INFO] CADModel:165 - CPN selected for project level
2024-07-05 22:19:29,220 [INFO] CADModel:114 - Register for checkConnection events
2024-07-05 22:19:29,222 [FATAL] Updater:308 - Updater called before beeing initialized
2024-07-05 22:19:29,222 [ERROR] CADModel:125 - Updater not yet initialized, retry later 
2024-07-05 22:19:29,225 [FATAL] Updater:308 - Updater called before beeing initialized
2024-07-05 22:19:29,348 [FATAL] Updater:308 - Updater called before beeing initialized
2024-07-05 22:19:29,351 [INFO] DbMcusAds:53 - JSON generation date=Thu May 16 16:22:00 ICT 2024 (1715851320852)
2024-07-05 22:19:29,351 [FATAL] Updater:308 - Updater called before beeing initialized
2024-07-05 22:19:29,374 [WARN] DetailPanel:346 - Failed to get advertising image, set to default
2024-07-05 22:19:29,438 [FATAL] Updater:308 - Updater called before beeing initialized
2024-07-05 22:19:29,439 [FATAL] Updater:308 - Updater called before beeing initialized
2024-07-05 22:19:29,439 [FATAL] Updater:308 - Updater called before beeing initialized
2024-07-05 22:19:29,439 [WARN] DetailPanel:346 - Failed to get advertising image, set to default
2024-07-05 22:19:29,439 [FATAL] Updater:308 - Updater called before beeing initialized
2024-07-05 22:19:29,478 [ERROR] Updater:1120 - MainUpdater not yet initialized. External WinMGr cannot be set.
2024-07-05 22:19:29,480 [INFO] Updater:1056 - Updater Version found : 6.11.1
2024-07-05 22:19:29,497 [INFO] ApplicationProperties:184 - Using Application install path: C:\ST\STM32CubeIDE_1.15.1\STM32CubeIDE\plugins\com.st.stm32cube.common.mx_6.11.1.202404110753
2024-07-05 22:19:31,070 [ERROR] LogOutputStream:75 - [STDERR_REDIRECT] Jul 05, 2024 10:19:31 PM java.util.prefs.WindowsPreferences <init>
2024-07-05 22:19:31,072 [ERROR] LogOutputStream:75 - [STDERR_REDIRECT] WARNING: Could not open/create prefs root node Software\JavaSoft\Prefs at root 0xffffffff80000002. Windows RegCreateKeyEx(...) returned error code 5.
2024-07-05 22:19:31,072 [ERROR] LogOutputStream:75 - [STDERR_REDIRECT] 
2024-07-05 22:19:31,470 [INFO] ThirdPartyUpdaterWithRetryManager:70 - Updater plugin not ready yet. [2/15]
2024-07-05 22:19:31,693 [INFO] MainUpdater:2873 - connection check result : 10
2024-07-05 22:19:31,694 [INFO] MainUpdater:290 - Updater Check For Update Now.
2024-07-05 22:19:31,694 [INFO] MicroXplorer:498 - Change Database Version : DB.6.0.111
2024-07-05 22:19:31,781 [INFO] McuFinderGlobals:63 - Set McuFinder mode to 2 (CubeIDE integrated)
2024-07-05 22:19:31,801 [INFO] UserAuth:415 - Internet connection configuration mode: 1
2024-07-05 22:19:31,863 [INFO] JxBrowserEngine:152 - Initiate JxBrowser Engine with user profile folder
2024-07-05 22:19:31,948 [INFO] CheckServerUpdateThread:120 - End of CheckServer Thread
2024-07-05 22:19:32,350 [INFO] McuFinderGlobals:63 - Set McuFinder mode to 2 (CubeIDE integrated)
2024-07-05 22:19:32,359 [INFO] MainUpdater:2873 - connection check result : 10
2024-07-05 22:19:32,372 [INFO] McuFinderGlobals:76 - Set McuFinderConnectedMode to true
2024-07-05 22:19:32,505 [INFO] WebApp:161 - Instantiating new browser for Auth
2024-07-05 22:19:32,592 [INFO] ServerAccessManage:473 - Download File mcusAds.json._tmp_
2024-07-05 22:19:32,712 [INFO] LoadUrlFilesThread:156 - End of LoadUrlFiles Thread
2024-07-05 22:19:32,880 [INFO] ServerAccessManage:473 - Download File cube-finder-db.zip
2024-07-05 22:19:33,001 [INFO] WebApp:779 - Register for checkConnection events
2024-07-05 22:19:33,001 [INFO] WebApp:414 - Apply proxy settings
2024-07-05 22:19:33,001 [INFO] WebApp:499 - Chromium requires no authentication
2024-07-05 22:19:33,006 [INFO] WebApp:442 - Direct internet connection detected
2024-07-05 22:19:33,140 [INFO] WebApp:192 - Starting web application
2024-07-05 22:19:33,140 [INFO] WebApp:544 - Web application path used C:\ST\STM32CubeIDE_1.15.1\STM32CubeIDE\plugins\com.st.stm32cube.common.mx_6.11.1.202404110753\db\plugins\mcufinder\reactClient1\index.html
2024-07-05 22:19:34,473 [WARN] MainUpdater:1194 - Updater busy. Cannot search thirdparties
2024-07-05 22:19:34,473 [INFO] ThirdPartyUpdaterWithRetryManager:96 - Updater plugin is busy. [1/15]
2024-07-05 22:19:37,474 [WARN] MainUpdater:1194 - Updater busy. Cannot search thirdparties
2024-07-05 22:19:37,474 [INFO] ThirdPartyUpdaterWithRetryManager:96 - Updater plugin is busy. [2/15]
2024-07-05 22:19:37,741 [INFO] FileExtend:240 - Unzip File : cube-finder-db.zip
2024-07-05 22:19:37,743 [INFO] FileExtend:255 - Standard Zip Deflate
2024-07-05 22:19:38,377 [INFO] LoadUrlFilesThread:156 - End of LoadUrlFiles Thread
2024-07-05 22:19:39,528 [INFO] ServerAccessManage:473 - Download File crdb.zip
2024-07-05 22:19:40,475 [WARN] MainUpdater:1194 - Updater busy. Cannot search thirdparties
2024-07-05 22:19:40,475 [INFO] ThirdPartyUpdaterWithRetryManager:96 - Updater plugin is busy. [3/15]
2024-07-05 22:19:40,717 [INFO] FileExtend:240 - Unzip File : crdb.zip
2024-07-05 22:19:40,717 [INFO] FileExtend:255 - Standard Zip Deflate
2024-07-05 22:19:40,855 [INFO] LoadUrlFilesThread:156 - End of LoadUrlFiles Thread
2024-07-05 22:19:43,476 [WARN] MainUpdater:1194 - Updater busy. Cannot search thirdparties
2024-07-05 22:19:43,476 [INFO] ThirdPartyUpdaterWithRetryManager:96 - Updater plugin is busy. [4/15]
2024-07-05 22:19:45,028 [INFO] ServerAccessManage:473 - Download File tutoVideoDB.zip
2024-07-05 22:19:45,038 [INFO] FileExtend:240 - Unzip File : tutoVideoDB.zip
2024-07-05 22:19:45,038 [INFO] FileExtend:255 - Standard Zip Deflate
2024-07-05 22:19:45,166 [INFO] LoadUrlFilesThread:156 - End of LoadUrlFiles Thread
2024-07-05 22:19:45,167 [WARN] DbFile:41 - Overriding database path with different value: C:\Users\ASUS\.stmcufinder\plugins\mcufinder/ => C:\Users\ASUS\.stmcufinder\plugins\mcufinder
2024-07-05 22:19:45,743 [INFO] ServerAccessManage:473 - Download File api_config.json
2024-07-05 22:19:45,847 [INFO] LoadUrlFilesThread:156 - End of LoadUrlFiles Thread
2024-07-05 22:19:45,848 [INFO] DbMcusAds:53 - JSON generation date=Thu May 16 16:22:00 ICT 2024 (1715851320667)
2024-07-05 22:19:45,868 [INFO] LoadUrlFilesThread:185 - End of LoadServerUrlFiles without Thread
2024-07-05 22:19:45,868 [INFO] TargetSelectorAdapter:259 - Refresh data is successful
2024-07-05 22:19:45,986 [INFO] ApiDb:581 - Connected to CubeFinder SQLite database (C:\Users\ASUS\.stmcufinder\plugins\mcufinder\mcu\cube-finder-db.db)
2024-07-05 22:19:46,037 [INFO] ApiDb:668 - CubeFinder database Data Model version=2.1
2024-07-05 22:19:46,037 [INFO] ApiDb:669 - CubeFinder database Configuration version=3.0.39
2024-07-05 22:19:46,037 [INFO] ApiDb:670 - CubeFinder database generation date=2024-06-20 (1718880634)
2024-07-05 22:19:46,037 [INFO] ApiDb:671 - CubeFinder database FW Pack versions=[FP-ATR-ASTRA1_V2.0.0, FP-SNS-FLIGHT1_V5.0.2, FP-SNS-MOTENV1_V5.0.0, FP-SNS-MOTENVWB1_V1.4.0, FP-SNS-SMARTAG2_V1.2.0, STM32Cube_FW_C0_V1.2.0, STM32Cube_FW_F4_V1.28.0, STM32Cube_FW_F7_V1.17.2, STM32Cube_FW_G0_V1.6.2, STM32Cube_FW_G4_V1.6.0, STM32Cube_FW_H5_V1.3.0, STM32Cube_FW_H7RS_V1.1.0, STM32Cube_FW_H7_V1.11.2, STM32Cube_FW_L0_V1.12.2, STM32Cube_FW_L5_V1.5.1, STM32Cube_FW_U0_V1.1.0, STM32Cube_FW_U5_V1.6.0, STM32Cube_FW_WB0_V1.0.0, STM32Cube_FW_WBA_V1.4.0, STM32Cube_FW_WB_V1.20.0, STM32Cube_FW_WL_V1.3.0, X-CUBE-ALGOBUILD_V1.4.0, X-CUBE-ALS_V1.0.2, X-CUBE-AZRTOS-F4_V1.1.0, X-CUBE-AZRTOS-F7_V1.1.0, X-CUBE-AZRTOS-G0_V1.1.0, X-CUBE-AZRTOS-G4_V2.0.0, X-CUBE-AZRTOS-H7RS_V1.0.0, X-CUBE-AZRTOS-H7_V3.2.0, X-CUBE-AZRTOS-L4_V2.0.0, X-CUBE-AZRTOS-L5_V1.1.0, X-CUBE-AZRTOS-WB_V2.0.0, X-CUBE-AZRTOS-WL_V2.0.0, X-CUBE-BLE1_V7.0.0, X-CUBE-BLE2_V3.3.0, X-CUBE-BLEMGR_V3.1.0, X-CUBE-EEPRMA1_V5.1.0, X-CUBE-FREERTOS_V1.2.0, X-CUBE-GNSS1_V6.0.0, X-CUBE-MEMS1_V10.0.0, X-CUBE-NFC4_V3.0.0, X-CUBE-NFC7_V1.0.1, X-CUBE-SFXS2LP1_V4.0.0, X-CUBE-SUBG2_V5.0.0, X-CUBE-TOF1_V3.4.1]
2024-07-05 22:19:46,671 [WARN] PackLoader:240 - Cannot read IP mode file for STMicroelectronics.FP-SNS-MOTENVWB1.1.4.0
2024-07-05 22:19:46,691 [WARN] PackLoader:240 - Cannot read IP mode file for STMicroelectronics.X-CUBE-SMBUS.2.1.0
2024-07-05 22:19:46,716 [WARN] PackLoader:240 - Cannot read IP mode file for STMicroelectronics.X-CUBE-TOUCHGFX.4.23.2
2024-07-05 22:19:46,742 [WARN] PackLoader:240 - Cannot read IP mode file for STMicroelectronics.X-CUBE-AZRTOS-F7.1.1.0
2024-07-05 22:19:46,752 [WARN] PackLoader:240 - Cannot read IP mode file for STMicroelectronics.FP-SNS-FLIGHT1.5.0.2
2024-07-05 22:19:46,762 [WARN] PackLoader:240 - Cannot read IP mode file for STMicroelectronics.X-CUBE-DISPLAY.3.0.0
2024-07-05 22:19:46,783 [WARN] PackLoader:240 - Cannot read IP mode file for STMicroelectronics.X-CUBE-BLE1.7.0.0
2024-07-05 22:19:46,788 [WARN] PackLoader:240 - Cannot read IP mode file for emotas.I-CUBE-CANOPEN.1.3.0
2024-07-05 22:19:46,800 [WARN] PackLoader:240 - Cannot read IP mode file for STMicroelectronics.X-CUBE-BLEMGR.3.1.0
2024-07-05 22:19:46,807 [WARN] PackLoader:240 - Cannot read IP mode file for STMicroelectronics.FP-SNS-SMARTAG2.1.2.0
2024-07-05 22:19:46,818 [INFO] LogOutputStream:77 - [STDOUT_REDIRECT] 1 : Invalid condition id : UX_CORESTACK_Condition cause : null
2024-07-05 22:19:46,819 [INFO] LogOutputStream:77 - [STDOUT_REDIRECT] 1 : Invalid condition id : UX_CORESTACK_Condition cause : null
2024-07-05 22:19:46,821 [INFO] LogOutputStream:77 - [STDOUT_REDIRECT] 1 : Invalid condition id : UX_CORESTACK_Condition cause : null
2024-07-05 22:19:46,822 [INFO] LogOutputStream:77 - [STDOUT_REDIRECT] 1 : Invalid condition id : UX_CORESTACK_Condition cause : null
2024-07-05 22:19:46,823 [INFO] LogOutputStream:77 - [STDOUT_REDIRECT] 1 : Invalid condition id : UX_CORESTACK_Condition cause : null
2024-07-05 22:19:46,827 [WARN] PackLoader:240 - Cannot read IP mode file for STMicroelectronics.X-CUBE-AZRTOS-WL.2.0.0
2024-07-05 22:19:46,834 [WARN] PackLoader:240 - Cannot read IP mode file for STMicroelectronics.FP-SNS-MOTENV1.5.0.0
2024-07-05 22:19:46,839 [WARN] PackLoader:240 - Cannot read IP mode file for wolfSSL.I-CUBE-wolfMQTT.1.19.0
2024-07-05 22:19:46,851 [WARN] PackLoader:240 - Cannot read IP mode file for WES.I-CUBE-Cesium.1.3.0
2024-07-05 22:19:46,857 [WARN] PackLoader:240 - Cannot read IP mode file for STMicroelectronics.X-CUBE-BLE2.3.3.0
2024-07-05 22:19:46,865 [WARN] PackLoader:240 - Cannot read IP mode file for STMicroelectronics.X-CUBE-TCPP.4.1.0
2024-07-05 22:19:46,874 [WARN] PackLoader:240 - Cannot read IP mode file for STMicroelectronics.X-CUBE-ALGOBUILD.1.3.0
2024-07-05 22:19:46,888 [WARN] PackLoader:240 - Cannot read IP mode file for STMicroelectronics.X-CUBE-AZRTOS-G0.1.1.0
2024-07-05 22:19:46,897 [WARN] PackLoader:240 - Cannot read IP mode file for STMicroelectronics.X-CUBE-SAFEA1.1.2.2
2024-07-05 22:19:46,904 [WARN] PackLoader:240 - Cannot read IP mode file for STMicroelectronics.X-CUBE-NFC4.3.0.0
2024-07-05 22:19:46,907 [WARN] PackLoader:240 - Cannot read IP mode file for wolfSSL.I-CUBE-wolfMQTT.1.18.0
2024-07-05 22:19:46,910 [WARN] PackLoader:240 - Cannot read IP mode file for wolfSSL.I-CUBE-wolfSSL.5.7.0
2024-07-05 22:19:46,914 [WARN] PackLoader:240 - Cannot read IP mode file for STMicroelectronics.FP-ATR-SIGFOX1.3.2.0
2024-07-05 22:19:46,919 [WARN] PackLoader:240 - Cannot read IP mode file for STMicroelectronics.X-CUBE-EEPRMA1.5.1.0
2024-07-05 22:19:46,926 [WARN] PackLoader:240 - Cannot read IP mode file for ITTIA_DB.I-CUBE-ITTIADB.8.9.0
2024-07-05 22:19:46,968 [WARN] PackLoader:240 - Cannot read IP mode file for SEGGER.I-CUBE-embOS.1.3.1
2024-07-05 22:19:47,005 [WARN] PackLoader:240 - Cannot read IP mode file for STMicroelectronics.X-CUBE-ALGOBUILD.1.4.0
2024-07-05 22:19:47,012 [WARN] PackLoader:240 - Cannot read IP mode file for STMicroelectronics.X-CUBE-GNSS1.6.0.0
2024-07-05 22:19:47,023 [WARN] PackLoader:240 - Cannot read IP mode file for STMicroelectronics.X-CUBE-AZRTOS-F4.1.1.0
2024-07-05 22:19:47,032 [WARN] PackLoader:240 - Cannot read IP mode file for STMicroelectronics.X-CUBE-FREERTOS.1.2.0
2024-07-05 22:19:47,042 [WARN] PackLoader:240 - Cannot read IP mode file for STMicroelectronics.X-CUBE-AZRTOS-L5.2.0.0
2024-07-05 22:19:47,049 [WARN] PackLoader:240 - Cannot read IP mode file for STMicroelectronics.X-CUBE-NFC6.3.1.0
2024-07-05 22:19:47,056 [WARN] PackLoader:240 - Cannot read IP mode file for STMicroelectronics.X-CUBE-DPower.1.2.0
2024-07-05 22:19:47,059 [WARN] PackLoader:240 - Cannot read IP mode file for STMicroelectronics.X-CUBE-AI.9.0.0
2024-07-05 22:19:47,062 [WARN] PackLoader:240 - Cannot read IP mode file for STMicroelectronics.X-CUBE-NFC7.1.0.1
2024-07-05 22:19:47,065 [WARN] PackLoader:240 - Cannot read IP mode file for STMicroelectronics.X-CUBE-AI.8.1.0
2024-07-05 22:19:47,076 [WARN] ConditionMgr:438 - getConditionDescription Invalid condition id : LAN8742 Phy interface Condition cause : null
2024-07-05 22:19:47,076 [WARN] PackLoader:240 - Cannot read IP mode file for STMicroelectronics.X-CUBE-AZRTOS-L4.2.0.0
2024-07-05 22:19:47,077 [WARN] ConditionMgr:1039 - genDependencies : Invalid condition id : LAN8742 Phy interface Condition cause : null
2024-07-05 22:19:47,077 [WARN] ConditionMgr:1039 - genDependencies : Invalid condition id : LAN8742 Phy interface Condition cause : null
2024-07-05 22:19:47,078 [WARN] ConditionMgr:1039 - genDependencies : Invalid condition id : LAN8742 Phy interface Condition cause : null
2024-07-05 22:19:47,083 [WARN] PackLoader:240 - Cannot read IP mode file for STMicroelectronics.X-CUBE-SFXS2LP1.4.0.0
2024-07-05 22:19:47,091 [WARN] ConditionMgr:438 - getConditionDescription Invalid condition id : UX DEVICE CLASS RTOS Condition cause : null
2024-07-05 22:19:47,091 [WARN] ConditionMgr:438 - getConditionDescription Invalid condition id : UX DEVICE CLASS RTOS Condition cause : null
2024-07-05 22:19:47,093 [WARN] PackLoader:240 - Cannot read IP mode file for STMicroelectronics.X-CUBE-AZRTOS-WB.2.0.0
2024-07-05 22:19:47,094 [WARN] ConditionMgr:1039 - genDependencies : Invalid condition id : UX DEVICE CLASS RTOS Condition cause : null
2024-07-05 22:19:47,094 [WARN] ConditionMgr:1039 - genDependencies : Invalid condition id : UX DEVICE CLASS RTOS Condition cause : null
2024-07-05 22:19:47,094 [WARN] ConditionMgr:1039 - genDependencies : Invalid condition id : UX DEVICE CLASS RTOS Condition cause : null
2024-07-05 22:19:47,094 [WARN] ConditionMgr:1039 - genDependencies : Invalid condition id : UX DEVICE CLASS RTOS Condition cause : null
2024-07-05 22:19:47,094 [WARN] ConditionMgr:1039 - genDependencies : Invalid condition id : UX DEVICE CLASS RTOS Condition cause : null
2024-07-05 22:19:47,101 [WARN] PackLoader:240 - Cannot read IP mode file for STMicroelectronics.X-CUBE-SUBG2.5.0.0
2024-07-05 22:19:47,117 [WARN] PackLoader:240 - Cannot read IP mode file for STMicroelectronics.X-CUBE-AZRTOS-G4.2.0.0
2024-07-05 22:19:47,123 [WARN] PackLoader:240 - Cannot read IP mode file for STMicroelectronics.FP-SNS-MOTENVWB1.1.3.1
2024-07-05 22:19:47,128 [WARN] PackLoader:240 - Cannot read IP mode file for STMicroelectronics.X-CUBE-ISPU.2.0.0
2024-07-05 22:19:47,131 [WARN] PackLoader:240 - Cannot read IP mode file for STMicroelectronics.X-CUBE-ALS.1.0.2
2024-07-05 22:19:47,156 [WARN] PackLoader:240 - Cannot read IP mode file for STMicroelectronics.X-CUBE-MEMS1.10.0.0
2024-07-05 22:19:47,212 [WARN] PackLoader:240 - Cannot read IP mode file for STMicroelectronics.X-CUBE-FREERTOS.1.1.0
2024-07-05 22:19:47,215 [WARN] PackLoader:240 - Cannot read IP mode file for STMicroelectronics.X-CUBE-TOUCHGFX.4.24.0
2024-07-05 22:19:47,219 [WARN] PackLoader:240 - Cannot read IP mode file for portGmbH.I-Cube-SoM-uGOAL.1.1.0
2024-07-05 22:19:47,222 [WARN] PackLoader:240 - Cannot read IP mode file for STMicroelectronics.X-CUBE-ALS.1.0.1
2024-07-05 22:19:47,230 [WARN] PackLoader:240 - Cannot read IP mode file for STMicroelectronics.X-CUBE-AZRTOS-H7RS.1.0.0
2024-07-05 22:19:47,244 [WARN] PackLoader:240 - Cannot read IP mode file for STMicroelectronics.FP-ATR-ASTRA1.2.0.0
2024-07-05 22:19:47,249 [WARN] PackLoader:240 - Cannot read IP mode file for STMicroelectronics.X-CUBE-TOF1.3.4.1
2024-07-05 22:19:47,265 [WARN] PackLoader:240 - Cannot read IP mode file for STMicroelectronics.X-CUBE-AZRTOS-H7.3.2.0
2024-07-05 22:19:47,271 [WARN] PackLoader:240 - Cannot read IP mode file for Infineon.AIROC-Wi-Fi-Bluetooth-STM32.1.6.0
2024-07-05 22:19:47,274 [INFO] ThirdParty:978 - Integrity check success = true
2024-07-05 22:19:47,274 [INFO] IntegrityCheckThread:100 - exiting critical section [integrity check]
2024-07-05 22:19:47,274 [INFO] IntegrityCheckThread:103 - End integrity checks thread
2024-07-05 22:19:47,839 [INFO] ApiDb:240 - Found 483 in-development CPN: [B-G473E-ZEST1S, B-WB1M-WPAN1, B-WL5M-SUBG1, NUCLEO-C031C6, NUCLEO-H503RB, NUCLEO-H533RE, NUCLEO-H563ZI, NUCLEO-H7S3L8, NUCLEO-U031R8, NUCLEO-U083RC, NUCLEO-U545RE-Q, NUCLEO-U5A5ZJ-Q, NUCLEO-WBA52CG, NUCLEO-WBA55CG, STEVAL-PROTEUS1, STEVAL-SMARTAG2, STEVAL-STWINBX1, STM320518-EVAL, STM32C0116-DK, STM32C011D6Y3TR, STM32C011D6Y6TR, STM32C011F4P3, STM32C011F4P6, STM32C011F4U3, STM32C011F4U6TR, STM32C011F6P3, STM32C011F6P6, STM32C011F6U3, STM32C011F6U6TR, STM32C011J4M3, STM32C011J4M6, STM32C011J6M3, STM32C011J6M6, STM32C0316-DK, STM32C031C4T3, STM32C031C4T6, STM32C031C4U3, STM32C031C4U6, STM32C031C6T3, STM32C031C6T6, STM32C031C6U3, STM32C031C6U6, STM32C031F4P3, STM32C031F4P6, STM32C031F6P3, STM32C031F6P6, STM32C031G4U3, STM32C031G4U6, STM32C031G6U3, STM32C031G6U6, STM32C031K4T3, STM32C031K4T6, STM32C031K4U3, STM32C031K4U6, STM32C031K6T3, STM32C031K6T6, STM32C031K6U3, STM32C031K6U6, STM32G071K8TXN, STM32G071K8UXN, STM32G081GBU6N, STM32G081KBT6N, STM32G081KBUXN, STM32G0B1CCT6N, STM32G0B1KCT6, STM32G0B1NEY6TR, STM32G0B1RCT6N, STM32G0C1CCT6, STM32G0C1CCT6N, STM32G0C1CCU6N, STM32G0C1CET6N, STM32G0C1CEU6N, STM32G0C1KCT6, STM32G0C1NEY6TR, STM32G0C1RCI6N, STM32G0C1RCT6N, STM32G0C1REI6N, STM32G0C1RET6N, STM32G0C1VCI6, STM32G0C1VEI6, STM32G471CCT6, STM32G471CCU6, STM32G471CET3, STM32G471CET6, STM32G471CEU3, STM32G471CEU6, STM32G471MCT6, STM32G471MET3, STM32G471MET6, STM32G471MEY6TR, STM32G471QCT6, STM32G471QET3, STM32G471RCT6, STM32G471RET3, STM32G471RET6, STM32G471VCH6, STM32G471VCI6, STM32G471VCT6, STM32G471VEH3, STM32G471VEH6, STM32G471VEI3, STM32G471VEI6, STM32G471VET3, STM32G471VET6, STM32G474CCT6, STM32H503CBT6, STM32H503CBU6, STM32H503EBY6TR, STM32H503KBU6, STM32H503RBT6, STM32H523CCT6, STM32H523CCU6, STM32H523CET6, STM32H523CEU6, STM32H523HEY6TR, STM32H523RCT6, STM32H523RET6, STM32H523VCI6, STM32H523VCT6, STM32H523VEI6, STM32H523VET6, STM32H523ZCJ6, STM32H523ZCT6, STM32H523ZEJ6, STM32H523ZET6, STM32H533CET6, STM32H533CEU6, STM32H533HEY6TR, STM32H533RET6, STM32H533VEI6, STM32H533VET6, STM32H533ZEJ6, STM32H533ZET6, STM32H562AGI6, STM32H562AII6, STM32H562IGK6, STM32H562IGT6, STM32H562IIK6, STM32H562IIT6, STM32H562RGT6, STM32H562RGV6, STM32H562RIT6, STM32H562RIV6, STM32H562VGT6, STM32H562VIT6, STM32H562ZGT6, STM32H562ZIT6, STM32H563AGI6, STM32H563AII3Q, STM32H563AII6, STM32H563IGK6, STM32H563IGT6, STM32H563IIK3Q, STM32H563IIK6, STM32H563IIT3Q, STM32H563IIT6, STM32H563MIY3QTR, STM32H563RGT6, STM32H563RGV6, STM32H563RIT6, STM32H563RIV6, STM32H563VGT6, STM32H563VIT3Q, STM32H563VIT6, STM32H563ZGT6, STM32H563ZIT3Q, STM32H563ZIT6, STM32H573AII3Q, STM32H573AII6, STM32H573I-DK, STM32H573IIK3Q, STM32H573IIK6, STM32H573IIT3Q, STM32H573IIT6, STM32H573MIY3QTR, STM32H573RIT6, STM32H573RIV6, STM32H573VIT3Q, STM32H573VIT6, STM32H573ZIT3Q, STM32H573ZIT6, STM32H7R3A8I6, STM32H7R3I8K6, STM32H7R3I8T6, STM32H7R3L8H6, STM32H7R3L8H6H, STM32H7R3R8V6, STM32H7R3V8H6, STM32H7R3V8T6, STM32H7R3V8Y6, STM32H7R3Z8J6, STM32H7R3Z8T6, STM32H7R7A8I6, STM32H7R7I8K6, STM32H7R7I8T6, STM32H7R7L8H6, STM32H7R7L8H6H, STM32H7R7Z8J6, STM32H7S3A8I6, STM32H7S3I8K6, STM32H7S3I8T6, STM32H7S3L8H6, STM32H7S3L8H6H, STM32H7S3R8V6, STM32H7S3V8H6, STM32H7S3V8T6, STM32H7S3V8Y6, STM32H7S3Z8J6, STM32H7S3Z8T6, STM32H7S78-DK, STM32H7S7A8I6, STM32H7S7I8K6, STM32H7S7I8T6, STM32H7S7L8H6, STM32H7S7L8H6H, STM32H7S7Z8J6, STM32L4R5QGI6STR, STM32MP131AAE3, STM32MP131AAF3, STM32MP131AAG3, STM32MP131CAE3, STM32MP131CAF3, STM32MP131CAG3, STM32MP131DAE7, STM32MP131DAF7, STM32MP131DAG7, STM32MP131FAE7, STM32MP131FAF7, STM32MP131FAG7, STM32MP133AAE3, STM32MP133AAF3, STM32MP133AAG3, STM32MP133CAE3, STM32MP133CAF3, STM32MP133CAG3, STM32MP133DAE7, STM32MP133DAF7, STM32MP133DAG7, STM32MP133FAE7, STM32MP133FAF7, STM32MP133FAG7, STM32MP135AAE3, STM32MP135AAF3, STM32MP135AAG3, STM32MP135CAE3, STM32MP135CAF3, STM32MP135CAG3, STM32MP135DAE7, STM32MP135DAF7, STM32MP135DAG7, STM32MP135F-DK, STM32MP135FAE7, STM32MP135FAF7, STM32MP135FAF7T, STM32MP135FAF7U, STM32MP135FAG7, STM32U031C6T6, STM32U031C6U6, STM32U031C8T6, STM32U031C8U6, STM32U031F4P6, STM32U031F6P6, STM32U031F8P6, STM32U031G6Y6TR, STM32U031G8Y6TR, STM32U031K4U6, STM32U031K6U6, STM32U031K8U6, STM32U031R6I6, STM32U031R6T6, STM32U031R8I6, STM32U031R8T6, STM32U073C8T6, STM32U073C8U6, STM32U073CBT6, STM32U073CBU6, STM32U073CCT6, STM32U073CCU6, STM32U073H8Y6TR, STM32U073HBY6TR, STM32U073HCY6TR, STM32U073K8U6, STM32U073KBU6, STM32U073KCU6, STM32U073M8I6, STM32U073M8T6, STM32U073MBI6, STM32U073MBT6, STM32U073MCI6, STM32U073MCT6, STM32U073R8I6, STM32U073R8T6, STM32U073RBI6, STM32U073RBT6, STM32U073RCI6, STM32U073RCT6, STM32U083C-DK, STM32U083CCT6, STM32U083CCU6, STM32U083HCY6TR, STM32U083KCU6, STM32U083MCI6, STM32U083MCT6, STM32U083RCI6, STM32U083RCT6, STM32U535CBT6, STM32U535CBT6Q, STM32U535CBU6, STM32U535CBU6Q, STM32U535CCT6, STM32U535CCT6Q, STM32U535CCU6, STM32U535CCU6Q, STM32U535CET6, STM32U535CET6Q, STM32U535CEU6, STM32U535CEU6Q, STM32U535JEY6QTR, STM32U535NCY6QTR, STM32U535NEY6QTR, STM32U535RBI6, STM32U535RBI6Q, STM32U535RBT6, STM32U535RBT6Q, STM32U535RCI6, STM32U535RCI6Q, STM32U535RCT6, STM32U535RCT6Q, STM32U535REI6, STM32U535REI6Q, STM32U535RET6, STM32U535RET6Q, STM32U535VCI6, STM32U535VCI6Q, STM32U535VCT6, STM32U535VCT6Q, STM32U535VEI6, STM32U535VEI6Q, STM32U535VET6, STM32U535VET6Q, STM32U545CET6, STM32U545CET6Q, STM32U545CEU6, STM32U545CEU6Q, STM32U545JEY6QTR, STM32U545NEY6QTR, STM32U545REI6, STM32U545REI6Q, STM32U545RET6, STM32U545RET6Q, STM32U545VEI6, STM32U545VEI6Q, STM32U545VET6, STM32U545VET6Q, STM32U595AIH6, STM32U595AIH6Q, STM32U595AJH6, STM32U595AJH6Q, STM32U595QII6, STM32U595QII6Q, STM32U595QJI6, STM32U595QJI6Q, STM32U595RIT6, STM32U595RIT6Q, STM32U595RJT6, STM32U595RJT6Q, STM32U595VIT6, STM32U595VIT6Q, STM32U595VJT6, STM32U595VJT6Q, STM32U595ZIT6, STM32U595ZIT6Q, STM32U595ZIY6QTR, STM32U595ZJT6, STM32U595ZJT6Q, STM32U595ZJY6QTR, STM32U599BJY6QTR, STM32U599NIH6Q, STM32U599NJH6Q, STM32U599VIT6Q, STM32U599VJT6, STM32U599VJT6Q, STM32U599ZIT6Q, STM32U599ZIY6QTR, STM32U599ZJT6Q, STM32U599ZJY6QTR, STM32U5A5AJH6, STM32U5A5AJH6Q, STM32U5A5QII3Q , STM32U5A5QJI6, STM32U5A5QJI6Q, STM32U5A5RJT6, STM32U5A5RJT6Q, STM32U5A5VJT6, STM32U5A5VJT6Q, STM32U5A5ZJT6, STM32U5A5ZJT6Q, STM32U5A5ZJY6QTR, STM32U5A9BJY6QTR, STM32U5A9J-DK, STM32U5A9NJH6Q, STM32U5A9VJT6Q, STM32U5A9ZJT6Q, STM32U5A9ZJY6QTR, STM32U5F7VIT6, STM32U5F7VIT6Q, STM32U5F7VJT6, STM32U5F7VJT6Q, STM32U5F9BJY6QTR, STM32U5F9NJH6Q, STM32U5F9VIT6Q, STM32U5F9VJT6Q, STM32U5F9ZIJ6QTR, STM32U5F9ZIT6Q, STM32U5F9ZJJ6QTR, STM32U5F9ZJT6Q, STM32U5G7VJT6, STM32U5G7VJT6Q, STM32U5G9BJY6QTR, STM32U5G9J-DK1, STM32U5G9J-DK2, STM32U5G9NJH6Q, STM32U5G9VJT6Q, STM32U5G9ZJJ6QTR, STM32U5G9ZJT6Q, STM32WB1MMCH6, STM32WBA50KEU6, STM32WBA50KEU6TR, STM32WBA50KGU6, STM32WBA50KGU6TR, STM32WBA52CEU6, STM32WBA52CEU6TR, STM32WBA52CEU7, STM32WBA52CEU7TR, STM32WBA52CGU6, STM32WBA52CGU6TR, STM32WBA52CGU6U, STM32WBA52CGU7, STM32WBA52CGU7TR, STM32WBA52KEU6, STM32WBA52KEU6TR, STM32WBA52KGU6, STM32WBA52KGU6TR, STM32WBA54CEU6, STM32WBA54CEU6TR, STM32WBA54CEU7, STM32WBA54CEU7TR, STM32WBA54CGU6, STM32WBA54CGU6TR, STM32WBA54CGU7, STM32WBA54CGU7TR, STM32WBA54KEU6, STM32WBA54KEU6TR, STM32WBA54KEU7, STM32WBA54KEU7TR, STM32WBA54KGU6, STM32WBA54KGU6TR, STM32WBA54KGU7, STM32WBA54KGU7TR, STM32WBA55CEU6, STM32WBA55CEU6TR, STM32WBA55CEU7, STM32WBA55CEU7TR, STM32WBA55CGU6, STM32WBA55CGU6TR, STM32WBA55CGU6U, STM32WBA55CGU7, STM32WBA55CGU7TR, STM32WBA55G-DK1, STM32WBA55HEF6, STM32WBA55HEF7, STM32WBA55HGF6, STM32WBA55HGF7, STM32WBA55UEI6, STM32WBA55UEI6TR, STM32WBA55UEI7, STM32WBA55UEI7TR, STM32WBA55UGI6, STM32WBA55UGI6TR, STM32WBA55UGI7, STM32WBA55UGI7TR, STM32WL5MOCH6, STM32WL5MOCH6TR]
2024-07-05 22:19:47,847 [INFO] DbMcus:218 - Found 4203 MCUs, 4203 are supported
2024-07-05 22:19:47,848 [INFO] ApiDb:423 - Load user favorites file C:\Users\ASUS/.stm32cubeide/favorites.mcus.txt: 0 item(s)
2024-07-05 22:19:47,848 [INFO] ApiDb:427 - User favorites MCUs=[]
2024-07-05 22:19:47,848 [INFO] DbMcus:224 - Set 0 / 0 favorites MCUs
2024-07-05 22:19:48,083 [INFO] ApiDb:668 - CubeFinder database Data Model version=2.1
2024-07-05 22:19:48,084 [INFO] ApiDb:669 - CubeFinder database Configuration version=3.0.39
2024-07-05 22:19:48,084 [INFO] ApiDb:670 - CubeFinder database generation date=2024-06-20 (1718880634)
2024-07-05 22:19:48,084 [INFO] ApiDb:671 - CubeFinder database FW Pack versions=[FP-ATR-ASTRA1_V2.0.0, FP-SNS-FLIGHT1_V5.0.2, FP-SNS-MOTENV1_V5.0.0, FP-SNS-MOTENVWB1_V1.4.0, FP-SNS-SMARTAG2_V1.2.0, STM32Cube_FW_C0_V1.2.0, STM32Cube_FW_F4_V1.28.0, STM32Cube_FW_F7_V1.17.2, STM32Cube_FW_G0_V1.6.2, STM32Cube_FW_G4_V1.6.0, STM32Cube_FW_H5_V1.3.0, STM32Cube_FW_H7RS_V1.1.0, STM32Cube_FW_H7_V1.11.2, STM32Cube_FW_L0_V1.12.2, STM32Cube_FW_L5_V1.5.1, STM32Cube_FW_U0_V1.1.0, STM32Cube_FW_U5_V1.6.0, STM32Cube_FW_WB0_V1.0.0, STM32Cube_FW_WBA_V1.4.0, STM32Cube_FW_WB_V1.20.0, STM32Cube_FW_WL_V1.3.0, X-CUBE-ALGOBUILD_V1.4.0, X-CUBE-ALS_V1.0.2, X-CUBE-AZRTOS-F4_V1.1.0, X-CUBE-AZRTOS-F7_V1.1.0, X-CUBE-AZRTOS-G0_V1.1.0, X-CUBE-AZRTOS-G4_V2.0.0, X-CUBE-AZRTOS-H7RS_V1.0.0, X-CUBE-AZRTOS-H7_V3.2.0, X-CUBE-AZRTOS-L4_V2.0.0, X-CUBE-AZRTOS-L5_V1.1.0, X-CUBE-AZRTOS-WB_V2.0.0, X-CUBE-AZRTOS-WL_V2.0.0, X-CUBE-BLE1_V7.0.0, X-CUBE-BLE2_V3.3.0, X-CUBE-BLEMGR_V3.1.0, X-CUBE-EEPRMA1_V5.1.0, X-CUBE-FREERTOS_V1.2.0, X-CUBE-GNSS1_V6.0.0, X-CUBE-MEMS1_V10.0.0, X-CUBE-NFC4_V3.0.0, X-CUBE-NFC7_V1.0.1, X-CUBE-SFXS2LP1_V4.0.0, X-CUBE-SUBG2_V5.0.0, X-CUBE-TOF1_V3.4.1]
2024-07-05 22:19:48,137 [INFO] DbBoardsSqlite:226 - include board P-NUCLEO-WB55-NUCLEO as a kit item of type 'Nucleo-64'
2024-07-05 22:19:48,137 [INFO] DbBoardsSqlite:226 - include board P-NUCLEO-WB55-USBDONGLE as a kit item of type 'Nucleo USB Dongle'
2024-07-05 22:19:48,137 [INFO] DbBoardsSqlite:226 - include board STEVAL-IDP005V1 as a kit item of type 'Evaluation Board'
2024-07-05 22:19:48,138 [INFO] DbBoardsSqlite:226 - include board STEVAL-IDP005V2 as a kit item of type 'Evaluation Board'
2024-07-05 22:19:48,168 [INFO] ApiDb:240 - Found 483 in-development CPN: [B-G473E-ZEST1S, B-WB1M-WPAN1, B-WL5M-SUBG1, NUCLEO-C031C6, NUCLEO-H503RB, NUCLEO-H533RE, NUCLEO-H563ZI, NUCLEO-H7S3L8, NUCLEO-U031R8, NUCLEO-U083RC, NUCLEO-U545RE-Q, NUCLEO-U5A5ZJ-Q, NUCLEO-WBA52CG, NUCLEO-WBA55CG, STEVAL-PROTEUS1, STEVAL-SMARTAG2, STEVAL-STWINBX1, STM320518-EVAL, STM32C0116-DK, STM32C011D6Y3TR, STM32C011D6Y6TR, STM32C011F4P3, STM32C011F4P6, STM32C011F4U3, STM32C011F4U6TR, STM32C011F6P3, STM32C011F6P6, STM32C011F6U3, STM32C011F6U6TR, STM32C011J4M3, STM32C011J4M6, STM32C011J6M3, STM32C011J6M6, STM32C0316-DK, STM32C031C4T3, STM32C031C4T6, STM32C031C4U3, STM32C031C4U6, STM32C031C6T3, STM32C031C6T6, STM32C031C6U3, STM32C031C6U6, STM32C031F4P3, STM32C031F4P6, STM32C031F6P3, STM32C031F6P6, STM32C031G4U3, STM32C031G4U6, STM32C031G6U3, STM32C031G6U6, STM32C031K4T3, STM32C031K4T6, STM32C031K4U3, STM32C031K4U6, STM32C031K6T3, STM32C031K6T6, STM32C031K6U3, STM32C031K6U6, STM32G071K8TXN, STM32G071K8UXN, STM32G081GBU6N, STM32G081KBT6N, STM32G081KBUXN, STM32G0B1CCT6N, STM32G0B1KCT6, STM32G0B1NEY6TR, STM32G0B1RCT6N, STM32G0C1CCT6, STM32G0C1CCT6N, STM32G0C1CCU6N, STM32G0C1CET6N, STM32G0C1CEU6N, STM32G0C1KCT6, STM32G0C1NEY6TR, STM32G0C1RCI6N, STM32G0C1RCT6N, STM32G0C1REI6N, STM32G0C1RET6N, STM32G0C1VCI6, STM32G0C1VEI6, STM32G471CCT6, STM32G471CCU6, STM32G471CET3, STM32G471CET6, STM32G471CEU3, STM32G471CEU6, STM32G471MCT6, STM32G471MET3, STM32G471MET6, STM32G471MEY6TR, STM32G471QCT6, STM32G471QET3, STM32G471RCT6, STM32G471RET3, STM32G471RET6, STM32G471VCH6, STM32G471VCI6, STM32G471VCT6, STM32G471VEH3, STM32G471VEH6, STM32G471VEI3, STM32G471VEI6, STM32G471VET3, STM32G471VET6, STM32G474CCT6, STM32H503CBT6, STM32H503CBU6, STM32H503EBY6TR, STM32H503KBU6, STM32H503RBT6, STM32H523CCT6, STM32H523CCU6, STM32H523CET6, STM32H523CEU6, STM32H523HEY6TR, STM32H523RCT6, STM32H523RET6, STM32H523VCI6, STM32H523VCT6, STM32H523VEI6, STM32H523VET6, STM32H523ZCJ6, STM32H523ZCT6, STM32H523ZEJ6, STM32H523ZET6, STM32H533CET6, STM32H533CEU6, STM32H533HEY6TR, STM32H533RET6, STM32H533VEI6, STM32H533VET6, STM32H533ZEJ6, STM32H533ZET6, STM32H562AGI6, STM32H562AII6, STM32H562IGK6, STM32H562IGT6, STM32H562IIK6, STM32H562IIT6, STM32H562RGT6, STM32H562RGV6, STM32H562RIT6, STM32H562RIV6, STM32H562VGT6, STM32H562VIT6, STM32H562ZGT6, STM32H562ZIT6, STM32H563AGI6, STM32H563AII3Q, STM32H563AII6, STM32H563IGK6, STM32H563IGT6, STM32H563IIK3Q, STM32H563IIK6, STM32H563IIT3Q, STM32H563IIT6, STM32H563MIY3QTR, STM32H563RGT6, STM32H563RGV6, STM32H563RIT6, STM32H563RIV6, STM32H563VGT6, STM32H563VIT3Q, STM32H563VIT6, STM32H563ZGT6, STM32H563ZIT3Q, STM32H563ZIT6, STM32H573AII3Q, STM32H573AII6, STM32H573I-DK, STM32H573IIK3Q, STM32H573IIK6, STM32H573IIT3Q, STM32H573IIT6, STM32H573MIY3QTR, STM32H573RIT6, STM32H573RIV6, STM32H573VIT3Q, STM32H573VIT6, STM32H573ZIT3Q, STM32H573ZIT6, STM32H7R3A8I6, STM32H7R3I8K6, STM32H7R3I8T6, STM32H7R3L8H6, STM32H7R3L8H6H, STM32H7R3R8V6, STM32H7R3V8H6, STM32H7R3V8T6, STM32H7R3V8Y6, STM32H7R3Z8J6, STM32H7R3Z8T6, STM32H7R7A8I6, STM32H7R7I8K6, STM32H7R7I8T6, STM32H7R7L8H6, STM32H7R7L8H6H, STM32H7R7Z8J6, STM32H7S3A8I6, STM32H7S3I8K6, STM32H7S3I8T6, STM32H7S3L8H6, STM32H7S3L8H6H, STM32H7S3R8V6, STM32H7S3V8H6, STM32H7S3V8T6, STM32H7S3V8Y6, STM32H7S3Z8J6, STM32H7S3Z8T6, STM32H7S78-DK, STM32H7S7A8I6, STM32H7S7I8K6, STM32H7S7I8T6, STM32H7S7L8H6, STM32H7S7L8H6H, STM32H7S7Z8J6, STM32L4R5QGI6STR, STM32MP131AAE3, STM32MP131AAF3, STM32MP131AAG3, STM32MP131CAE3, STM32MP131CAF3, STM32MP131CAG3, STM32MP131DAE7, STM32MP131DAF7, STM32MP131DAG7, STM32MP131FAE7, STM32MP131FAF7, STM32MP131FAG7, STM32MP133AAE3, STM32MP133AAF3, STM32MP133AAG3, STM32MP133CAE3, STM32MP133CAF3, STM32MP133CAG3, STM32MP133DAE7, STM32MP133DAF7, STM32MP133DAG7, STM32MP133FAE7, STM32MP133FAF7, STM32MP133FAG7, STM32MP135AAE3, STM32MP135AAF3, STM32MP135AAG3, STM32MP135CAE3, STM32MP135CAF3, STM32MP135CAG3, STM32MP135DAE7, STM32MP135DAF7, STM32MP135DAG7, STM32MP135F-DK, STM32MP135FAE7, STM32MP135FAF7, STM32MP135FAF7T, STM32MP135FAF7U, STM32MP135FAG7, STM32U031C6T6, STM32U031C6U6, STM32U031C8T6, STM32U031C8U6, STM32U031F4P6, STM32U031F6P6, STM32U031F8P6, STM32U031G6Y6TR, STM32U031G8Y6TR, STM32U031K4U6, STM32U031K6U6, STM32U031K8U6, STM32U031R6I6, STM32U031R6T6, STM32U031R8I6, STM32U031R8T6, STM32U073C8T6, STM32U073C8U6, STM32U073CBT6, STM32U073CBU6, STM32U073CCT6, STM32U073CCU6, STM32U073H8Y6TR, STM32U073HBY6TR, STM32U073HCY6TR, STM32U073K8U6, STM32U073KBU6, STM32U073KCU6, STM32U073M8I6, STM32U073M8T6, STM32U073MBI6, STM32U073MBT6, STM32U073MCI6, STM32U073MCT6, STM32U073R8I6, STM32U073R8T6, STM32U073RBI6, STM32U073RBT6, STM32U073RCI6, STM32U073RCT6, STM32U083C-DK, STM32U083CCT6, STM32U083CCU6, STM32U083HCY6TR, STM32U083KCU6, STM32U083MCI6, STM32U083MCT6, STM32U083RCI6, STM32U083RCT6, STM32U535CBT6, STM32U535CBT6Q, STM32U535CBU6, STM32U535CBU6Q, STM32U535CCT6, STM32U535CCT6Q, STM32U535CCU6, STM32U535CCU6Q, STM32U535CET6, STM32U535CET6Q, STM32U535CEU6, STM32U535CEU6Q, STM32U535JEY6QTR, STM32U535NCY6QTR, STM32U535NEY6QTR, STM32U535RBI6, STM32U535RBI6Q, STM32U535RBT6, STM32U535RBT6Q, STM32U535RCI6, STM32U535RCI6Q, STM32U535RCT6, STM32U535RCT6Q, STM32U535REI6, STM32U535REI6Q, STM32U535RET6, STM32U535RET6Q, STM32U535VCI6, STM32U535VCI6Q, STM32U535VCT6, STM32U535VCT6Q, STM32U535VEI6, STM32U535VEI6Q, STM32U535VET6, STM32U535VET6Q, STM32U545CET6, STM32U545CET6Q, STM32U545CEU6, STM32U545CEU6Q, STM32U545JEY6QTR, STM32U545NEY6QTR, STM32U545REI6, STM32U545REI6Q, STM32U545RET6, STM32U545RET6Q, STM32U545VEI6, STM32U545VEI6Q, STM32U545VET6, STM32U545VET6Q, STM32U595AIH6, STM32U595AIH6Q, STM32U595AJH6, STM32U595AJH6Q, STM32U595QII6, STM32U595QII6Q, STM32U595QJI6, STM32U595QJI6Q, STM32U595RIT6, STM32U595RIT6Q, STM32U595RJT6, STM32U595RJT6Q, STM32U595VIT6, STM32U595VIT6Q, STM32U595VJT6, STM32U595VJT6Q, STM32U595ZIT6, STM32U595ZIT6Q, STM32U595ZIY6QTR, STM32U595ZJT6, STM32U595ZJT6Q, STM32U595ZJY6QTR, STM32U599BJY6QTR, STM32U599NIH6Q, STM32U599NJH6Q, STM32U599VIT6Q, STM32U599VJT6, STM32U599VJT6Q, STM32U599ZIT6Q, STM32U599ZIY6QTR, STM32U599ZJT6Q, STM32U599ZJY6QTR, STM32U5A5AJH6, STM32U5A5AJH6Q, STM32U5A5QII3Q , STM32U5A5QJI6, STM32U5A5QJI6Q, STM32U5A5RJT6, STM32U5A5RJT6Q, STM32U5A5VJT6, STM32U5A5VJT6Q, STM32U5A5ZJT6, STM32U5A5ZJT6Q, STM32U5A5ZJY6QTR, STM32U5A9BJY6QTR, STM32U5A9J-DK, STM32U5A9NJH6Q, STM32U5A9VJT6Q, STM32U5A9ZJT6Q, STM32U5A9ZJY6QTR, STM32U5F7VIT6, STM32U5F7VIT6Q, STM32U5F7VJT6, STM32U5F7VJT6Q, STM32U5F9BJY6QTR, STM32U5F9NJH6Q, STM32U5F9VIT6Q, STM32U5F9VJT6Q, STM32U5F9ZIJ6QTR, STM32U5F9ZIT6Q, STM32U5F9ZJJ6QTR, STM32U5F9ZJT6Q, STM32U5G7VJT6, STM32U5G7VJT6Q, STM32U5G9BJY6QTR, STM32U5G9J-DK1, STM32U5G9J-DK2, STM32U5G9NJH6Q, STM32U5G9VJT6Q, STM32U5G9ZJJ6QTR, STM32U5G9ZJT6Q, STM32WB1MMCH6, STM32WBA50KEU6, STM32WBA50KEU6TR, STM32WBA50KGU6, STM32WBA50KGU6TR, STM32WBA52CEU6, STM32WBA52CEU6TR, STM32WBA52CEU7, STM32WBA52CEU7TR, STM32WBA52CGU6, STM32WBA52CGU6TR, STM32WBA52CGU6U, STM32WBA52CGU7, STM32WBA52CGU7TR, STM32WBA52KEU6, STM32WBA52KEU6TR, STM32WBA52KGU6, STM32WBA52KGU6TR, STM32WBA54CEU6, STM32WBA54CEU6TR, STM32WBA54CEU7, STM32WBA54CEU7TR, STM32WBA54CGU6, STM32WBA54CGU6TR, STM32WBA54CGU7, STM32WBA54CGU7TR, STM32WBA54KEU6, STM32WBA54KEU6TR, STM32WBA54KEU7, STM32WBA54KEU7TR, STM32WBA54KGU6, STM32WBA54KGU6TR, STM32WBA54KGU7, STM32WBA54KGU7TR, STM32WBA55CEU6, STM32WBA55CEU6TR, STM32WBA55CEU7, STM32WBA55CEU7TR, STM32WBA55CGU6, STM32WBA55CGU6TR, STM32WBA55CGU6U, STM32WBA55CGU7, STM32WBA55CGU7TR, STM32WBA55G-DK1, STM32WBA55HEF6, STM32WBA55HEF7, STM32WBA55HGF6, STM32WBA55HGF7, STM32WBA55UEI6, STM32WBA55UEI6TR, STM32WBA55UEI7, STM32WBA55UEI7TR, STM32WBA55UGI6, STM32WBA55UGI6TR, STM32WBA55UGI7, STM32WBA55UGI7TR, STM32WL5MOCH6, STM32WL5MOCH6TR]
2024-07-05 22:19:48,270 [INFO] BoardInfo:889 - No configuration file found for board P-NUCLEO-WB55
2024-07-05 22:19:48,271 [INFO] DbBoards:161 - Kit is not supported: P-NUCLEO-WB55
2024-07-05 22:19:48,274 [INFO] BoardInfo:889 - No configuration file found for board STEVAL-BFA001V1B
2024-07-05 22:19:48,274 [INFO] DbBoards:161 - Kit is not supported: STEVAL-BFA001V1B
2024-07-05 22:19:48,276 [INFO] BoardInfo:889 - No configuration file found for board STEVAL-BFA001V2B
2024-07-05 22:19:48,276 [INFO] DbBoards:161 - Kit is not supported: STEVAL-BFA001V2B
2024-07-05 22:19:48,383 [INFO] DbBoards:168 - Found 195 boards, 192 are supported
2024-07-05 22:19:48,383 [INFO] DbBoards:169 - Found 195 boards, 8 of them is supported for  Bsp
2024-07-05 22:19:48,386 [INFO] ApiDb:423 - Load user favorites file C:\Users\ASUS/.stm32cubeide/favorites.boards.txt: 0 item(s)
2024-07-05 22:19:48,386 [INFO] ApiDb:427 - User favorites Boards=[]
2024-07-05 22:19:48,387 [INFO] DbBoards:198 - Set 0 / 0 favorites Boards
2024-07-05 22:19:48,389 [INFO] ApiDb:668 - CubeFinder database Data Model version=2.1
2024-07-05 22:19:48,389 [INFO] ApiDb:669 - CubeFinder database Configuration version=3.0.39
2024-07-05 22:19:48,390 [INFO] ApiDb:670 - CubeFinder database generation date=2024-06-20 (1718880634)
2024-07-05 22:19:48,390 [INFO] ApiDb:671 - CubeFinder database FW Pack versions=[FP-ATR-ASTRA1_V2.0.0, FP-SNS-FLIGHT1_V5.0.2, FP-SNS-MOTENV1_V5.0.0, FP-SNS-MOTENVWB1_V1.4.0, FP-SNS-SMARTAG2_V1.2.0, STM32Cube_FW_C0_V1.2.0, STM32Cube_FW_F4_V1.28.0, STM32Cube_FW_F7_V1.17.2, STM32Cube_FW_G0_V1.6.2, STM32Cube_FW_G4_V1.6.0, STM32Cube_FW_H5_V1.3.0, STM32Cube_FW_H7RS_V1.1.0, STM32Cube_FW_H7_V1.11.2, STM32Cube_FW_L0_V1.12.2, STM32Cube_FW_L5_V1.5.1, STM32Cube_FW_U0_V1.1.0, STM32Cube_FW_U5_V1.6.0, STM32Cube_FW_WB0_V1.0.0, STM32Cube_FW_WBA_V1.4.0, STM32Cube_FW_WB_V1.20.0, STM32Cube_FW_WL_V1.3.0, X-CUBE-ALGOBUILD_V1.4.0, X-CUBE-ALS_V1.0.2, X-CUBE-AZRTOS-F4_V1.1.0, X-CUBE-AZRTOS-F7_V1.1.0, X-CUBE-AZRTOS-G0_V1.1.0, X-CUBE-AZRTOS-G4_V2.0.0, X-CUBE-AZRTOS-H7RS_V1.0.0, X-CUBE-AZRTOS-H7_V3.2.0, X-CUBE-AZRTOS-L4_V2.0.0, X-CUBE-AZRTOS-L5_V1.1.0, X-CUBE-AZRTOS-WB_V2.0.0, X-CUBE-AZRTOS-WL_V2.0.0, X-CUBE-BLE1_V7.0.0, X-CUBE-BLE2_V3.3.0, X-CUBE-BLEMGR_V3.1.0, X-CUBE-EEPRMA1_V5.1.0, X-CUBE-FREERTOS_V1.2.0, X-CUBE-GNSS1_V6.0.0, X-CUBE-MEMS1_V10.0.0, X-CUBE-NFC4_V3.0.0, X-CUBE-NFC7_V1.0.1, X-CUBE-SFXS2LP1_V4.0.0, X-CUBE-SUBG2_V5.0.0, X-CUBE-TOF1_V3.4.1]
2024-07-05 22:19:48,878 [ERROR] DbExamplesSqlite:437 - Missing JSON key: board_cpn
2024-07-05 22:19:48,878 [ERROR] DbExamplesSqlite:437 - Missing JSON key: board_cpn
2024-07-05 22:19:48,879 [ERROR] DbExamplesSqlite:437 - Missing JSON key: board_cpn
2024-07-05 22:19:48,879 [ERROR] DbExamplesSqlite:437 - Missing JSON key: board_cpn
2024-07-05 22:19:48,996 [INFO] DbExamplesSqlite:395 - Ignored 28 examples not supported by CubeIDE
2024-07-05 22:19:48,996 [INFO] DbExamplesSqlite:396 - Found 8590 examples active
2024-07-05 22:19:48,996 [INFO] DbExamplesSqlite:397 - Found 0 examples obsolete
2024-07-05 22:19:48,996 [INFO] DbExamplesSqlite:398 - Found 0 examples under development
2024-07-05 22:19:48,997 [INFO] DbExamplesSqlite:399 - Found 10 examples not building
2024-07-05 22:19:48,999 [INFO] DbExamples:125 - Found 8572 examples
2024-07-05 22:19:49,068 [ERROR] DbExamples:208 - Found 308 examples with invalid data (board or MCU)
2024-07-05 22:19:49,068 [INFO] DbExamples:222 - Found 102 boards with related examples
2024-07-05 22:19:49,069 [INFO] DbExamples:235 - Found 86 MCUs with related examples
2024-07-05 22:19:49,092 [INFO] ApiDb:414 - User favorites file not found: C:\Users\ASUS/.stm32cubeide/favorites.examples.txt
2024-07-05 22:19:49,093 [INFO] DbExamples:250 - Set 0 / 0 favorites Examples
2024-07-05 22:19:49,274 [INFO] McuFinderGlobals:76 - Set McuFinderConnectedMode to true
2024-07-05 22:19:49,281 [INFO] MultiScanPanel:200 - Auto-refresh data requested => check proxy status ongoing
2024-07-05 22:19:49,284 [INFO] FinderPluginLoader:95 - Searching for filters in installed packs
2024-07-05 22:19:50,514 [INFO] LoadUrlFilesThread:185 - End of LoadServerUrlFiles without Thread
2024-07-05 22:19:50,530 [INFO] DetailPanel:341 - Set advertising image to C:/Users/ASUS/STM32Cube/Repository/\en.prom-stm32h7rs-mcu-finder.jpg
2024-07-05 22:20:45,852 [INFO] MainUpdater:2873 - connection check result : 10
2024-07-05 22:20:45,852 [INFO] MainUpdater:2873 - connection check result : 10
2024-07-05 22:20:45,871 [INFO] MicroXplorer:468 - Change Database Path : 
2024-07-05 22:20:45,871 [INFO] MicroXplorer:498 - Change Database Version : DB.6.0.111
2024-07-05 22:20:45,874 [WARN] ThirdParty:871 - waiting for thirdparty lock release [close project]
2024-07-05 22:20:45,874 [INFO] ThirdParty:873 - entering critical section [close project]
2024-07-05 22:20:45,874 [INFO] ThirdParty:883 - exiting critical section [close project]
2024-07-05 22:20:45,875 [INFO] PinOutPanel:1561 - setPackage(No Configuration,No Configuration)
2024-07-05 22:20:45,891 [INFO] UtilMem:75 - Begin LoadConfig() Used Memory: 444868912 Bytes (699400192)
2024-07-05 22:20:45,892 [INFO] MicroXplorer:468 - Change Database Path : 
2024-07-05 22:20:45,892 [INFO] MicroXplorer:498 - Change Database Version : DB.6.0.111
2024-07-05 22:20:45,892 [INFO] OpenFileManager:312 - Change cursor
2024-07-05 22:20:45,928 [INFO] Mcu:2021 - Initializing MCU STM32F030F4Px STM32F030F4Px STM32F030F4P6
2024-07-05 22:20:46,645 [INFO] Context:663 - Trying to add GPIOservice into a context  which must be forbidden
2024-07-05 22:20:46,811 [INFO] ImportTextPane:194 - (OptionalMessage_ERROR) Unable to find key (Mcu.ThirdPartyNb) in loaded IOC file
2024-07-05 22:20:46,811 [INFO] ImportTextPane:194 - (OptionalMessage_ERROR) Unable to find key (Mcu.PinsNb) in loaded IOC file
2024-07-05 22:20:46,811 [INFO] ImportTextPane:194 - (OptionalMessage_ERROR) Unable to find key (Mcu.IPNb) in loaded IOC file
2024-07-05 22:20:46,890 [INFO] RtosManager:555 - Registered RTOS mode: class=CMSIS, group=RTOS, mode=CMSIS_V1, owner=FREERTOS
2024-07-05 22:20:46,891 [INFO] RtosManager:555 - Registered RTOS mode: class=CMSIS, group=RTOS2, mode=CMSIS_V2, owner=FREERTOS
2024-07-05 22:20:46,891 [INFO] RtosManager:555 - Registered RTOS mode: class=RTOS, group=Core, mode=CMSIS_V1, owner=FREERTOS
2024-07-05 22:20:46,891 [INFO] RtosManager:555 - Registered RTOS mode: class=RTOS, group=Core, mode=CMSIS_V2, owner=FREERTOS
2024-07-05 22:20:46,891 [WARN] ModelIntegratedComponent:184 - Missing modes for component STMicroelectronics:FreeRTOS:0.0.1:STMicroelectronics:RTOS:FreeRTOS:Core:::10.2.0:
2024-07-05 22:20:46,902 [WARN] ModelIntegratedComponent:63 - No mode defined for component null
2024-07-05 22:20:46,902 [WARN] ModelIntegratedComponent:63 - No mode defined for component null
2024-07-05 22:20:46,902 [WARN] ModelIntegratedComponent:63 - No mode defined for component null
2024-07-05 22:20:46,902 [WARN] ModelIntegratedComponent:63 - No mode defined for component null
2024-07-05 22:20:46,902 [WARN] ModelIntegratedComponent:63 - No mode defined for component null
2024-07-05 22:20:46,902 [WARN] ModelIntegratedComponent:63 - No mode defined for component null
2024-07-05 22:20:46,902 [WARN] ModelIntegratedComponent:63 - No mode defined for component null
2024-07-05 22:20:46,902 [WARN] ModelIntegratedComponent:63 - No mode defined for component null
2024-07-05 22:20:46,903 [WARN] ModelIntegratedComponent:63 - No mode defined for component null
2024-07-05 22:20:46,903 [WARN] ModelIntegratedComponent:63 - No mode defined for component null
2024-07-05 22:20:46,903 [WARN] ModelIntegratedComponent:63 - No mode defined for component null
2024-07-05 22:20:46,903 [WARN] ModelIntegratedComponent:63 - No mode defined for component null
2024-07-05 22:20:46,903 [WARN] ModelIntegratedComponent:63 - No mode defined for component null
2024-07-05 22:20:46,903 [WARN] ModelIntegratedComponent:63 - No mode defined for component null
2024-07-05 22:20:46,903 [WARN] ModelIntegratedComponent:63 - No mode defined for component null
2024-07-05 22:20:46,903 [WARN] ModelIntegratedComponent:63 - No mode defined for component null
2024-07-05 22:20:46,903 [WARN] ModelIntegratedComponent:63 - No mode defined for component null
2024-07-05 22:20:46,903 [WARN] ModelIntegratedComponent:63 - No mode defined for component null
2024-07-05 22:20:46,903 [WARN] ModelIntegratedComponent:63 - No mode defined for component null
2024-07-05 22:20:46,903 [WARN] ModelIntegratedComponent:63 - No mode defined for component null
2024-07-05 22:20:46,903 [WARN] ModelIntegratedComponent:63 - No mode defined for component null
2024-07-05 22:20:46,903 [WARN] ModelIntegratedComponent:63 - No mode defined for component null
2024-07-05 22:20:46,903 [WARN] ModelIntegratedComponent:63 - No mode defined for component null
2024-07-05 22:20:46,903 [WARN] ModelIntegratedComponent:63 - No mode defined for component null
2024-07-05 22:20:46,903 [WARN] ModelIntegratedComponent:63 - No mode defined for component null
2024-07-05 22:20:46,903 [WARN] ModelIntegratedComponent:63 - No mode defined for component null
2024-07-05 22:20:46,903 [WARN] ModelIntegratedComponent:63 - No mode defined for component null
2024-07-05 22:20:46,903 [WARN] ModelIntegratedComponent:63 - No mode defined for component null
2024-07-05 22:20:46,903 [WARN] ModelIntegratedComponent:63 - No mode defined for component null
2024-07-05 22:20:46,903 [WARN] ModelIntegratedComponent:63 - No mode defined for component null
2024-07-05 22:20:46,903 [WARN] ModelIntegratedComponent:63 - No mode defined for component null
2024-07-05 22:20:46,903 [WARN] ModelIntegratedComponent:63 - No mode defined for component null
2024-07-05 22:20:46,903 [WARN] ModelIntegratedComponent:63 - No mode defined for component null
2024-07-05 22:20:46,903 [WARN] ModelIntegratedComponent:63 - No mode defined for component null
2024-07-05 22:20:47,010 [INFO] ThirdPartyModel:298 - Start build external matchings
2024-07-05 22:20:47,237 [INFO] ThirdPartyModel:316 - End build external matchings
2024-07-05 22:20:47,377 [INFO] UtilMem:75 - End LoadConfig() Used Memory: 659520400 Bytes (812646400)
2024-07-05 22:20:47,409 [WARN] ThirdParty:833 - waiting for thirdparty lock release [change project]
2024-07-05 22:20:47,409 [INFO] ThirdParty:835 - entering critical section [change project]
2024-07-05 22:20:47,409 [INFO] ThirdParty:1030 - CMSIS Pack Vendor :STMicroelectronics USBPD 4.1
2024-07-05 22:20:47,409 [INFO] ThirdParty:1030 - CMSIS Pack Vendor :STMicroelectronics X-CUBE-GNSS1 6.0.0
2024-07-05 22:20:47,409 [INFO] ThirdParty:1030 - CMSIS Pack Vendor :STMicroelectronics USB_HOST 2.0.0
2024-07-05 22:20:47,409 [INFO] ThirdParty:1030 - CMSIS Pack Vendor :STMicroelectronics FP-SNS-MOTENVWB1 1.4.0
2024-07-05 22:20:47,409 [INFO] ThirdParty:1030 - CMSIS Pack Vendor :STMicroelectronics X-CUBE-AZRTOS-F4 1.1.0
2024-07-05 22:20:47,409 [INFO] ThirdParty:1030 - CMSIS Pack Vendor :STMicroelectronics LIBJPEG 8.0.0
2024-07-05 22:20:47,409 [INFO] ThirdParty:1030 - CMSIS Pack Vendor :STMicroelectronics X-CUBE-SMBUS 2.1.0
2024-07-05 22:20:47,409 [INFO] ThirdParty:1030 - CMSIS Pack Vendor :STMicroelectronics USB_DEVICE 3.0.0
2024-07-05 22:20:47,409 [INFO] ThirdParty:1030 - CMSIS Pack Vendor :STMicroelectronics X-CUBE-TCPP 4.1.0
2024-07-05 22:20:47,409 [INFO] ThirdParty:1030 - CMSIS Pack Vendor :STMicroelectronics X-CUBE-FREERTOS 1.2.0
2024-07-05 22:20:47,409 [INFO] ThirdParty:1030 - CMSIS Pack Vendor :STMicroelectronics X-CUBE-AZRTOS-WB 2.0.0
2024-07-05 22:20:47,409 [INFO] ThirdParty:1030 - CMSIS Pack Vendor :STMicroelectronics X-CUBE-TOUCHGFX 4.23.2
2024-07-05 22:20:47,409 [INFO] ThirdParty:1030 - CMSIS Pack Vendor :STMicroelectronics X-CUBE-AZRTOS-F7 1.1.0
2024-07-05 22:20:47,409 [INFO] ThirdParty:1030 - CMSIS Pack Vendor :STMicroelectronics X-CUBE-AZRTOS-L5 2.0.0
2024-07-05 22:20:47,409 [INFO] ThirdParty:1030 - CMSIS Pack Vendor :STMicroelectronics USB_DEVICE 2.0.0
2024-07-05 22:20:47,409 [INFO] ThirdParty:1030 - CMSIS Pack Vendor :STMicroelectronics X-CUBE-NFC6 3.1.0
2024-07-05 22:20:47,409 [INFO] ThirdParty:1030 - CMSIS Pack Vendor :STMicroelectronics X-CUBE-ALGOBUILD 1.3.0
2024-07-05 22:20:47,409 [INFO] ThirdParty:1030 - CMSIS Pack Vendor :STMicroelectronics FreeRTOS 0.0.1
2024-07-05 22:20:47,409 [INFO] ThirdParty:1030 - CMSIS Pack Vendor :STMicroelectronics X-CUBE-AZRTOS-G0 1.1.0
2024-07-05 22:20:47,409 [INFO] ThirdParty:1030 - CMSIS Pack Vendor :STMicroelectronics X-CUBE-SAFEA1 1.2.2
2024-07-05 22:20:47,409 [INFO] ThirdParty:1030 - CMSIS Pack Vendor :STMicroelectronics X-CUBE-NFC4 3.0.0
2024-07-05 22:20:47,409 [INFO] ThirdParty:1030 - CMSIS Pack Vendor :STMicroelectronics X-CUBE-DPower 1.2.0
2024-07-05 22:20:47,409 [INFO] ThirdParty:1030 - CMSIS Pack Vendor :STMicroelectronics X-CUBE-SUBG2 5.0.0
2024-07-05 22:20:47,409 [INFO] ThirdParty:1030 - CMSIS Pack Vendor :STMicroelectronics STM32_WPAN 1.0.0
2024-07-05 22:20:47,409 [INFO] ThirdParty:1030 - CMSIS Pack Vendor :wolfSSL I-CUBE-wolfMQTT 1.18.0
2024-07-05 22:20:47,409 [INFO] ThirdParty:1030 - CMSIS Pack Vendor :STMicroelectronics lwIP 2.0.3
2024-07-05 22:20:47,409 [INFO] ThirdParty:1030 - CMSIS Pack Vendor :STMicroelectronics FP-SNS-FLIGHT1 5.0.2
2024-07-05 22:20:47,409 [INFO] ThirdParty:1030 - CMSIS Pack Vendor :STMicroelectronics USB_HOST 1.0.0
2024-07-05 22:20:47,409 [INFO] ThirdParty:1030 - CMSIS Pack Vendor :STMicroelectronics X-CUBE-AI 9.0.0
2024-07-05 22:20:47,409 [INFO] ThirdParty:1030 - CMSIS Pack Vendor :STMicroelectronics X-CUBE-AZRTOS-G4 2.0.0
2024-07-05 22:20:47,409 [INFO] ThirdParty:1030 - CMSIS Pack Vendor :STMicroelectronics PDM2PCM 3.1.0
2024-07-05 22:20:47,411 [INFO] ThirdParty:1030 - CMSIS Pack Vendor :STMicroelectronics PDM2PCM 3.3.0
2024-07-05 22:20:47,411 [INFO] ThirdParty:1030 - CMSIS Pack Vendor :STMicroelectronics X-CUBE-DISPLAY 3.0.0
2024-07-05 22:20:47,411 [INFO] ThirdParty:1030 - CMSIS Pack Vendor :wolfSSL I-CUBE-wolfSSL 5.7.0
2024-07-05 22:20:47,411 [INFO] ThirdParty:1030 - CMSIS Pack Vendor :STMicroelectronics FP-SNS-MOTENVWB1 1.3.1
2024-07-05 22:20:47,411 [INFO] ThirdParty:1030 - CMSIS Pack Vendor :STMicroelectronics X-CUBE-BLE1 7.0.0
2024-07-05 22:20:47,411 [INFO] ThirdParty:1030 - CMSIS Pack Vendor :STMicroelectronics FP-ATR-SIGFOX1 3.2.0
2024-07-05 22:20:47,411 [INFO] ThirdParty:1030 - CMSIS Pack Vendor :STMicroelectronics X-CUBE-ISPU 2.0.0
2024-07-05 22:20:47,411 [INFO] ThirdParty:1030 - CMSIS Pack Vendor :STMicroelectronics X-CUBE-EEPRMA1 5.1.0
2024-07-05 22:20:47,411 [INFO] ThirdParty:1030 - CMSIS Pack Vendor :STMicroelectronics HAL Drivers 0.0.0
2024-07-05 22:20:47,411 [INFO] ThirdParty:1030 - CMSIS Pack Vendor :STMicroelectronics MBEDTLS 2.16.2
2024-07-05 22:20:47,411 [INFO] ThirdParty:1030 - CMSIS Pack Vendor :STMicroelectronics X-CUBE-ALS 1.0.2
2024-07-05 22:20:47,411 [INFO] ThirdParty:1030 - CMSIS Pack Vendor :emotas I-CUBE-CANOPEN 1.3.0
2024-07-05 22:20:47,411 [INFO] ThirdParty:1030 - CMSIS Pack Vendor :STMicroelectronics X-CUBE-MEMS1 10.0.0
2024-07-05 22:20:47,411 [INFO] ThirdParty:1030 - CMSIS Pack Vendor :STMicroelectronics X-CUBE-FREERTOS 1.1.0
2024-07-05 22:20:47,411 [INFO] ThirdParty:1030 - CMSIS Pack Vendor :STMicroelectronics X-CUBE-NFC7 1.0.1
2024-07-05 22:20:47,411 [INFO] ThirdParty:1030 - CMSIS Pack Vendor :STMicroelectronics MBEDTLS 2.14.1
2024-07-05 22:20:47,411 [INFO] ThirdParty:1030 - CMSIS Pack Vendor :STMicroelectronics X-CUBE-TOUCHGFX 4.24.0
2024-07-05 22:20:47,411 [INFO] ThirdParty:1030 - CMSIS Pack Vendor :ITTIA_DB I-CUBE-ITTIADB 8.9.0
2024-07-05 22:20:47,411 [INFO] ThirdParty:1030 - CMSIS Pack Vendor :portGmbH I-Cube-SoM-uGOAL 1.1.0
2024-07-05 22:20:47,411 [INFO] ThirdParty:1030 - CMSIS Pack Vendor :STMicroelectronics X-CUBE-ALS 1.0.1
2024-07-05 22:20:47,411 [INFO] ThirdParty:1030 - CMSIS Pack Vendor :STMicroelectronics X-CUBE-BLEMGR 3.1.0
2024-07-05 22:20:47,411 [INFO] ThirdParty:1030 - CMSIS Pack Vendor :STMicroelectronics ThreadX 1.0.0
2024-07-05 22:20:47,411 [INFO] ThirdParty:1030 - CMSIS Pack Vendor :STMicroelectronics FP-SNS-SMARTAG2 1.2.0
2024-07-05 22:20:47,411 [INFO] ThirdParty:1030 - CMSIS Pack Vendor :STMicroelectronics X-CUBE-AZRTOS-WL 2.0.0
2024-07-05 22:20:47,411 [INFO] ThirdParty:1030 - CMSIS Pack Vendor :SEGGER I-CUBE-embOS 1.3.1
2024-07-05 22:20:47,411 [INFO] ThirdParty:1030 - CMSIS Pack Vendor :STMicroelectronics X-CUBE-ALGOBUILD 1.4.0
2024-07-05 22:20:47,411 [INFO] ThirdParty:1030 - CMSIS Pack Vendor :STMicroelectronics FP-SNS-MOTENV1 5.0.0
2024-07-05 22:20:47,411 [INFO] ThirdParty:1030 - CMSIS Pack Vendor :STMicroelectronics USB_DEVICE 1.0.0
2024-07-05 22:20:47,411 [INFO] ThirdParty:1030 - CMSIS Pack Vendor :STMicroelectronics X-CUBE-AI 8.1.0
2024-07-05 22:20:47,411 [INFO] ThirdParty:1030 - CMSIS Pack Vendor :STMicroelectronics X-CUBE-AZRTOS-H7RS 1.0.0
2024-07-05 22:20:47,411 [INFO] ThirdParty:1030 - CMSIS Pack Vendor :wolfSSL I-CUBE-wolfMQTT 1.19.0
2024-07-05 22:20:47,411 [INFO] ThirdParty:1030 - CMSIS Pack Vendor :STMicroelectronics X-CUBE-AZRTOS-L4 2.0.0
2024-07-05 22:20:47,411 [INFO] ThirdParty:1030 - CMSIS Pack Vendor :STMicroelectronics ThreadX 0.0.2
2024-07-05 22:20:47,411 [INFO] ThirdParty:1030 - CMSIS Pack Vendor :WES I-CUBE-Cesium 1.3.0
2024-07-05 22:20:47,411 [INFO] ThirdParty:1030 - CMSIS Pack Vendor :STMicroelectronics FP-ATR-ASTRA1 2.0.0
2024-07-05 22:20:47,411 [INFO] ThirdParty:1030 - CMSIS Pack Vendor :STMicroelectronics lwIP 2.1.2
2024-07-05 22:20:47,411 [INFO] ThirdParty:1030 - CMSIS Pack Vendor :STMicroelectronics X-CUBE-SFXS2LP1 4.0.0
2024-07-05 22:20:47,411 [INFO] ThirdParty:1030 - CMSIS Pack Vendor :STMicroelectronics X-CUBE-BLE2 3.3.0
2024-07-05 22:20:47,411 [INFO] ThirdParty:1030 - CMSIS Pack Vendor :STMicroelectronics X-CUBE-TOF1 3.4.1
2024-07-05 22:20:47,411 [INFO] ThirdParty:1030 - CMSIS Pack Vendor :STMicroelectronics X-CUBE-AZRTOS-H7 3.2.0
2024-07-05 22:20:47,411 [INFO] ThirdParty:1030 - CMSIS Pack Vendor :Infineon AIROC-Wi-Fi-Bluetooth-STM32 1.6.0
2024-07-05 22:20:47,411 [INFO] ThirdParty:1030 - CMSIS Pack Vendor :STMicroelectronics PDM2PCM 3.2.0
2024-07-05 22:20:47,412 [INFO] ThirdParty:841 - exiting critical section [change project]
2024-07-05 22:20:47,568 [INFO] PinOutPanel:1561 - setPackage(No Configuration,No Configuration)
2024-07-05 22:20:47,569 [INFO] PinOutPanel:1561 - setPackage(STM32F030F4Px,TSSOP20)
2024-07-05 22:20:48,180 [INFO] UtilMem:75 - Before build in PCC Used Memory: 494897608 Bytes (812646400)
2024-07-05 22:20:49,073 [INFO] UtilMem:75 - After build in PCC Used Memory: 553626432 Bytes (812646400)
2024-07-05 22:20:49,096 [INFO] IPUIPlugin:80 - create IPUIPlugin
2024-07-05 22:20:49,096 [INFO] IPUIPlugin:80 - create IPUIPlugin
2024-07-05 22:20:49,096 [INFO] IPUIPlugin:80 - create IPUIPlugin
2024-07-05 22:20:49,096 [INFO] IPUIPlugin:80 - create IPUIPlugin
2024-07-05 22:20:49,096 [INFO] IPUIPlugin:80 - create IPUIPlugin
2024-07-05 22:20:49,096 [INFO] IPUIPlugin:80 - create IPUIPlugin
2024-07-05 22:20:49,096 [INFO] IPUIPlugin:80 - create IPUIPlugin
2024-07-05 22:20:49,096 [INFO] IPUIPlugin:80 - create IPUIPlugin
2024-07-05 22:20:49,096 [INFO] IPUIPlugin:80 - create IPUIPlugin
2024-07-05 22:20:49,097 [INFO] IPUIPlugin:80 - create IPUIPlugin
2024-07-05 22:20:49,097 [INFO] IPUIPlugin:80 - create IPUIPlugin
2024-07-05 22:20:49,097 [INFO] IPUIPlugin:80 - create IPUIPlugin
2024-07-05 22:20:49,097 [INFO] IPUIPlugin:80 - create IPUIPlugin
2024-07-05 22:20:49,097 [INFO] IPUIPlugin:80 - create IPUIPlugin
2024-07-05 22:20:49,097 [INFO] IPUIPlugin:80 - create IPUIPlugin
2024-07-05 22:20:49,097 [INFO] IPUIPlugin:80 - create IPUIPlugin
2024-07-05 22:20:49,097 [INFO] IPUIPlugin:80 - create IPUIPlugin
2024-07-05 22:20:49,097 [INFO] IPUIPlugin:80 - create IPUIPlugin
2024-07-05 22:20:49,097 [INFO] IPUIPlugin:80 - create IPUIPlugin
2024-07-05 22:20:49,098 [INFO] IPUIPlugin:80 - create IPUIPlugin
2024-07-05 22:20:49,098 [INFO] IPUIPlugin:80 - create IPUIPlugin
2024-07-05 22:20:49,434 [INFO] CADModel:165 - CPN selected for project levelSTM32F030F4P6
2024-07-05 22:20:49,434 [INFO] CADModel:114 - Register for checkConnection events
2024-07-05 22:20:49,486 [INFO] OpenFileManager:343 - Restore cursor
2024-07-05 22:20:50,280 [INFO] UtilMem:75 - End SaveConfig() Used Memory: 633949168 Bytes (812646400)
2024-07-05 22:20:50,387 [INFO] UtilMem:75 - End SaveConfig() Used Memory: 643844608 Bytes (812646400)
2024-07-05 22:20:51,131 [INFO] BlockDiagram:2759 - set Specific Code input for plugin: NVIC
2024-07-05 22:20:51,132 [INFO] BlockDiagram:2759 - set Specific Code input for plugin: RCC
2024-07-05 22:20:51,135 [INFO] CodeGenerator:807 - code generatio: config db path: C:\ST\STM32CubeIDE_1.15.1\STM32CubeIDE\plugins\com.st.stm32cube.common.mx_6.11.1.202404110753\\db\
2024-07-05 22:20:51,313 [INFO] CodeEngine:255 - oldGeneratedFile, D:\CHARGE_BATTERY\Firmware\STM32\Control_LLC\MXTmpFiles\license.tmp_save
2024-07-05 22:20:52,023 [INFO] CodeEngine:279 - Generated code: D:\CHARGE_BATTERY\Firmware\STM32\Control_LLC\MXTmpFiles\license.tmp
2024-07-05 22:20:52,047 [INFO] CodeEngine:255 - oldGeneratedFile, D:\CHARGE_BATTERY\Firmware\STM32\Control_LLC\Core\Src\stm32f0xx_it.c_save
2024-07-05 22:20:52,464 [INFO] CodeEngine:279 - Generated code: D:\CHARGE_BATTERY\Firmware\STM32\Control_LLC\Core\Src\stm32f0xx_it.c
2024-07-05 22:20:52,469 [INFO] CodeEngine:255 - oldGeneratedFile, D:\CHARGE_BATTERY\Firmware\STM32\Control_LLC\Core\Inc\stm32f0xx_it.h_save
2024-07-05 22:20:52,606 [INFO] CodeEngine:279 - Generated code: D:\CHARGE_BATTERY\Firmware\STM32\Control_LLC\Core\Inc\stm32f0xx_it.h
2024-07-05 22:20:53,079 [INFO] CodeEngine:255 - oldGeneratedFile, D:\CHARGE_BATTERY\Firmware\STM32\Control_LLC\Core\Src\stm32f0xx_hal_msp.c_save
2024-07-05 22:20:53,316 [INFO] CodeEngine:279 - Generated code: D:\CHARGE_BATTERY\Firmware\STM32\Control_LLC\Core\Src\stm32f0xx_hal_msp.c
2024-07-05 22:20:53,323 [INFO] CodeEngine:255 - oldGeneratedFile, D:\CHARGE_BATTERY\Firmware\STM32\Control_LLC\MXTmpFiles\system.tmp_save
2024-07-05 22:20:53,473 [INFO] CodeEngine:279 - Generated code: D:\CHARGE_BATTERY\Firmware\STM32\Control_LLC\MXTmpFiles\system.tmp
2024-07-05 22:20:53,492 [INFO] CodeEngine:311 - oldGeneratedFile, D:\CHARGE_BATTERY\Firmware\STM32\Control_LLC\Core\Inc\stm32f0xx_hal_conf.h_save
2024-07-05 22:20:53,686 [INFO] CodeEngine:335 - Generated code: D:\CHARGE_BATTERY\Firmware\STM32\Control_LLC\Core\Inc\stm32f0xx_hal_conf.h
2024-07-05 22:20:53,755 [INFO] CodeEngine:255 - oldGeneratedFile, D:\CHARGE_BATTERY\Firmware\STM32\Control_LLC\Core\Inc\main.h_save
2024-07-05 22:20:54,032 [INFO] CodeEngine:279 - Generated code: D:\CHARGE_BATTERY\Firmware\STM32\Control_LLC\Core\Inc\main.h
2024-07-05 22:20:54,044 [INFO] CodeEngine:255 - oldGeneratedFile, D:\CHARGE_BATTERY\Firmware\STM32\Control_LLC\Core\Src\main.c_save
2024-07-05 22:20:54,282 [INFO] CodeEngine:279 - Generated code: D:\CHARGE_BATTERY\Firmware\STM32\Control_LLC\Core\Src\main.c
2024-07-05 22:20:54,565 [INFO] ProjectBuilder:3163 - Time for Copy HAL[1] : 121mS.
2024-07-05 22:20:54,580 [INFO] ProjectBuilder:4736 - Project Generator version: 4.3.0-B58
2024-07-05 22:20:54,706 [INFO] ConfigFileManager:1503 - The Die is : DIE444
2024-07-05 22:20:54,747 [INFO] ApiDbMcu:508 - Load IP Config File for FATFS
2024-07-05 22:20:54,757 [INFO] ApiDbMcu:508 - Load IP Config File for FREERTOS
2024-07-05 22:20:55,350 [INFO] LogOutputStream:77 - [STDOUT_REDIRECT] 
2024-07-05 22:20:58,667 [INFO] ProjectBuilder:5002 - Time for Generating toolchain IDE Files: 4087mS.
2024-07-05 22:20:58,669 [INFO] ProjectBuilder:3034 - Time for Copy CMSIS : 1mS.
2024-07-05 22:20:58,670 [INFO] ProjectBuilder:3034 - Time for Copy CMSIS : 0mS.
2024-07-05 22:21:00,691 [INFO] McuFinderGlobals:76 - Set McuFinderConnectedMode to true
2024-07-05 22:21:00,707 [INFO] ApiDb:448 - Save user favorites file C:\Users\ASUS/.stm32cubeide/favorites.mcus.txt: 0 item(s)
2024-07-05 22:21:00,708 [INFO] ApiDb:452 - User favorites MCUs=[]
2024-07-05 22:22:05,669 [INFO] NvicIntPanel:101 - NVIC parent = com.st.microxplorer.plugins.ip.nvic.MultiNvicIntPanel[,0,0,0x0,invalid,layout=javax.swing.BoxLayout,alignmentX=0.0,alignmentY=0.0,border=,flags=9,maximumSize=,minimumSize=,preferredSize=]
2024-07-05 22:22:09,757 [INFO] NvicIntPanel:101 - NVIC parent = com.st.microxplorer.plugins.ip.nvic.MultiNvicIntPanel[,0,0,0x0,invalid,layout=javax.swing.BoxLayout,alignmentX=0.0,alignmentY=0.0,border=,flags=9,maximumSize=,minimumSize=,preferredSize=]
2024-07-05 22:23:30,450 [INFO] UtilMem:75 - End SaveConfig() Used Memory: 889382592 Bytes (1073741824)
2024-07-05 22:23:33,251 [INFO] UtilMem:75 - End SaveConfig() Used Memory: 906390032 Bytes (1073741824)
2024-07-05 22:23:36,887 [INFO] UtilMem:75 - End SaveConfig() Used Memory: 679406056 Bytes (1073741824)
2024-07-05 22:23:37,459 [INFO] BlockDiagram:2759 - set Specific Code input for plugin: ADC
2024-07-05 22:23:37,460 [INFO] BlockDiagram:2759 - set Specific Code input for plugin: NVIC
2024-07-05 22:23:37,460 [INFO] BlockDiagram:2759 - set Specific Code input for plugin: SYS
2024-07-05 22:23:37,460 [INFO] BlockDiagram:2759 - set Specific Code input for plugin: GPIO
2024-07-05 22:23:37,460 [INFO] BlockDiagram:2759 - set Specific Code input for plugin: USART
2024-07-05 22:23:37,460 [INFO] BlockDiagram:2759 - set Specific Code input for plugin: RCC
2024-07-05 22:23:37,460 [INFO] BlockDiagram:2759 - set Specific Code input for plugin: TIM1_8F0
2024-07-05 22:23:37,461 [INFO] CodeGenerator:807 - code generatio: config db path: C:\ST\STM32CubeIDE_1.15.1\STM32CubeIDE\plugins\com.st.stm32cube.common.mx_6.11.1.202404110753\\db\
2024-07-05 22:23:37,512 [INFO] CodeEngine:255 - oldGeneratedFile, D:\CHARGE_BATTERY\Firmware\STM32\Control_LLC\MXTmpFiles\license.tmp_save
2024-07-05 22:23:37,626 [INFO] CodeEngine:279 - Generated code: D:\CHARGE_BATTERY\Firmware\STM32\Control_LLC\MXTmpFiles\license.tmp
2024-07-05 22:23:37,694 [INFO] CodeEngine:255 - oldGeneratedFile, D:\CHARGE_BATTERY\Firmware\STM32\Control_LLC\MXTmpFiles\gpio.tmp_save
2024-07-05 22:23:37,789 [INFO] CodeEngine:279 - Generated code: D:\CHARGE_BATTERY\Firmware\STM32\Control_LLC\MXTmpFiles\gpio.tmp
2024-07-05 22:23:38,051 [INFO] CodeEngine:255 - oldGeneratedFile, D:\CHARGE_BATTERY\Firmware\STM32\Control_LLC\Core\Src\stm32f0xx_it.c_save
2024-07-05 22:23:38,271 [INFO] CodeEngine:279 - Generated code: D:\CHARGE_BATTERY\Firmware\STM32\Control_LLC\Core\Src\stm32f0xx_it.c
2024-07-05 22:23:38,292 [INFO] CodeEngine:255 - oldGeneratedFile, D:\CHARGE_BATTERY\Firmware\STM32\Control_LLC\Core\Inc\stm32f0xx_it.h_save
2024-07-05 22:23:38,371 [INFO] CodeEngine:279 - Generated code: D:\CHARGE_BATTERY\Firmware\STM32\Control_LLC\Core\Inc\stm32f0xx_it.h
2024-07-05 22:23:38,406 [INFO] CodeEngine:255 - oldGeneratedFile, D:\CHARGE_BATTERY\Firmware\STM32\Control_LLC\Core\Src\stm32f0xx_hal_msp.c_save
2024-07-05 22:23:38,776 [INFO] CodeEngine:279 - Generated code: D:\CHARGE_BATTERY\Firmware\STM32\Control_LLC\Core\Src\stm32f0xx_hal_msp.c
2024-07-05 22:23:38,781 [INFO] CodeEngine:255 - oldGeneratedFile, D:\CHARGE_BATTERY\Firmware\STM32\Control_LLC\MXTmpFiles\system.tmp_save
2024-07-05 22:23:38,842 [INFO] CodeEngine:279 - Generated code: D:\CHARGE_BATTERY\Firmware\STM32\Control_LLC\MXTmpFiles\system.tmp
2024-07-05 22:23:38,845 [INFO] CodeEngine:255 - oldGeneratedFile, D:\CHARGE_BATTERY\Firmware\STM32\Control_LLC\Core\Inc\stm32_assert.h_save
2024-07-05 22:23:38,924 [INFO] CodeEngine:279 - Generated code: D:\CHARGE_BATTERY\Firmware\STM32\Control_LLC\Core\Inc\stm32_assert.h
2024-07-05 22:23:38,943 [INFO] CodeEngine:311 - oldGeneratedFile, D:\CHARGE_BATTERY\Firmware\STM32\Control_LLC\Core\Inc\stm32f0xx_hal_conf.h_save
2024-07-05 22:23:39,085 [INFO] CodeEngine:335 - Generated code: D:\CHARGE_BATTERY\Firmware\STM32\Control_LLC\Core\Inc\stm32f0xx_hal_conf.h
2024-07-05 22:23:39,139 [WARN] IPConfigManager:2982 - Warning: the RefConfig RCC_LSEDRIVE_CONFIG is not available in your config.xml file
2024-07-05 22:23:39,141 [WARN] IPConfigManager:2982 - Warning: the RefConfig RCC_ClockConfig is not available in your config.xml file
2024-07-05 22:23:39,141 [WARN] IPConfigManager:2982 - Warning: the RefConfig RCC_MCOConfig is not available in your config.xml file
2024-07-05 22:23:39,141 [WARN] IPConfigManager:2982 - Warning: the RefConfig RCC_SYSTICK_CONFIG is not available in your config.xml file
2024-07-05 22:23:39,146 [WARN] IPConfigManager:3513 - IP not found : TIM
2024-07-05 22:23:39,146 [WARN] CodeGenerator:3951 - IP not found : null
2024-07-05 22:23:39,165 [INFO] CodeEngine:255 - oldGeneratedFile, D:\CHARGE_BATTERY\Firmware\STM32\Control_LLC\Core\Inc\main.h_save
2024-07-05 22:23:39,318 [INFO] CodeEngine:279 - Generated code: D:\CHARGE_BATTERY\Firmware\STM32\Control_LLC\Core\Inc\main.h
2024-07-05 22:23:39,341 [INFO] CodeEngine:255 - oldGeneratedFile, D:\CHARGE_BATTERY\Firmware\STM32\Control_LLC\Core\Src\main.c_save
2024-07-05 22:23:39,494 [INFO] CodeEngine:279 - Generated code: D:\CHARGE_BATTERY\Firmware\STM32\Control_LLC\Core\Src\main.c
2024-07-05 22:23:39,741 [INFO] ProjectBuilder:3163 - Time for Copy HAL[1] : 107mS.
2024-07-05 22:23:39,743 [INFO] ProjectBuilder:4736 - Project Generator version: 4.3.0-B58
2024-07-05 22:23:39,788 [INFO] ConfigFileManager:1503 - The Die is : DIE444
2024-07-05 22:23:40,752 [INFO] ProjectBuilder:5002 - Time for Generating toolchain IDE Files: 1009mS.
2024-07-05 22:23:40,752 [INFO] ProjectBuilder:3034 - Time for Copy CMSIS : 0mS.
2024-07-05 22:23:40,753 [INFO] ProjectBuilder:3034 - Time for Copy CMSIS : 0mS.
2024-07-05 22:26:01,758 [INFO] UtilMem:75 - End SaveConfig() Used Memory: 685679408 Bytes (1073741824)
2024-07-05 22:26:01,878 [INFO] UtilMem:75 - End SaveConfig() Used Memory: 650170288 Bytes (1073741824)
2024-07-05 22:26:02,400 [INFO] UtilMem:75 - End SaveConfig() Used Memory: 677121936 Bytes (1073741824)
2024-07-05 22:26:02,694 [INFO] BlockDiagram:2759 - set Specific Code input for plugin: ADC
2024-07-05 22:26:02,695 [INFO] BlockDiagram:2759 - set Specific Code input for plugin: NVIC
2024-07-05 22:26:02,695 [INFO] BlockDiagram:2759 - set Specific Code input for plugin: SYS
2024-07-05 22:26:02,697 [INFO] BlockDiagram:2759 - set Specific Code input for plugin: GPIO
2024-07-05 22:26:02,697 [INFO] BlockDiagram:2759 - set Specific Code input for plugin: USART
2024-07-05 22:26:02,697 [INFO] BlockDiagram:2759 - set Specific Code input for plugin: RCC
2024-07-05 22:26:02,697 [INFO] BlockDiagram:2759 - set Specific Code input for plugin: TIM1_8F0
2024-07-05 22:26:02,699 [INFO] CodeGenerator:807 - code generatio: config db path: C:\ST\STM32CubeIDE_1.15.1\STM32CubeIDE\plugins\com.st.stm32cube.common.mx_6.11.1.202404110753\\db\
2024-07-05 22:26:02,745 [INFO] CodeEngine:255 - oldGeneratedFile, D:\CHARGE_BATTERY\Firmware\STM32\Control_LLC\MXTmpFiles\license.tmp_save
2024-07-05 22:26:02,843 [INFO] CodeEngine:279 - Generated code: D:\CHARGE_BATTERY\Firmware\STM32\Control_LLC\MXTmpFiles\license.tmp
2024-07-05 22:26:02,863 [INFO] CodeEngine:255 - oldGeneratedFile, D:\CHARGE_BATTERY\Firmware\STM32\Control_LLC\MXTmpFiles\gpio.tmp_save
2024-07-05 22:26:02,972 [INFO] CodeEngine:279 - Generated code: D:\CHARGE_BATTERY\Firmware\STM32\Control_LLC\MXTmpFiles\gpio.tmp
2024-07-05 22:26:03,074 [INFO] CodeEngine:255 - oldGeneratedFile, D:\CHARGE_BATTERY\Firmware\STM32\Control_LLC\Core\Src\stm32f0xx_it.c_save
2024-07-05 22:26:03,151 [INFO] CodeEngine:279 - Generated code: D:\CHARGE_BATTERY\Firmware\STM32\Control_LLC\Core\Src\stm32f0xx_it.c
2024-07-05 22:26:03,157 [INFO] CodeEngine:255 - oldGeneratedFile, D:\CHARGE_BATTERY\Firmware\STM32\Control_LLC\Core\Inc\stm32f0xx_it.h_save
2024-07-05 22:26:03,196 [INFO] CodeEngine:279 - Generated code: D:\CHARGE_BATTERY\Firmware\STM32\Control_LLC\Core\Inc\stm32f0xx_it.h
2024-07-05 22:26:03,217 [INFO] CodeEngine:255 - oldGeneratedFile, D:\CHARGE_BATTERY\Firmware\STM32\Control_LLC\Core\Src\stm32f0xx_hal_msp.c_save
2024-07-05 22:26:03,294 [INFO] CodeEngine:279 - Generated code: D:\CHARGE_BATTERY\Firmware\STM32\Control_LLC\Core\Src\stm32f0xx_hal_msp.c
2024-07-05 22:26:03,297 [INFO] CodeEngine:255 - oldGeneratedFile, D:\CHARGE_BATTERY\Firmware\STM32\Control_LLC\MXTmpFiles\system.tmp_save
2024-07-05 22:26:03,348 [INFO] CodeEngine:279 - Generated code: D:\CHARGE_BATTERY\Firmware\STM32\Control_LLC\MXTmpFiles\system.tmp
2024-07-05 22:26:03,355 [INFO] CodeEngine:255 - oldGeneratedFile, D:\CHARGE_BATTERY\Firmware\STM32\Control_LLC\Core\Inc\stm32_assert.h_save
2024-07-05 22:26:03,407 [INFO] CodeEngine:279 - Generated code: D:\CHARGE_BATTERY\Firmware\STM32\Control_LLC\Core\Inc\stm32_assert.h
2024-07-05 22:26:03,431 [INFO] CodeEngine:311 - oldGeneratedFile, D:\CHARGE_BATTERY\Firmware\STM32\Control_LLC\Core\Inc\stm32f0xx_hal_conf.h_save
2024-07-05 22:26:03,544 [INFO] CodeEngine:335 - Generated code: D:\CHARGE_BATTERY\Firmware\STM32\Control_LLC\Core\Inc\stm32f0xx_hal_conf.h
2024-07-05 22:26:03,567 [WARN] IPConfigManager:2982 - Warning: the RefConfig RCC_LSEDRIVE_CONFIG is not available in your config.xml file
2024-07-05 22:26:03,570 [WARN] IPConfigManager:2982 - Warning: the RefConfig RCC_ClockConfig is not available in your config.xml file
2024-07-05 22:26:03,570 [WARN] IPConfigManager:2982 - Warning: the RefConfig RCC_MCOConfig is not available in your config.xml file
2024-07-05 22:26:03,570 [WARN] IPConfigManager:2982 - Warning: the RefConfig RCC_SYSTICK_CONFIG is not available in your config.xml file
2024-07-05 22:26:03,574 [WARN] IPConfigManager:3513 - IP not found : TIM
2024-07-05 22:26:03,574 [WARN] CodeGenerator:3951 - IP not found : null
2024-07-05 22:26:03,597 [INFO] CodeEngine:255 - oldGeneratedFile, D:\CHARGE_BATTERY\Firmware\STM32\Control_LLC\Core\Inc\main.h_save
2024-07-05 22:26:03,684 [INFO] CodeEngine:279 - Generated code: D:\CHARGE_BATTERY\Firmware\STM32\Control_LLC\Core\Inc\main.h
2024-07-05 22:26:03,704 [INFO] CodeEngine:255 - oldGeneratedFile, D:\CHARGE_BATTERY\Firmware\STM32\Control_LLC\Core\Src\main.c_save
2024-07-05 22:26:03,808 [INFO] CodeEngine:279 - Generated code: D:\CHARGE_BATTERY\Firmware\STM32\Control_LLC\Core\Src\main.c
2024-07-05 22:26:04,003 [INFO] ProjectBuilder:3163 - Time for Copy HAL[1] : 71mS.
2024-07-05 22:26:04,005 [INFO] ProjectBuilder:4736 - Project Generator version: 4.3.0-B58
2024-07-05 22:26:04,046 [INFO] ConfigFileManager:1503 - The Die is : DIE444
2024-07-05 22:26:04,868 [INFO] ProjectBuilder:5002 - Time for Generating toolchain IDE Files: 863mS.
2024-07-05 22:26:04,870 [INFO] ProjectBuilder:3034 - Time for Copy CMSIS : 0mS.
2024-07-05 22:26:04,870 [INFO] ProjectBuilder:3034 - Time for Copy CMSIS : 0mS.
2024-07-05 22:26:11,451 [INFO] UtilMem:75 - End SaveConfig() Used Memory: 861823336 Bytes (1073741824)
2024-07-05 22:26:11,777 [INFO] UtilMem:75 - End SaveConfig() Used Memory: 647469792 Bytes (1073741824)
2024-07-05 22:26:12,274 [INFO] UtilMem:75 - End SaveConfig() Used Memory: 675122088 Bytes (1073741824)
2024-07-05 22:26:12,437 [INFO] BlockDiagram:2759 - set Specific Code input for plugin: ADC
2024-07-05 22:26:12,437 [INFO] BlockDiagram:2759 - set Specific Code input for plugin: NVIC
2024-07-05 22:26:12,437 [INFO] BlockDiagram:2759 - set Specific Code input for plugin: SYS
2024-07-05 22:26:12,439 [INFO] BlockDiagram:2759 - set Specific Code input for plugin: GPIO
2024-07-05 22:26:12,439 [INFO] BlockDiagram:2759 - set Specific Code input for plugin: USART
2024-07-05 22:26:12,439 [INFO] BlockDiagram:2759 - set Specific Code input for plugin: RCC
2024-07-05 22:26:12,440 [INFO] BlockDiagram:2759 - set Specific Code input for plugin: TIM1_8F0
2024-07-05 22:26:12,441 [INFO] CodeGenerator:807 - code generatio: config db path: C:\ST\STM32CubeIDE_1.15.1\STM32CubeIDE\plugins\com.st.stm32cube.common.mx_6.11.1.202404110753\\db\
2024-07-05 22:26:12,480 [INFO] CodeEngine:255 - oldGeneratedFile, D:\CHARGE_BATTERY\Firmware\STM32\Control_LLC\MXTmpFiles\license.tmp_save
2024-07-05 22:26:12,592 [INFO] CodeEngine:279 - Generated code: D:\CHARGE_BATTERY\Firmware\STM32\Control_LLC\MXTmpFiles\license.tmp
2024-07-05 22:26:12,622 [INFO] CodeEngine:255 - oldGeneratedFile, D:\CHARGE_BATTERY\Firmware\STM32\Control_LLC\MXTmpFiles\gpio.tmp_save
2024-07-05 22:26:12,714 [INFO] CodeEngine:279 - Generated code: D:\CHARGE_BATTERY\Firmware\STM32\Control_LLC\MXTmpFiles\gpio.tmp
2024-07-05 22:26:12,884 [INFO] CodeEngine:255 - oldGeneratedFile, D:\CHARGE_BATTERY\Firmware\STM32\Control_LLC\Core\Src\stm32f0xx_it.c_save
2024-07-05 22:26:13,010 [INFO] CodeEngine:279 - Generated code: D:\CHARGE_BATTERY\Firmware\STM32\Control_LLC\Core\Src\stm32f0xx_it.c
2024-07-05 22:26:13,014 [INFO] CodeEngine:255 - oldGeneratedFile, D:\CHARGE_BATTERY\Firmware\STM32\Control_LLC\Core\Inc\stm32f0xx_it.h_save
2024-07-05 22:26:13,057 [INFO] CodeEngine:279 - Generated code: D:\CHARGE_BATTERY\Firmware\STM32\Control_LLC\Core\Inc\stm32f0xx_it.h
2024-07-05 22:26:13,062 [INFO] CodeEngine:255 - oldGeneratedFile, D:\CHARGE_BATTERY\Firmware\STM32\Control_LLC\MXTmpFiles\system.tmp_save
2024-07-05 22:26:13,165 [INFO] CodeEngine:279 - Generated code: D:\CHARGE_BATTERY\Firmware\STM32\Control_LLC\MXTmpFiles\system.tmp
2024-07-05 22:26:13,173 [INFO] CodeEngine:255 - oldGeneratedFile, D:\CHARGE_BATTERY\Firmware\STM32\Control_LLC\Core\Inc\stm32_assert.h_save
2024-07-05 22:26:13,222 [INFO] CodeEngine:279 - Generated code: D:\CHARGE_BATTERY\Firmware\STM32\Control_LLC\Core\Inc\stm32_assert.h
2024-07-05 22:26:13,224 [WARN] IPConfigManager:2982 - Warning: the RefConfig RCC_LSEDRIVE_CONFIG is not available in your config.xml file
2024-07-05 22:26:13,225 [WARN] IPConfigManager:2982 - Warning: the RefConfig RCC_ClockConfig is not available in your config.xml file
2024-07-05 22:26:13,225 [WARN] IPConfigManager:2982 - Warning: the RefConfig RCC_MCOConfig is not available in your config.xml file
2024-07-05 22:26:13,225 [WARN] IPConfigManager:2982 - Warning: the RefConfig RCC_SYSTICK_CONFIG is not available in your config.xml file
2024-07-05 22:26:13,226 [WARN] IPConfigManager:3513 - IP not found : TIM
2024-07-05 22:26:13,226 [WARN] CodeGenerator:3951 - IP not found : null
2024-07-05 22:26:13,243 [INFO] CodeEngine:255 - oldGeneratedFile, D:\CHARGE_BATTERY\Firmware\STM32\Control_LLC\Core\Inc\main.h_save
2024-07-05 22:26:13,353 [INFO] CodeEngine:279 - Generated code: D:\CHARGE_BATTERY\Firmware\STM32\Control_LLC\Core\Inc\main.h
2024-07-05 22:26:13,377 [INFO] CodeEngine:255 - oldGeneratedFile, D:\CHARGE_BATTERY\Firmware\STM32\Control_LLC\Core\Src\main.c_save
2024-07-05 22:26:13,495 [INFO] CodeEngine:279 - Generated code: D:\CHARGE_BATTERY\Firmware\STM32\Control_LLC\Core\Src\main.c
2024-07-05 22:26:13,755 [INFO] ProjectBuilder:3163 - Time for Copy HAL[1] : 109mS.
2024-07-05 22:26:13,756 [INFO] ProjectBuilder:4736 - Project Generator version: 4.3.0-B58
2024-07-05 22:26:13,796 [INFO] ConfigFileManager:1503 - The Die is : DIE444
2024-07-05 22:26:14,742 [INFO] ProjectBuilder:5002 - Time for Generating toolchain IDE Files: 985mS.
2024-07-05 22:26:14,742 [INFO] ProjectBuilder:3034 - Time for Copy CMSIS : 0mS.
2024-07-05 22:26:14,742 [INFO] ProjectBuilder:3034 - Time for Copy CMSIS : 0mS.
2024-07-05 22:28:28,753 [INFO] Gpio:277 - dependency for GPIO [ADC, RCC, SYS, TIM1, USART1]
2024-07-05 22:28:56,216 [INFO] Gpio:277 - dependency for GPIO [ADC, RCC, SYS, TIM1, USART1]
2024-07-05 22:29:02,968 [INFO] Gpio:277 - dependency for GPIO [ADC, RCC, SYS, TIM1, USART1]
2024-07-05 22:29:16,587 [INFO] UtilMem:75 - End SaveConfig() Used Memory: 677745232 Bytes (1073741824)
2024-07-05 22:29:16,733 [INFO] UtilMem:75 - End SaveConfig() Used Memory: 636708080 Bytes (1073741824)
2024-07-05 22:29:17,298 [INFO] UtilMem:75 - End SaveConfig() Used Memory: 663680704 Bytes (1073741824)
2024-07-05 22:29:17,660 [INFO] BlockDiagram:2759 - set Specific Code input for plugin: ADC
2024-07-05 22:29:17,660 [INFO] BlockDiagram:2759 - set Specific Code input for plugin: NVIC
2024-07-05 22:29:17,660 [INFO] BlockDiagram:2759 - set Specific Code input for plugin: SYS
2024-07-05 22:29:17,660 [INFO] BlockDiagram:2759 - set Specific Code input for plugin: GPIO
2024-07-05 22:29:17,660 [INFO] BlockDiagram:2759 - set Specific Code input for plugin: USART
2024-07-05 22:29:17,660 [INFO] BlockDiagram:2759 - set Specific Code input for plugin: RCC
2024-07-05 22:29:17,660 [INFO] BlockDiagram:2759 - set Specific Code input for plugin: TIM1_8F0
2024-07-05 22:29:17,660 [INFO] CodeGenerator:807 - code generatio: config db path: C:\ST\STM32CubeIDE_1.15.1\STM32CubeIDE\plugins\com.st.stm32cube.common.mx_6.11.1.202404110753\\db\
2024-07-05 22:29:17,697 [INFO] CodeEngine:255 - oldGeneratedFile, D:\CHARGE_BATTERY\Firmware\STM32\Control_LLC\MXTmpFiles\license.tmp_save
2024-07-05 22:29:17,787 [INFO] CodeEngine:279 - Generated code: D:\CHARGE_BATTERY\Firmware\STM32\Control_LLC\MXTmpFiles\license.tmp
2024-07-05 22:29:17,817 [INFO] CodeEngine:255 - oldGeneratedFile, D:\CHARGE_BATTERY\Firmware\STM32\Control_LLC\MXTmpFiles\gpio.tmp_save
2024-07-05 22:29:17,913 [INFO] CodeEngine:279 - Generated code: D:\CHARGE_BATTERY\Firmware\STM32\Control_LLC\MXTmpFiles\gpio.tmp
2024-07-05 22:29:18,028 [INFO] CodeEngine:255 - oldGeneratedFile, D:\CHARGE_BATTERY\Firmware\STM32\Control_LLC\Core\Src\stm32f0xx_it.c_save
2024-07-05 22:29:18,161 [INFO] CodeEngine:279 - Generated code: D:\CHARGE_BATTERY\Firmware\STM32\Control_LLC\Core\Src\stm32f0xx_it.c
2024-07-05 22:29:18,180 [INFO] CodeEngine:255 - oldGeneratedFile, D:\CHARGE_BATTERY\Firmware\STM32\Control_LLC\Core\Inc\stm32f0xx_it.h_save
2024-07-05 22:29:18,257 [INFO] CodeEngine:279 - Generated code: D:\CHARGE_BATTERY\Firmware\STM32\Control_LLC\Core\Inc\stm32f0xx_it.h
2024-07-05 22:29:18,265 [INFO] CodeEngine:255 - oldGeneratedFile, D:\CHARGE_BATTERY\Firmware\STM32\Control_LLC\MXTmpFiles\system.tmp_save
2024-07-05 22:29:18,343 [INFO] CodeEngine:279 - Generated code: D:\CHARGE_BATTERY\Firmware\STM32\Control_LLC\MXTmpFiles\system.tmp
2024-07-05 22:29:18,347 [INFO] CodeEngine:255 - oldGeneratedFile, D:\CHARGE_BATTERY\Firmware\STM32\Control_LLC\Core\Inc\stm32_assert.h_save
2024-07-05 22:29:18,385 [INFO] CodeEngine:279 - Generated code: D:\CHARGE_BATTERY\Firmware\STM32\Control_LLC\Core\Inc\stm32_assert.h
2024-07-05 22:29:18,388 [WARN] IPConfigManager:2982 - Warning: the RefConfig RCC_LSEDRIVE_CONFIG is not available in your config.xml file
2024-07-05 22:29:18,390 [WARN] IPConfigManager:2982 - Warning: the RefConfig RCC_ClockConfig is not available in your config.xml file
2024-07-05 22:29:18,390 [WARN] IPConfigManager:2982 - Warning: the RefConfig RCC_MCOConfig is not available in your config.xml file
2024-07-05 22:29:18,390 [WARN] IPConfigManager:2982 - Warning: the RefConfig RCC_SYSTICK_CONFIG is not available in your config.xml file
2024-07-05 22:29:18,392 [WARN] IPConfigManager:3513 - IP not found : TIM
2024-07-05 22:29:18,392 [WARN] CodeGenerator:3951 - IP not found : null
2024-07-05 22:29:18,410 [INFO] CodeEngine:255 - oldGeneratedFile, D:\CHARGE_BATTERY\Firmware\STM32\Control_LLC\Core\Inc\main.h_save
2024-07-05 22:29:18,484 [INFO] CodeEngine:279 - Generated code: D:\CHARGE_BATTERY\Firmware\STM32\Control_LLC\Core\Inc\main.h
2024-07-05 22:29:18,502 [INFO] CodeEngine:255 - oldGeneratedFile, D:\CHARGE_BATTERY\Firmware\STM32\Control_LLC\Core\Src\main.c_save
2024-07-05 22:29:18,635 [INFO] CodeEngine:279 - Generated code: D:\CHARGE_BATTERY\Firmware\STM32\Control_LLC\Core\Src\main.c
2024-07-05 22:29:18,787 [INFO] ProjectBuilder:3163 - Time for Copy HAL[1] : 53mS.
2024-07-05 22:29:18,790 [INFO] ProjectBuilder:4736 - Project Generator version: 4.3.0-B58
2024-07-05 22:29:18,846 [INFO] ConfigFileManager:1503 - The Die is : DIE444
2024-07-05 22:29:19,460 [INFO] ProjectBuilder:5002 - Time for Generating toolchain IDE Files: 670mS.
2024-07-05 22:29:19,461 [INFO] ProjectBuilder:3034 - Time for Copy CMSIS : 0mS.
2024-07-05 22:29:19,462 [INFO] ProjectBuilder:3034 - Time for Copy CMSIS : 0mS.
2024-07-05 22:34:12,422 [ERROR] LogOutputStream:75 - [STDERR_REDIRECT] 
2024-07-05 22:34:12,424 [ERROR] LogOutputStream:75 - [STDERR_REDIRECT] 
