22:28:03 **** Incremental Build of configuration Debug for project Control_LLC ****
make -j22 all 
arm-none-eabi-gcc "../App/Control/control_power.c" -mcpu=cortex-m3 -std=gnu11 -g3 -DDEBUG -DSTM32F103xB -DUSE_FULL_LL_DRIVER -DHSE_VALUE=8000000 -DHSE_STARTUP_TIMEOUT=100 -DLSE_STARTUP_TIMEOUT=5000 -DLSE_VALUE=32768 -DHSI_VALUE=8000000 -DLSI_VALUE=40000 -DVDD_VALUE=3300 -DPREFETCH_ENABLE=1 -c -I../Core/Inc -I../Drivers/STM32F1xx_HAL_Driver/Inc -I../Drivers/CMSIS/Device/ST/STM32F1xx/Include -I../Drivers/CMSIS/Include -I"D:/CHARGE_BATTERY/Firmware/STM32/Control_LLC/BSP/UART" -I"D:/CHARGE_BATTERY/Firmware/STM32/Control_LLC/BSP/ADC" -I"D:/CHARGE_BATTERY/Firmware/STM32/Control_LLC/BSP/PWM" -I"D:/CHARGE_BATTERY/Firmware/STM32/Control_LLC/Middleware/PI_Control" -I"D:/CHARGE_BATTERY/Firmware/STM32/Control_LLC/App/Control" -I"D:/CHARGE_BATTERY/Firmware/STM32/Control_LLC/App/LED" -I"D:/CHARGE_BATTERY/Firmware/STM32/Control_LLC/Scheduler" -I"D:/CHARGE_BATTERY/Firmware/STM32/Control_LLC/App/CMDLine/Include" -I"D:/CHARGE_BATTERY/Firmware/STM32/Control_LLC/BSP/SysTick" -I"D:/CHARGE_BATTERY/Firmware/STM32/Control_LLC/App/Common/Include" -I"D:/CHARGE_BATTERY/Firmware/STM32/Control_LLC/Middleware/Frequency_convert_pulse" -I"D:/CHARGE_BATTERY/Firmware/STM32/Control_LLC/BSP/I2C" -I"D:/CHARGE_BATTERY/Firmware/STM32/Control_LLC/Devices/ADS1115" -I"D:/CHARGE_BATTERY/Firmware/STM32/Control_LLC/BSP" -I"D:/CHARGE_BATTERY/Firmware/STM32/Control_LLC/Devices" -I"D:/CHARGE_BATTERY/Firmware/STM32/Control_LLC/Middleware/Voltage_convert_frequency" -O0 -ffunction-sections -fdata-sections -Wall -fstack-usage -fcyclomatic-complexity -MMD -MP -MF"App/Control/control_power.d" -MT"App/Control/control_power.o" --specs=nano.specs -mfloat-abi=soft -mthumb -o "App/Control/control_power.o"
../App/Control/control_power.c: In function 'CONTROL_ConvertVoltageOutput':
../App/Control/control_power.c:172:10: warning: 'temp_voltage' is used uninitialized [-Wuninitialized]
  172 |   return temp_voltage;
      |          ^~~~~~~~~~~~
../App/Control/control_power.c:168:9: note: 'temp_voltage' was declared here
  168 |   float temp_voltage;
      |         ^~~~~~~~~~~~
arm-none-eabi-gcc -o "Control_LLC.elf" @"objects.list"   -mcpu=cortex-m3 -T"D:\CHARGE_BATTERY\Firmware\STM32\Control_LLC\STM32F103C8TX_FLASH.ld" --specs=nosys.specs -Wl,-Map="Control_LLC.map" -Wl,--gc-sections -static --specs=nano.specs -mfloat-abi=soft -mthumb -Wl,--start-group -lc -lm -Wl,--end-group
Finished building target: Control_LLC.elf
 
arm-none-eabi-size  Control_LLC.elf 
arm-none-eabi-objdump -h -S Control_LLC.elf  > "Control_LLC.list"
   text	   data	    bss	    dec	    hex	filename
  23336	    236	   2772	  26344	   66e8	Control_LLC.elf
arm-none-eabi-objcopy  -O ihex Control_LLC.elf  "Control_LLC.hex"
Finished building: default.size.stdout
 
Finished building: Control_LLC.hex
 
Finished building: Control_LLC.list
 

22:28:04 Build Finished. 0 errors, 1 warnings. (took 874ms)

